index.html:96 3probe
index.html:96 40
index.html:96 42["init",{"pnid":"a2280175",
"t":1560497981255}]
index.html:96 42["r",["c2",
"r2",[{"type":"reset"},{"type":"m",
"l":2,
"matchid":30843611,
"csstatus":"0",
"livehomescore":1,
"liveawayscore":1,
"isht":false,
"showlivescore":true,
"isfulltime":false,
"gamestatus":0,
"bestofmap":1,
"isstartingsoon":true,
"movebo3down":false,
"showtimedt":1560492000,
"offerlive":true,
"showintoday":false,
"goalteam":"a",
"leagueid":74356,
"marketid":"T",
"matchcode":"4950 NO 1X2",
"kickofftime":1560491940,
"eventstatus":"running",
"showtime":"<font color=red>LIVE</font> 02:00PM",
"globalshowtime":1560492000,
"haslive":0,
"homeid":13317,
"hteamnamech":"墨西哥 U16",
"hteamnamecn":"墨西哥 U16",
"hteamnameen":"Mexico U16",
"hteamnamejp":"メキシコU16",
"hteamnameko":"멕시코U16",
"hteamnameth":"เม็กซิโก U16",
"hteamnamesc2":"墨西哥 U16",
"awayid":13403,
"ateamnamech":"羅馬尼亞 U16",
"ateamnamecn":"罗马尼亚 U16",
"ateamnameen":"Romania U16",
"ateamnamejp":"ルーマニア U16",
"ateamnameko":"루마니아 U16",
"ateamnameth":"โรมาเนีย U16",
"ateamnamees":"",
"ateamnameel":"",
"ateamnamesc2":"罗马尼亚 U16",
"ateamnamemmr":"",
"ateamnamevn":"",
"sporttype":1,
"liveperiod":2,
"livetimer":1560495786,
"pauseperiod":0,
"isneutral":0,
"ldisplaymode":0,
"homered":0,
"awayred":0,
"injurytime":0,
"timersuspend":0,
"ismainmarket":1,
"showinallmarket":false,
"leagueputinmaincat":0,
"leaguedisplaycat":0,
"istest":0,
"delaylive":0,
"isminiodds":false,
"mdisplaymode":0,
"leaguenamech":"國際夢想盃 (在日本)",
"leaguenamecn":"国际梦想杯 (在日本)",
"leaguenameen":"INTERNATIONAL DREAM CUP (IN JAPAN)",
"leaguenamejp":"",
"leaguenameko":"",
"leaguenameth":"",
"leaguenamees":"",
"leaguenameel":"",
"leaguenamesc2":"国际梦想杯 (在日本)",
"leaguenamemmr":"",
"leaguenamevn":"",
"countrycode":"World",
"mc":0,
"mc_parlay":0,
"mc_special":3,
"mc_specialParlay":0,
"hascashout":0,
"hassuperlive":0,
"hasbetbuilder":0,
"livechart":0,
"gameinfo":0,
"gv":2},{"oddsid":201443687,
"matchid":30843611,
"more_main_tab":1,
"type":"o",
"bettype":1,
"parenttypeid":1,
"oddsstatus":"running",
"liveindicator":1,
"hdp1":0,
"hdp2":0,
"cs30":0,
"oddsspreada":0.24,
"maxbet":463,
"ocategory":0,
"exspread":0,
"odds1a":0.49,
"odds2a":-0.73},{"oddsid":201443689,
"matchid":30843611,
"more_main_tab":1,
"type":"o",
"bettype":1,
"parenttypeid":1,
"oddsstatus":"running",
"liveindicator":1,
"hdp1":0.25,
"hdp2":0,
"cs30":0,
"oddsspreada":0.24,
"maxbet":463,
"ocategory":0,
"exspread":0,
"odds1a":-0.61,
"odds2a":0.37},{"oddsid":201443685,
"matchid":30843611,
"more_main_tab":1,
"type":"o",
"bettype":3,
"parenttypeid":3,
"oddsstatus":"running",
"liveindicator":1,
"hdp1":2.5,
"hdp2":0,
"cs30":0,
"oddsspreada":0.24,
"maxbet":463,
"ocategory":0,
"exspread":0,
"odds1a":-0.62,
"odds2a":0.38},{"oddsid":201443683,
"matchid":30843611,
"more_main_tab":1,
"type":"o",
"bettype":5,
"parenttypeid":5,
"oddsstatus":"running",
"liveindicator":1,
"maxbet":419,
"ocategory":0,
"exspread":0,
"com1":3.85,
"comx":1.37,
"com2":6.3},{"type":"m",
"l":2,
"matchid":30843689,
"csstatus":"0",
"livehomescore":0,
"liveawayscore":0,
"isht":false,
"showlivescore":false,
"isfulltime":false,
"gamestatus":0,
"bestofmap":1,
"isstartingsoon":true,
"movebo3down":false,
"showtimedt":1560492000,
"offerlive":false,
"showintoday":false,
"goalteam":"",
"leagueid":74356,
"marketid":"T",
"matchcode":"4950PEN(H )",
"kickofftime":1560491940,
"eventstatus":"running",
"showtime":"06/14 02:00PM",
"globalshowtime":1560492000,
"haslive":0,
"homeid":591945,
"hteamnamech":"墨西哥 U16 (點球)",
"hteamnamecn":"墨西哥 U16 (点球)",
"hteamnameen":"Mexico U16 (PEN)",
"hteamnamejp":"",
"hteamnameko":"",
"hteamnameth":"เม็กซิโก U16 (จท)",
"hteamnamees":"",
"hteamnameel":"",
"hteamnamesc2":"墨西哥 U16 (点球)",
"hteamnamemmr":"",
"hteamnamevn":"",
"awayid":490169,
"ateamnamech":"羅馬尼亞 U16 (點球)",
"ateamnamecn":"罗马尼亚 U16 (点球)",
"ateamnameen":"Romania U16 (PEN)",
"ateamnamejp":"",
"ateamnameko":"",
"ateamnameth":"โรมาเนีย U16 (จท)",
"ateamnamees":"",
"ateamnameel":"",
"ateamnamesc2":"罗马尼亚 U16 (点球)",
"ateamnamemmr":"",
"ateamnamevn":"",
"sporttype":1,
"liveperiod":0,
"livetimer":1560491940,
"pauseperiod":0,
"isneutral":0,
"ldisplaymode":0,
"homered":0,
"awayred":0,
"injurytime":0,
"timersuspend":0,
"ismainmarket":1,
"showinallmarket":false,
"leagueputinmaincat":0,
"leaguedisplaycat":0,
"istest":0,
"delaylive":0,
"isminiodds":false,
"mdisplaymode":0,
"leaguenamech":"國際夢想盃 (在日本)",
"leaguenamecn":"国际梦想杯 (在日本)",
"leaguenameen":"INTERNATIONAL DREAM CUP (IN JAPAN)",
"leaguenamejp":"",
"leaguenameko":"",
"leaguenameth":"",
"leaguenamees":"",
"leaguenameel":"",
"leaguenamesc2":"国际梦想杯 (在日本)",
"leaguenamemmr":"",
"leaguenamevn":"",
"countrycode":"World",
"mc":0,
"mc_parlay":0,
"mc_special":1,
"mc_specialParlay":0,
"hascashout":0,
"hassuperlive":0,
"hasbetbuilder":0},{"oddsid":201444590,
"matchid":30843689,
"more_main_tab":1,
"type":"o",
"bettype":1,
"parenttypeid":1,
"oddsstatus":"running",
"liveindicator":1,
"hdp1":0,
"hdp2":0,
"cs30":0,
"oddsspreada":0.08,
"maxbet":463,
"ocategory":0,
"exspread":0,
"odds1a":0.77,
"odds2a":-0.85},{"type":"m",
"l":2,
"matchid":30843690,
"csstatus":"0",
"livehomescore":0,
"liveawayscore":0,
"isht":false,
"showlivescore":false,
"isfulltime":false,
"gamestatus":0,
"bestofmap":1,
"isstartingsoon":true,
"movebo3down":false,
"showtimedt":1560492000,
"offerlive":false,
"showintoday":false,
"goalteam":"",
"leagueid":74356,
"marketid":"T",
"matchcode":"4950PEN
index.html:96 42["p",["r2",[{"type":"o",
"oddsid":201444862,
"odds1a":0.7,
"odds2a":-0.94},{"type":"o",
"oddsid":201444858,
"com1":4.65,
"comx":2.15,
"com2":2.13}],
"177QO"]]
index.html:96 42["p",["r2",[{"type":"o",
"oddsid":201444590,
"odds1a":0.76,
"odds2a":-0.84}],
"177Tt"]]
index.html:96 42["p",["r2",[{"type":"o",
"oddsid":201443685,
"odds1a":-0.59,
"odds2a":0.35},{"type":"o",
"oddsid":201443683,
"com1":3.95,
"comx":1.35,
"com2":6.5}],
"177XW"]]
index.html:96 3
index.html:96 42["p",["r2",[{"type":"o",
"oddsid":201443683,
"com1":4,
"comx":1.34}],
"177f4"]]
index.html:96 42["p",["r2",[{"type":"o",
"oddsid":201444590,
"odds1a":0.75,
"odds2a":-0.83}],
"177jj"]]
index.html:96 42["p",["r2",[{"type":"o",
"oddsid":201444590,
"odds1a":0.74,
"odds2a":-0.82}],
"178EE"]]
index.html:96 42["p",["r2",[{"oddsid":201443690,
"matchid":30843611,
"more_main_tab":1,
"type":"o",
"bettype":3,
"parenttypeid":3,
"oddsstatus":"suspend",
"liveindicator":1,
"hdp1":2.75,
"hdp2":0,
"cs30":0,
"oddsspreada":0.24,
"maxbet":463,
"ocategory":0,
"exspread":0,
"odds1a":-0.39,
"odds2a":0.15}],
"178Hm"]]
index.html:96 3
index.html:96 42["p",["r2",[{"type":"o",
"oddsid":201443690,
"oddsstatus":"running"}],
"178K1"]]
index.html:96 42["p",["r2",[{"type":"o",
"oddsid":201443685,
"odds1a":-0.57,
"odds2a":0.33}],
"178NI"]]
index.html:96 42["p",["r2",[{"type":"o",
"oddsid":201443683,
"com1":4.1,
"comx":1.32,
"com2":6.7}],
"178P2"]]
index.html:96 42["p",["r2",[{"type":"o",
"oddsid":201448414,
"odds1a":-0.82,
"odds2a":0.58}],
"178dL"]]
index.html:96 42["p",["r2",[{"type":"o",
"oddsid":201443689,
"odds1a":-0.63,
"odds2a":0.39}],
"178iH"]]
index.html:96 42["p",["r2",[{"type":"o",
"oddsid":201443685,
"odds1a":-0.59,
"odds2a":0.35}],
"178ki"]]
index.html:96 42["p",["r2",[{"type":"o",
"oddsid":201443683,
"com1":4,
"comx":1.34,
"com2":6.5},{"type":"o",
"oddsid":201444869,
"odds1a":0.89,
"odds2a":0.89},{"type":"o",
"oddsid":201444865,
"com1":3.3,
"com2":1.89}],
"178nA"]]
index.html:96 3
index.html:96 42["p",["r2",[{"type":"o",
"oddsid":201443690,
"odds1a":-0.38,
"odds2a":0.14}],
"1791H"]]
index.html:96 42["p",["r2",[{"type":"o",
"oddsid":201444587,
"odds1a":-0.87,
"odds2a":0.77}],
"1797n"]]
index.html:96 42["p",["r2",[{"type":"o",
"oddsid":201444590,
"odds1a":0.73,
"odds2a":-0.81}],
"179B8"]]
index.html:96 42["p",["r2",[{"type":"o",
"oddsid":201443685,
"odds1a":-0.56,
"odds2a":0.32}],
"179CF"]]
index.html:96 42["p",["r2",[{"type":"o",
"oddsid":201443683,
"com1":4.1,
"comx":1.32,
"com2":6.7}],
"179FU"]]
index.html:96 3
index.html:96 42["p",["r2",[{"type":"o",
"oddsid":201443685,
"odds1a":-0.58,
"odds2a":0.34},{"type":"o",
"oddsid":201443683,
"com1":4.05,
"comx":1.33,
"com2":6.6},{"type":"o",
"oddsid":201444590,
"odds1a":0.72,
"odds2a":-0.8}],
"179Hj"]]
index.html:96 42["p",["r2",[{"type":"o",
"oddsid":201444587,
"odds1a":-0.86,
"odds2a":0.76},{"type":"o",
"oddsid":201443690,
"odds1a":-0.37,
"odds2a":0.13}],
"179X0"]]
index.html:96 42["p",["r2",[{"type":"o",
"oddsid":201443689,
"odds1a":-0.61,
"odds2a":0.37}],
"179c9"]]
index.html:96 42["p",["r2",[{"type":"o",
"oddsid":201443685,
"odds1a":-0.56,
"odds2a":0.32},{"type":"o",
"oddsid":201443690,
"odds1a":-0.35,
"odds2a":0.11},{"type":"o",
"oddsid":201443683,
"com1":4.1,
"comx":1.32,
"com2":6.7}],
"179gW"]]
index.html:96 3
index.html:96 42["p",["r2",[{"type":"o",
"oddsid":201444869,
"odds1a":0.91,
"odds2a":0.87},{"type":"o",
"oddsid":201443689,
"odds1a":-0.55,
"odds2a":0.31}],
"179nU"]]
index.html:96 42["p",["r2",[{"type":"o",
"oddsid":201444865,
"com1":3.35,
"com2":1.87}],
"179pV"]]
index.html:96 42["p",["r2",[{"type":"o",
"oddsid":201443687,
"odds1a":0.47,
"odds2a":-0.71},{"type":"o",
"oddsid":201443683,
"com1":4.05,
"com2":6.9}],
"179se"]]
index.html:96 42["p",["r2",[{"type":"o",
"oddsid":201443683,
"com1":4.1,
"comx":1.31,
"com2":7}],
"179wh"]]
index.html:96 42["p",["r2",[{"type":"o",
"oddsid":201444862,
"odds1a":0.72,
"odds2a":-0.96},{"type":"o",
"oddsid":201444858,
"comx":2.14,
"com2":2.14}],
"17A1O"]]
index.html:96 3
index.html:96 42["p",["r2",[{"type":"o",
"oddsid":201443685,
"odds1a":-0.53,
"odds2a":0.29},{"type":"o",
"oddsid":201443690,
"odds1a":-0.34,
"odds2a":0.1},{"type":"o",
"oddsid":201443683,
"com1":4.3,
"comx":1.28,
"com2":7.3}],
"17A2v"]]
index.html:96 42["p",["r2",[{"type":"o",
"oddsid":201444587,
"odds1a":-0.87,
"odds2a":0.77}],
"17ADY"]]
index.html:96 42["p",["r2",[{"type":"o",
"oddsid":201443687,
"odds1a":0.45,
"odds2a":-0.69},{"type":"o",
"oddsid":201443683,
"com1":4.25,
"com2":7.5}],
"17AFX"]]
index.html:96 42["p",["r2",[{"type":"o",
"oddsid":201444590,
"odds1a":0.71,
"odds2a":-0.79},{"type":"o",
"oddsid":201443687,
"odds1a":0.43,
"odds2a":-0.67}],
"17ALi"]]
index.html:96 42["p",["r2",[{"type":"o",
"oddsid":201443683,
"com1":4.2,
"com2":7.6},{"type":"o",
"oddsid":201443690,
"odds1a":-0.36,
"odds2a":0.12}],
"17APb"]]
index.html:96 3
index.html:96 42["p",["r2",[{"type":"o",
"oddsid":201443690,
"odds1a":-0.38,
"odds2a":0.14}],
"17ASw"]]
index.html:96 42["p",["r2",[{"type":"o",
"oddsid":201443683,
"com1":4.25,
"comx":1.27,
"com2":7.8},{"type":"o",
"oddsid":201443685,
"odds1a":-0.51,
"odds2a":0.27}],
"17AWT"]]
index.html:96 42["p",["r2",[{"type":"o",
"oddsid":201443687,
"odds1a":0.41,
"odds2a":-0.65},{"type":"o",
"oddsid":201444590,
"odds1a":0.7,
"odds2a":-0.78},{"type":"o",
"oddsid":201443683,
"com1":4.2,
"com2":8}],
"17AZf"]]
index.html:96 42["p",["r2",[{"type":"o",
"oddsid":201443687,
"maxbet":408},{"type":"o",
"oddsid":201443690,
"maxbet":408},{"type":"o",
"oddsid":201443689,
"maxbet":408},{"type":"o",
"oddsid":201443685,
"maxbet":408}],
"17Ag1"]]
index.html:96 42["p",["r2",[{"type":"o",
"oddsid":201444590,
"odds1a":0.69,
"odds2a":-0.77},{"type":"o",
"oddsid":201444867,
"odds1a":0.89,
"odds2a":0.87}],
"17ArL"]]
index.html:96 42["p",["r2",[{"type":"o",
"oddsid":201443685,
"odds1a":-0.53,
"odds2a":0.29},{"type":"o",
"oddsid":201443683,
"com1":4.15,
"comx":1.28,
"com2":7.8},{"type":"o",
"oddsid":201444587,
"odds1a":-0.86,
"odds2a":0.76}],
"17Avl"]]
index.html:96 3
index.html:96 42["p",["r2",[{"type":"o",
"oddsid":201443687,
"odds1a":0.39,
"odds2a":-0.63}],
"17AzH"]]
index.html:96 42["p",["r2",[{"type":"o",
"oddsid":201443683,
"com1":4.1,
"com2":8},{"type":"o",
"oddsid":201444587,
"odds1a":-0.85,
"odds2a":0.75}],
"17B1D"]]
index.html:96 42["p",["r2",[{"type":"o",
"oddsid":201443690,
"odds1a":-0.37,
"odds2a":0.13}],
"17B3O"]]
index.html:96 42["p",["r2",[{"type":"o",
"oddsid":201444587,
"odds1a":-0.84,
"odds2a":0.74}],
"17BAV"]]
index.html:96 42["p",["r2",[{"type":"o",
"oddsid":201444587,
"odds1a":-0.83,
"odds2a":0.73}],
"17BBS"]]
index.html:96 3
index.html:96 42["p",["r2",[{"type":"o",
"oddsid":201443687,
"odds1a":0.42,
"odds2a":-0.66},{"type":"o",
"oddsid":201443683,
"com1":4.2,
"com2":7.7}],
"17BPZ"]]
index.html:96 42["t",1560498228452]
index.html:96 42["p",["r2",[{"type":"o",
"oddsid":201444590,
"odds1a":0.7,
"odds2a":-0.78}],
"17BRh"]]
index.html:96 42["p",["r2",[{"type":"o",
"oddsid":201443685,
"odds1a":-0.5,
"odds2a":0.26},{"type":"o",
"oddsid":201443683,
"com1":4.3,
"comx":1.26,
"com2":8}],
"17BSK"]]
index.html:96 42["p",["r2",[{"type":"o",
"oddsid":201443685,
"odds1a":-0.52,
"odds2a":0.28},{"type":"o",
"oddsid":201443690,
"odds1a":-0.39,
"odds2a":0.15},{"type":"o",
"oddsid":201443683,
"com1":4.2,
"comx":1.28,
"com2":7.7},{"type":"o",
"oddsid":201444869,
"odds1a":0.88,
"odds2a":0.9},{"type":"o",
"oddsid":201444865,
"com1":3.3,
"com2":1.9},{"type":"o",
"oddsid":201444587,
"odds1a":-0.79,
"odds2a":0.69}],
"17BW8"]]
index.html:96 42["p",["r2",[{"type":"o",
"oddsid":201443683,
"com1":4.3,
"comx":1.26,
"com2":8},{"type":"o",
"oddsid":201444590,
"odds1a":0.71,
"odds2a":-0.79}],
"17Baw"]]
index.html:96 42["p",["r2",[{"type":"o",
"oddsid":201444587,
"odds1a":-0.78,
"odds2a":0.68}],
"17Bbu"]]
index.html:96 42["p",["r2",[{"type":"o",
"oddsid":201444587,
"odds1a":-0.77,
"odds2a":0.67},{"type":"o",
"oddsid":201443683,
"com1":6,
"comx":1.12,
"com2":11},{"type":"o",
"oddsid":201443685,
"odds1a":-0.37,
"odds2a":0.13}],
"17BiL"]]
index.html:96 3
index.html:96 42["p",["r2",[{"type":"o",
"oddsid":201443683,
"oddsstatus":"suspend"}],
"17C8x"]]
index.html:96 42["p",["r2",[{"type":"o",
"oddsid":201443690,
"odds1a":-0.38,
"odds2a":0.14},{"type":"o",
"oddsid":201443683,
"oddsstatus":"running"}],
"17CDl"]]
index.html:96 42["p",["r2",[{"type":"o",
"oddsid":201443685,
"odds1a":-0.39,
"odds2a":0.15}],
"17CVP"]]
index.html:96 42["p",["r2",[{"type":"o",
"oddsid":201443683,
"com1":5.7,
"comx":1.14,
"com2":10}],
"17CXY"]]
index.html:96 42["p",["r2",[{"type":"o",
"oddsid":201444867,
"odds1a":0.91,
"odds2a":0.85},{"type":"o",
"oddsid":201443690,
"odds1a":-0.34,
"odds2a":0.1}],
"17CZu"]]
index.html:96 3
index.html:96 42["p",["r2",[{"type":"o",
"oddsid":201443690,
"odds1a":-0.32,
"odds2a":0.08}],
"17Cc8"]]
index.html:96 42["p",["r2",[{"type":"o",
"oddsid":201443685,
"odds1a":-0.41,
"odds2a":0.17},{"type":"o",
"oddsid":201443683,
"com1":5.4,
"comx":1.16,
"com2":9.9},{"type":"o",
"oddsid":201443687,
"odds1a":0.46,
"odds2a":-0.7}],
"17Cgc"]]
index.html:96 42["p",["r2",[{"type":"o",
"oddsid":201443689,
"odds1a":-0.49,
"odds2a":0.25},{"type":"o",
"oddsid":201443683,
"com1":5.5,
"com2":9.5}],
"17ClU"]]
index.html:96 42["p",["r2",[{"type":"o",
"oddsid":201443689,
"odds1a":-0.45,
"odds2a":0.21}],
"17CnU"]]
index.html:96 42["p",["r2",[{"type":"o",
"oddsid":201443685,
"odds1a":-0.43,
"odds2a":0.19}],
"17Cs8"]]
index.html:96 42["p",["r2",[{"type":"o",
"oddsid":201443683,
"com1":5.2,
"comx":1.18,
"com2":9}],
"17CwY"]]
index.html:96 42["p",["r2",[{"type":"o",
"oddsid":201443685,
"odds1a":-0.41,
"odds2a":0.17},{"type":"o",
"oddsid":201443683,
"com1":5.5,
"comx":1.16,
"com2":9.5}],
"17CxJ"]]
index.html:96 3
index.html:96 42["p",["r2",[{"type":"o",
"oddsid":201444590,
"odds1a":0.7,
"odds2a":-0.78},{"type":"o",
"oddsid":201443683,
"com1":5.2,
"comx":1.18,
"com2":9}],
"17D8p"]]
index.html:96 42["p",["r2",[{"type":"o",
"oddsid":201443683,
"com1":5.5,
"comx":1.16,
"com2":9.5}],
"17DAU"]]
index.html:96 42["p",["r2",[{"type":"o",
"oddsid":201443690,
"odds1a":-0.31,
"odds2a":0.07}],
"17DIj"]]
index.html:96 42["p",["r2",[{"type":"o",
"oddsid":201448414,
"odds1a":-0.84,
"odds2a":0.6},{"type":"o",
"oddsid":201444587,
"odds1a":-0.78,
"odds2a":0.68}],
"17DR9"]]
index.html:96 42["p",["r2",[{"type":"o",
"oddsid":201443689,
"odds1a":-0.47,
"odds2a":0.23}],
"17DUq"]]
index.html:96 42["p",["r2",[{"type":"o",
"oddsid":201443683,
"com1":6,
"comx":1.13,
"com2":10},{"type":"o",
"oddsid":201443685,
"odds1a":-0.38,
"odds2a":0.14}],
"17DX8"]]
index.html:96 42["p",["r2",[{"type":"o",
"oddsid":201443683,
"oddsstatus":"suspend"}],
"17DZT"]]
index.html:96 3
index.html:96 42["p",["r2",[{"type":"o",
"oddsid":201443683,
"oddsstatus":"running"}],
"17DtB"]]
index.html:96 42["p",["r2",[{"type":"o",
"oddsid":201443690,
"odds1a":-0.3,
"odds2a":0.06}],
"17Dw1"]]
index.html:96 42["p",["r2",[{"type":"o",
"oddsid":201443683,
"oddsstatus":"suspend"}],
"17E1t"]]
index.html:96 42["p",["r2",[{"type":"o",
"oddsid":201443683,
"oddsstatus":"running"}],
"17E4n"]]
index.html:96 42["p",["r2",[{"type":"o",
"oddsid":201443685,
"odds1a":-0.36,
"odds2a":0.12},{"type":"o",
"oddsid":201443683,
"com1":6.3,
"comx":1.11,
"com2":11}],
"17EAx"]]
index.html:96 3
index.html:96 42["p",["r2",[{"type":"o",
"oddsid":201444862,
"odds1a":0.74,
"odds2a":-0.98},{"type":"o",
"oddsid":201444858,
"com1":4.7,
"comx":2.12,
"com2":2.15}],
"17ECV"]]
index.html:96 42["p",["r2",[{"type":"o",
"oddsid":201444587,
"odds1a":-0.79,
"odds2a":0.69}],
"17EFc"]]
index.html:96 42["p",["r2",[{"type":"o",
"oddsid":201444590,
"odds1a":0.69,
"odds2a":-0.77},{"type":"o",
"oddsid":201444867,
"odds1a":0.89,
"odds2a":0.87}],
"17EGx"]]
index.html:96 42["p",["r2",[{"type":"o",
"oddsid":201443690,
"odds1a":-0.29,
"odds2a":0.05},{"type":"o",
"oddsid":201448414,
"odds1a":-0.86,
"odds2a":0.62}],
"17EL6"]]
index.html:96 3
index.html:96 42["p",["r2",[{"type":"o",
"oddsid":201443685,
"odds1a":-0.38,
"odds2a":0.14},{"type":"o",
"oddsid":201443683,
"com1":6,
"comx":1.13,
"com2":10}],
"17EeV"]]
index.html:96 42["p",["r2",[{"type":"o",
"oddsid":201444867,
"odds1a":0.91,
"odds2a":0.85}],
"17Ehv"]]
index.html:96 42["p",["r2",[{"type":"o",
"oddsid":201443690,
"odds1a":-0.28,
"odds2a":0.04}],
"17Enj"]]
index.html:96 42["p",["r2",[{"type":"o",
"oddsid":201443689,
"odds1a":-0.43,
"odds2a":0.19},{"type":"o",
"oddsid":201443685,
"odds1a":-0.36,
"odds2a":0.12},{"type":"o",
"oddsid":201443683,
"com1":6.3,
"comx":1.11,
"com2":11}],
"17Eun"]]
index.html:96 3
index.html:96 42["p",["r2",[{"type":"o",
"oddsid":201444587,
"odds1a":-0.8,
"odds2a":0.7}],
"17Ex9"]]
index.html:96 42["p",["r2",[{"type":"o",
"oddsid":201443685,
"odds1a":-0.38,
"odds2a":0.14},{"type":"o",
"oddsid":201443683,
"com1":6,
"comx":1.13,
"com2":10},{"type":"o",
"oddsid":201443689,
"odds1a":-0.41,
"odds2a":0.17}],
"17F6l"]]
index.html:96 42["p",["r2",[{"type":"o",
"oddsid":201444590,
"odds1a":0.7,
"odds2a":-0.78},{"type":"o",
"oddsid":201443690,
"odds1a":-0.27,
"odds2a":0.03},{"type":"o",
"oddsid":201443685,
"odds1a":-0.4,
"odds2a":0.16}],
"17FCd"]]
index.html:96 42["p",["r2",[{"type":"o",
"oddsid":201443683,
"com1":5.6,
"comx":1.15,
"com2":9.7}],
"17FHr"]]
index.html:96 3
index.html:96 42["p",["r2",[{"type":"o",
"oddsid":201444869,
"odds1a":0.93,
"odds2a":0.85},{"type":"o",
"oddsid":201444865,
"com1":3.4,
"com2":1.85}],
"17FO8"]]
index.html:96 42["p",["r2",[{"type":"o",
"oddsid":201443689,
"odds1a":-0.38,
"odds2a":0.14}],
"17FOv"]]
index.html:96 42["p",["r2",[{"type":"o",
"oddsid":201443690,
"odds1a":-0.29,
"odds2a":0.05}],
"17FSJ"]]
index.html:96 42["p",["r2",[{"type":"o",
"oddsid":201443685,
"odds1a":-0.38,
"odds2a":0.14},{"type":"o",
"oddsid":201443683,
"com1":6,
"comx":1.13,
"com2":10}],
"17FVG"]]
index.html:96 42["p",["r2",[{"type":"o",
"oddsid":201443685,
"odds1a":-0.36,
"odds2a":0.12},{"type":"o",
"oddsid":201443683,
"com1":6.3,
"comx":1.11,
"com2":11}],
"17Fag"]]
index.html:96 42["p",["r2",[{"type":"o",
"oddsid":201443685,
"odds1a":-0.34,
"odds2a":0.1},{"type":"o",
"oddsid":201443683,
"com1":6.8,
"comx":1.09,
"com2":12}],
"17Fjq"]]
index.html:96 42["p",["r2",[{"type":"o",
"oddsid":201444862,
"odds1a":0.76,
"odds2a":-1},{"type":"o",
"oddsid":201444858,
"comx":2.11,
"com2":2.16}],
"17FmP"]]
index.html:96 42["p",["r2",[{"type":"o",
"oddsid":201444587,
"odds1a":-0.81,
"odds2a":0.71}],
"17FtW"]]
index.html:96 3
index.html:96 42["p",["r2",[{"type":"o",
"oddsid":201443689,
"odds1a":-0.34,
"odds2a":0.1}],
"17G5K"]]
index.html:96 42["p",["r2",[{"type":"o",
"oddsid":201443690,
"odds1a":-0.28,
"odds2a":0.04}],
"17G7d"]]
index.html:96 42["p",["r2",[{"type":"o",
"oddsid":201443685,
"odds1a":-0.31,
"odds2a":0.07},{"type":"o",
"oddsid":201443683,
"com1":7.7,
"comx":1.06,
"com2":13}],
"17GmU"]]
index.html:96 42["p",["r2",[{"type":"o",
"oddsid":201443685,
"odds1a":-0.33,
"odds2a":0.09}],
"17Gor"]]
index.html:96 3
index.html:96 42["p",["r2",[{"type":"o",
"oddsid":201443683,
"com1":7.1,
"comx":1.08,
"com2":12}],
"17GqX"]]
index.html:96 42["p",["r2",[{"type":"o",
"oddsid":201443685,
"odds1a":-0.35,
"odds2a":0.11},{"type":"o",
"oddsid":201443683,
"com1":0,
"comx":0,
"com2":0,
"oddsstatus":"closed"},{"type":"do",
"id":201443683,
"oddsid":201443683},{"type":"m",
"matchid":30843611,
"mc_special":2}],
"17GuK"]]
index.html:96 42["p",["r2",[{"type":"o",
"oddsid":201443687,
"odds1a":0.44,
"odds2a":-0.68}],
"17H4X"]]
index.html:96 42["p",["r2",[{"type":"o",
"oddsid":201443690,
"odds1a":-0.27,
"odds2a":0.03}],
"17H53"]]
index.html:96 42["p",["r2",[{"type":"o",
"oddsid":201443685,
"odds1a":-0.33,
"odds2a":0.09}],
"17HBD"]]
index.html:96 3
index.html:96 42["p",["r2",[{"type":"m",
"matchid":30843611,
"injurytime":4}],
"17HFU"]]
index.html:96 42["p",["r2",[{"type":"o",
"oddsid":201443690,
"odds1a":-0.26,
"odds2a":0.02}],
"17HPL"]]
index.html:96 3
index.html:96 42["p",["r2",[{"type":"o",
"oddsid":201443685,
"odds1a":-0.3,
"odds2a":0.06},{"type":"o",
"oddsid":201448414,
"odds1a":-0.88,
"odds2a":0.64}],
"17HcN"]]
index.html:96 42["p",["r2",[{"type":"o",
"oddsid":201443687,
"odds1a":0.46,
"odds2a":-0.7}],
"17HhX"]]
index.html:96 42["p",["r2",[{"type":"o",
"oddsid":201443685,
"odds1a":-0.32,
"odds2a":0.08},{"type":"o",
"oddsid":201443690,
"odds1a":-0.28,
"odds2a":0.04}],
"17HxE"]]
index.html:96 42["p",["r2",[{"type":"o",
"oddsid":201443685,
"odds1a":-0.34,
"odds2a":0.1}],
"17I6i"]]
index.html:96 3
index.html:96 42["p",["r2",[{"type":"o",
"oddsid":201443685,
"odds1a":-0.36,
"odds2a":0.12},{"type":"o",
"oddsid":201443690,
"odds1a":-0.3,
"odds2a":0.06},{"type":"o",
"oddsid":201444590,
"odds1a":0.71,
"odds2a":-0.79}],
"17IAo"]]
index.html:96 42["p",["r2",[{"type":"o",
"oddsid":201443687,
"odds1a":0.48,
"odds2a":-0.72}],
"17ID1"]]
index.html:96 42["p",["r2",[{"type":"o",
"oddsid":201443690,
"odds1a":-0.28,
"odds2a":0.04}],
"17ILm"]]
index.html:96 42["p",["r2",[{"type":"o",
"oddsid":201444862,
"odds1a":0.78,
"odds2a":0.98},{"type":"o",
"oddsid":201444858,
"comx":2.1,
"com2":2.17}],
"17IPu"]]
index.html:96 3
index.html:96 42["p",["r2",[{"type":"o",
"oddsid":201443690,
"odds1a":-0.26,
"odds2a":0.02}],
"17ISZ"]]
index.html:96 42["p",["r2",[{"type":"o",
"oddsid":201443685,
"odds1a":-0.33,
"odds2a":0.09}],
"17IXN"]]
index.html:96 42["p",["r2",[{"type":"o",
"oddsid":201443685,
"odds1a":-0.31,
"odds2a":0.07}],
"17IcW"]]
index.html:96 42["p",["r2",[{"type":"o",
"oddsid":201443690,
"odds1a":-0.28,
"odds2a":0.04},{"type":"o",
"oddsid":201443685,
"odds1a":-0.33,
"odds2a":0.09},{"type":"o",
"oddsid":201443689,
"oddsstatus":"closed"},{"type":"o",
"oddsid":201443687,
"oddsstatus":"closed"},{"type":"do",
"id":201443689,
"oddsid":201443689},{"type":"do",
"id":201443687,
"oddsid":201443687},{"type":"m",
"matchid":30843611,
"mc_special":1}],
"17IwJ"]]
index.html:96 42["p",["r2",[{"type":"o",
"oddsid":201443685,
"oddsstatus":"suspend"}],
"17J4s"]]
index.html:96 3
index.html:96 42["p",["r2",[{"type":"o",
"oddsid":201443690,
"oddsstatus":"suspend"}],
"17JCd"]]
index.html:96 42["p",["r2",[{"type":"o",
"oddsid":201443685,
"oddsstatus":"closed"},{"type":"do",
"id":201443685,
"oddsid":201443685}],
"17JO0"]]
index.html:96 42["p",["r2",[{"type":"o",
"oddsid":201444863,
"odds1a":0.95,
"odds2a":0.83}],
"17JSw"]]
index.html:96 42["p",["r2",[{"type":"o",
"oddsid":201443690,
"oddsstatus":"closed",
"odds1a":0,
"odds2a":0},{"type":"dm",
"id":30843611,
"matchid":30843611},{"type":"do",
"id":201443690,
"oddsid":201443690}],
"17Jd9"]]
index.html:96 42["p",["r2",[{"type":"o",
"oddsid":201444858,
"com1":4.75,
"comx":2.09}],
"17JtO"]]
index.html:96 3
index.html:96 42["p",["r2",[{"type":"o",
"oddsid":201444587,
"odds1a":-0.8,
"odds2a":0.7}],
"17KRt"]]
index.html:96 42["p",["r2",[{"type":"o",
"oddsid":201444590,
"odds1a":0.7,
"odds2a":-0.78}],
"17KgC"]]
index.html:96 42["p",["r2",[{"type":"o",
"oddsid":201444590,
"odds1a":0.71,
"odds2a":-0.79},{"type":"o",
"oddsid":201444587,
"odds1a":-0.81,
"odds2a":0.71}],
"17KiE"]]
index.html:96 3
index.html:96 42["p",["r2",[{"type":"o",
"oddsid":201444587,
"odds1a":-0.8,
"odds2a":0.7}],
"17Kix"]]
index.html:96 42["p",["r2",[{"type":"o",
"oddsid":201444590,
"odds1a":0.7,
"odds2a":-0.78}],
"17LFz"]]
index.html:96 42["p",["r2",[{"type":"o",
"oddsid":201444587,
"odds1a":-0.81,
"odds2a":0.71}],
"17LIv"]]
index.html:96 42["p",["r2",[{"type":"o",
"oddsid":201444587,
"odds1a":-0.82,
"odds2a":0.72}],
"17Lbd"]]
index.html:96 3
index.html:96 42["p",["r2",[{"type":"o",
"oddsid":201444867,
"odds1a":0.88,
"odds2a":0.88}],
"17MN2"]]
index.html:96 42["p",["r2",[{"type":"o",
"oddsid":201444865,
"comx":3.2},{"type":"o",
"oddsid":201444587,
"odds1a":-0.83,
"odds2a":0.73}],
"17MOM"]]
index.html:96 42["p",["r2",[{"type":"o",
"oddsid":201444869,
"odds1a":0.95,
"odds2a":0.83},{"type":"o",
"oddsid":201444865,
"com1":3.45,
"com2":1.83}],
"17MQe"]]
index.html:96 42["p",["r2",[{"type":"o",
"oddsid":201444587,
"odds1a":-0.84,
"odds2a":0.74}],
"17MTL"]]
index.html:96 3
index.html:96 42["p",["r2",[{"type":"o",
"oddsid":201444590,
"odds1a":0.69,
"odds2a":-0.77}],
"17MWV"]]
index.html:96 42["p",["r2",[{"type":"o",
"oddsid":201444587,
"odds1a":-0.85,
"odds2a":0.75}],
"17Mf6"]]
index.html:96 42["p",["r2",[{"type":"o",
"oddsid":201444590,
"odds1a":0.7,
"odds2a":-0.78}],
"17Mfw"]]
index.html:96 3
index.html:96 42["p",["r2",[{"type":"o",
"oddsid":201444862,
"odds1a":0.8,
"odds2a":0.96},{"type":"o",
"oddsid":201444858,
"comx":2.08,
"com2":2.18}],
"17NOI"]]
index.html:96 42["p",["r2",[{"type":"o",
"oddsid":201444587,
"odds1a":-0.84,
"odds2a":0.74},{"type":"o",
"oddsid":201444590,
"odds1a":0.69,
"odds2a":-0.77}],
"17NQJ"]]
index.html:96 42["p",["r2",[{"type":"o",
"oddsid":201444869,
"odds1a":0.93,
"odds2a":0.85},{"type":"o",
"oddsid":201444865,
"com1":3.4,
"com2":1.85}],
"17NW8"]]
index.html:96 3
index.html:96 42["p",["r2",[{"type":"o",
"oddsid":201444869,
"odds1a":0.91,
"odds2a":0.87}],
"17Nnc"]]
index.html:96 42["p",["r2",[{"type":"o",
"oddsid":201444865,
"com1":3.35,
"comx":3.15,
"com2":1.87}],
"17NoY"]]
index.html:96 42["p",["r2",[{"type":"o",
"oddsid":201444590,
"odds1a":0.68,
"odds2a":-0.76}],
"17NsE"]]
index.html:96 42["p",["r2",[{"type":"o",
"oddsid":201448412,
"odds1a":-0.95,
"odds2a":0.71}],
"17Nu2"]]
index.html:96 42["p",["r2",[{"type":"o",
"oddsid":201444869,
"odds1a":0.89,
"odds2a":0.89},{"type":"o",
"oddsid":201444865,
"com1":3.3,
"com2":1.89}],
"17Nvq"]]
index.html:96 42["p",["r2",[{"type":"o",
"oddsid":201444590,
"odds1a":0.67,
"odds2a":-0.75}],
"17O0w"]]
index.html:96 3
index.html:96 42["p",["r2",[{"type":"o",
"oddsid":201448412,
"odds1a":-0.97,
"odds2a":0.73}],
"17O4U"]]
index.html:96 42["p",["r2",[{"type":"o",
"oddsid":201444590,
"odds1a":0.66,
"odds2a":-0.74}],
"17OQN"]]
index.html:96 3
index.html:96 42["p",["r2",[{"type":"o",
"oddsid":201448413,
"odds1a":-0.86,
"odds2a":0.64}],
"17Ody"]]
index.html:96 42["t",1560498828441]
index.html:96 42["p",["r2",[{"type":"o",
"oddsid":201444590,
"odds1a":0.7,
"odds2a":-0.78}],
"17OtD"]]
index.html:96 42["p",["r2",[{"type":"o",
"oddsid":201444590,
"odds1a":0.71,
"odds2a":-0.79}],
"17OzI"]]
index.html:96 42["p",["r2",[{"type":"o",
"oddsid":201444587,
"odds1a":-0.85,
"odds2a":0.75}],
"17Ozn"]]
index.html:96 3
index.html:96 42["p",["r2",[{"type":"o",
"oddsid":201444587,
"odds1a":-0.86,
"odds2a":0.76}],
"17P62"]]
index.html:96 42["p",["r2",[{"type":"o",
"oddsid":201444587,
"odds1a":-0.87,
"odds2a":0.77}],
"17PCB"]]
index.html:96 42["p",["r2",[{"type":"o",
"oddsid":201444867,
"odds1a":0.86,
"odds2a":0.9},{"type":"o",
"oddsid":201444865,
"com1":3.25}],
"17PEw"]]
index.html:96 42["p",["r2",[{"type":"o",
"oddsid":201444587,
"odds1a":-0.88,
"odds2a":0.78}],
"17PFY"]]
index.html:96 42["p",["r2",[{"type":"o",
"oddsid":201444587,
"odds1a":-0.89,
"odds2a":0.79}],
"17PJJ"]]
index.html:96 3
index.html:96 42["p",["r2",[{"type":"o",
"oddsid":201444867,
"odds1a":0.84,
"odds2a":0.92},{"type":"o",
"oddsid":201444865,
"comx":3.2},{"type":"o",
"oddsid":201444590,
"odds1a":0.7,
"odds2a":-0.78}],
"17PKe"]]
index.html:96 42["p",["r2",[{"type":"o",
"oddsid":201444587,
"odds1a":-0.9,
"odds2a":0.8},{"type":"o",
"oddsid":201444590,
"odds1a":0.69,
"odds2a":-0.77}],
"17PQn"]]
index.html:96 42["p",["r2",[{"type":"o",
"oddsid":201444587,
"odds1a":-0.91,
"odds2a":0.81},{"type":"o",
"oddsid":201444865,
"com1":3.3,
"comx":3.15}],
"17PYc"]]
index.html:96 42["p",["r2",[{"type":"o",
"oddsid":201444587,
"odds1a":-0.92,
"odds2a":0.82}],
"17Peh"]]
index.html:96 3
index.html:96 42["p",["r2",[{"type":"o",
"oddsid":201444590,
"odds1a":0.71,
"odds2a":-0.79}],
"17Pgb"]]
index.html:96 42["p",["r2",[{"type":"o",
"oddsid":201444587,
"odds1a":-0.93,
"odds2a":0.83}],
"17Pkk"]]
index.html:96 42["p",["r2",[{"type":"o",
"oddsid":201444858,
"comx":2.07,
"com2":2.19},{"type":"o",
"oddsid":201444862,
"odds1a":0.82,
"odds2a":0.94}],
"17Q08"]]
index.html:96 42["p",["r2",[{"type":"o",
"oddsid":201444590,
"odds1a":0.7,
"odds2a":-0.78}],
"17QSc"]]
index.html:96 42["p",["r2",[{"type":"o",
"oddsid":201444587,
"odds1a":-0.94,
"odds2a":0.84}],
"17QT0"]]
index.html:96 42["p",["r2",[{"type":"o",
"oddsid":201444590,
"odds1a":0.69,
"odds2a":-0.77}],
"17QUD"]]
index.html:96 42["p",["r2",[{"type":"o",
"oddsid":201444862,
"odds1a":0.84,
"odds2a":0.92}],
"17QjE"]]
index.html:96 3
index.html:96 42["p",["r2",[{"type":"o",
"oddsid":201444858,
"com1":4.8,
"comx":2.06,
"com2":2.2},{"type":"o",
"oddsid":201444587,
"odds1a":-0.93,
"odds2a":0.83}],
"17QjT"]]
index.html:96 42["p",["r2",[{"type":"o",
"oddsid":201444590,
"odds1a":0.71,
"odds2a":-0.79},{"type":"o",
"oddsid":201444587,
"oddsstatus":"closed"},{"type":"dm",
"id":30843690,
"matchid":30843690},{"type":"do",
"id":201444587,
"oddsid":201444587}],
"17Qlq"]]
index.html:96 42["p",["r2",[{"type":"o",
"oddsid":201444590,
"oddsstatus":"closed"},{"type":"dm",
"id":30843689,
"matchid":30843689},{"type":"do",
"id":201444590,
"oddsid":201444590}],
"17QrK"]]
index.html:96 42["p",["r2",[{"type":"o",
"oddsid":201444869,
"odds1a":0.87,
"odds2a":0.91},{"type":"o",
"oddsid":201444865,
"com1":3.25,
"com2":1.91},{"type":"o",
"oddsid":201444862,
"odds1a":0.86,
"odds2a":0.9}],
"17RPT"]]
index.html:96 3
index.html:96 42["p",["r2",[{"type":"o",
"oddsid":201444858,
"comx":2.05}],
"17RaA"]]
index.html:96 42["p",["r2",[{"type":"o",
"oddsid":201444867,
"odds1a":0.8,
"odds2a":0.96}],
"17RdV"]]
index.html:96 42["p",["r2",[{"type":"o",
"oddsid":201444862,
"odds1a":0.81,
"odds2a":0.95}],
"17RrW"]]
index.html:96 42["p",["r2",[{"type":"o",
"oddsid":201444858,
"com1":4.75,
"comx":2.07,
"com2":2.19}],
"17S4x"]]
index.html:96 42["p",["r2",[{"type":"o",
"oddsid":201448414,
"odds1a":-0.9,
"odds2a":0.66}],
"17S6o"]]
index.html:96 42["p",["r2",[{"type":"o",
"oddsid":201444863,
"odds1a":0.91,
"odds2a":0.87},{"type":"o",
"oddsid":201448414,
"odds1a":-0.92,
"odds2a":0.68}],
"17SBK"]]
index.html:96 3
index.html:96 42["p",["r2",[{"type":"o",
"oddsid":201448414,
"odds1a":-0.94,
"odds2a":0.7}],
"17SJ7"]]
index.html:96 42["p",["r2",[{"type":"o",
"oddsid":201448414,
"odds1a":-0.96,
"odds2a":0.72}],
"17SXp"]]
index.html:96 42["p",["r2",[{"type":"o",
"oddsid":201448414,
"odds1a":-0.98,
"odds2a":0.74}],
"17SZi"]]
index.html:96 42["p",["r2",[{"type":"o",
"oddsid":201448414,
"odds1a":-1,
"odds2a":0.76}],
"17SxJ"]]
index.html:96 42["p",["r2",[{"type":"o",
"oddsid":201448414,
"odds1a":-0.86,
"odds2a":0.62},{"type":"o",
"oddsid":201444862,
"odds1a":0.67,
"odds2a":-0.91},{"type":"o",
"oddsid":201444858,
"com1":4.6,
"comx":2.16,
"com2":2.13}],
"17T0v"]]
index.html:96 3
index.html:96 42["p",["r2",[{"type":"o",
"oddsid":201444862,
"odds1a":0.69,
"odds2a":-0.93},{"type":"o",
"oddsid":201444858,
"com1":4.65,
"comx":2.14,
"com2":2.14}],
"17TGQ"]]
index.html:96 3
index.html:96 42["p",["r2",[{"type":"o",
"oddsid":201444863,
"odds1a":0.89,
"odds2a":0.89}],
"17TZw"]]
index.html:96 3
index.html:96 42["p",["r2",[{"type":"o",
"oddsid":201448414,
"odds1a":-0.88,
"odds2a":0.64}],
"17UjP"]]
index.html:96 3
index.html:96 42["p",["r2",[{"type":"o",
"oddsid":201444867,
"odds1a":0.82,
"odds2a":0.94}],
"17Vuk"]]
index.html:96 42["p",["r2",[{"type":"o",
"oddsid":201444862,
"odds1a":0.71,
"odds2a":-0.95},{"type":"o",
"oddsid":201444858,
"comx":2.13,
"com2":2.15}],
"17Wlu"]]
index.html:96 3
index.html:96 42["p",["r2",[{"type":"o",
"oddsid":201444867,
"odds1a":0.84,
"odds2a":0.92}],
"17XND"]]
index.html:96 3
index.html:96 42["p",["r2",[{"type":"m",
"l":1,
"matchid":30844638,
"csstatus":"0",
"livehomescore":0,
"liveawayscore":0,
"isht":false,
"showlivescore":true,
"isfulltime":false,
"gamestatus":0,
"bestofmap":1,
"isstartingsoon":true,
"movebo3down":false,
"showtimedt":1560499200,
"offerlive":true,
"showintoday":false,
"goalteam":"",
"leagueid":973,
"marketid":"T",
"matchcode":"4980",
"kickofftime":1560499140,
"eventstatus":"running",
"showtime":"<font color=red>LIVE</font> 04:00PM",
"globalshowtime":1560499200,
"haslive":0,
"homeid":18929,
"hteamnamech":"斯洛伐克 U19 (女)",
"hteamnamecn":"斯洛伐克 U19 (女)",
"hteamnameen":"Slovakia U19 (W)",
"hteamnamejp":"SlovakiaU19(W)",
"hteamnameko":"슬로바키아 U19 (W)",
"hteamnameth":"สโลวาเกีย U19 (ญ)",
"hteamnamesc2":"斯洛伐克 U19 (女)",
"awayid":18938,
"ateamnamech":"波斯尼亞 U19 (女)",
"ateamnamecn":"波斯尼亚 U19 (女)",
"ateamnameen":"Bosnia-Herzegovina U19 (W)",
"ateamnamejp":"ボスニア・ヘルツェゴビナ U19 (W)",
"ateamnameko":"보스니아-헤르체고비나 U19 (W)",
"ateamnameth":"บอสเนีย เฮอร์เซโกวีนา U19 (ญ)",
"ateamnamesc2":"波斯尼亚 U19 (女)",
"sporttype":1,
"liveperiod":0,
"livetimer":1560499140,
"pauseperiod":0,
"isneutral":0,
"ldisplaymode":0,
"homered":0,
"awayred":0,
"injurytime":0,
"timersuspend":0,
"ismainmarket":1,
"showinallmarket":false,
"leagueputinmaincat":0,
"leaguedisplaycat":0,
"istest":0,
"sessiontime":0,
"iscountdowntimer":0,
"gamesession":0,
"overtime":0,
"overtimesession":0,
"delaylive":0,
"isminiodds":false,
"mdisplaymode":0,
"leaguenamech":"女子國際友誼賽 U19",
"leaguenamecn":"女子国际友谊赛 U19",
"leaguenameen":"INTERNATIONAL FRIENDLY WOMEN U19",
"leaguenamejp":"",
"leaguenameko":"인터네셔널 친선경기 여자 U19",
"leaguenameth":"ฟุตบอลกระชับมิตรทีมชาติ U19 หญิง",
"leaguenamees":"",
"leaguenameel":"",
"leaguenamesc2":"女子国际友谊赛 U19",
"leaguenamevn":"",
"countrycode":"World",
"mc":0,
"mc_parlay":0,
"mc_special":1,
"mc_specialParlay":0,
"hascashout":0,
"hassuperlive":0,
"hasbetbuilder":0},{"oddsid":201453691,
"matchid":30844638,
"more_main_tab":1,
"type":"o",
"bettype":7,
"parenttypeid":7,
"oddsstatus":"running",
"liveindicator":1,
"hdp1":0.25,
"hdp2":0,
"cs30":0,
"oddsspreada":0.16,
"maxbet":526,
"ocategory":0,
"exspread":0,
"odds1a":0.59,
"odds2a":-0.79,
"enable":1,
"pdisplaymode":3,
"combo":3,
"profitadjust":8},{"type":"m",
"matchid":30844638,
"mc_special":1}],
"17Y93"]]
index.html:96 42["p",["r2",[{"oddsid":201453690,
"type":"o",
"matchid":30844638,
"bettype":8,
"liveindicator":1,
"enable":1,
"pdisplaymode":3,
"combo":3,
"profitadjust":8,
"parenttypeid":8,
"oddsstatus":"running",
"hdp1":1.5,
"hdp2":0,
"cs30":0,
"oddsspreada":0.18,
"maxbet":526,
"ocategory":0,
"more_main_tab":0,
"exspread":0,
"odds1a":-0.94,
"odds2a":0.76},{"oddsid":201453697,
"matchid":30844638,
"more_main_tab":1,
"type":"o",
"bettype":1,
"parenttypeid":1,
"oddsstatus":"running",
"liveindicator":1,
"hdp1":0.75,
"hdp2":0,
"enable":1,
"pdisplaymode":3,
"combo":3,
"profitadjust":8,
"cs30":0,
"oddsspreada":0.16,
"maxbet":592,
"ocategory":0,
"exspread":0,
"odds1a":0.65,
"odds2a":-0.85},{"type":"m",
"matchid":30844638,
"mc_special":3}],
"17YAu"]]
index.html:96 3
index.html:96 42["p",["r2",[{"type":"o",
"oddsid":201453697,
"odds1a":0.67,
"odds2a":-0.83},{"oddsid":201453695,
"matchid":30844638,
"more_main_tab":1,
"type":"o",
"bettype":3,
"parenttypeid":3,
"oddsstatus":"running",
"liveindicator":1,
"hdp1":3.5,
"hdp2":0,
"cs30":0,
"oddsspreada":0.18,
"maxbet":592,
"ocategory":0,
"exspread":0,
"odds1a":-0.78,
"odds2a":0.58,
"enable":1,
"pdisplaymode":3,
"combo":3,
"profitadjust":8},{"type":"m",
"matchid":30844638,
"mc_special":4}],
"17YCJ"]]
index.html:96 42["p",["r2",[{"type":"o",
"oddsid":201453695,
"odds1a":-0.74,
"odds2a":0.56}],
"17YCv"]]
index.html:96 42["p",["r2",[{"type":"o",
"oddsid":201453691,
"odds1a":0.63,
"odds2a":-0.79}],
"17YMJ"]]
index.html:96 42["p",["r2",[{"oddsid":201453693,
"matchid":30844638,
"more_main_tab":1,
"type":"o",
"bettype":5,
"parenttypeid":5,
"oddsstatus":"running",
"liveindicator":1,
"maxbet":498,
"ocategory":0,
"exspread":0,
"com1":1.51,
"comx":3.9,
"com2":4.9,
"enable":1,
"pdisplaymode":3,
"combo":3,
"profitadjust":8},{"type":"m",
"matchid":30844638,
"mc_special":5}],
"17YOA"]]
index.html:96 42["p",["r2",[{"oddsid":201453686,
"matchid":30844638,
"more_main_tab":1,
"type":"o",
"bettype":15,
"parenttypeid":15,
"oddsstatus":"suspend",
"liveindicator":1,
"maxbet":498,
"ocategory":0,
"exspread":0,
"com1":1.88,
"comx":2.46,
"com2":4.75,
"enable":1,
"pdisplaymode":3,
"combo":3,
"profitadjust":8},{"type":"m",
"matchid":30844638,
"mc_special":6}],
"17YPB"]]
index.html:96 42["p",["r2",[{"type":"o",
"oddsid":201444867,
"odds1a":0.86,
"odds2a":0.9}],
"17YPS"]]
index.html:96 42["p",["r2",[{"type":"o",
"oddsid":201453686,
"comx":2.45,
"com2":5.6}],
"17YTd"]]
index.html:96 42["p",["r2",[{"type":"o",
"oddsid":201453686,
"oddsstatus":"running",
"comx":2.4,
"com2":5.8}],
"17YUu"]]
index.html:96 42["p",["r2",[{"type":"o",
"oddsid":201453686,
"com1":1.88,
"comx":2.45,
"com2":5.6}],
"17YVc"]]
index.html:96 3
index.html:96 42["p",["r2",[{"type":"o",
"oddsid":201453686,
"com1":1.87,
"comx":2.5,
"com2":5.3}],
"17Ydx"]]
index.html:96 42["p",["r2",[{"type":"o",
"oddsid":201444869,
"odds1a":0.89,
"odds2a":0.89},{"type":"o",
"oddsid":201444865,
"com1":3.3,
"com2":1.89}],
"17Yny"]]
index.html:96 42["p",["r2",[{"type":"o",
"oddsid":201444867,
"odds1a":0.88,
"odds2a":0.88}],
"17Yub"]]
index.html:96 42["p",["r2",[{"type":"do",
"id":201448414,
"oddsid":201448414},{"type":"o",
"oddsid":201448415,
"oddsstatus":"closed"},{"type":"o",
"oddsid":201444858,
"oddsstatus":"closed"},{"type":"m",
"matchid":30843737,
"mc_special":5},{"type":"do",
"id":201448415,
"oddsid":201448415},{"type":"do",
"id":201444858,
"oddsid":201444858}],
"17ZMc"]]
index.html:96 3
index.html:96 42["p",["r2",[{"type":"do",
"id":201444862,
"oddsid":201444862},{"type":"o",
"oddsid":201444863,
"oddsstatus":"closed"},{"type":"o",
"oddsid":201444865,
"oddsstatus":"closed"},{"type":"o",
"oddsid":201444867,
"oddsstatus":"closed"},{"type":"o",
"oddsid":201444869,
"oddsstatus":"closed"},{"type":"o",
"oddsid":201448412,
"oddsstatus":"closed"},{"type":"o",
"oddsid":201448413,
"oddsstatus":"closed"},{"type":"m",
"matchid":30843737,
"mc_special":0},{"type":"do",
"id":201444863,
"oddsid":201444863},{"type":"do",
"id":201444865,
"oddsid":201444865},{"type":"do",
"id":201444867,
"oddsid":201444867},{"type":"do",
"id":201444869,
"oddsid":201444869},{"type":"do",
"id":201448412,
"oddsid":201448412},{"type":"dm",
"id":30843737,
"matchid":30843737},{"type":"do",
"id":201448413,
"oddsid":201448413}],
"17ZQD"]]
index.html:96 42["p",["r2",[{"type":"m",
"matchid":30844638,
"matchcode":"8590"}],
"17ZUj"]]
index.html:96 3
index.html:96 42["p",["r2",[{"type":"o",
"oddsid":201453690,
"odds1a":-0.99,
"odds2a":0.81},{"type":"o",
"oddsid":201453686,
"com1":1.86,
"comx":2.54,
"com2":5.2}],
"17ZlN"]]
index.html:96 42["p",["r2",[{"type":"o",
"oddsid":201453690,
"odds1a":0.94,
"odds2a":0.88},{"type":"o",
"oddsid":201453686,
"com1":1.85,
"comx":2.6,
"com2":5.1}],
"17ZtT"]]
index.html:96 42["p",["r2",[{"type":"o",
"oddsid":201453693,
"comx":3.95}],
"17ZvT"]]
index.html:96 42["p",["r2",[{"type":"o",
"oddsid":201453693,
"comx":4,
"com2":4.8}],
"17a0s"]]
index.html:96 42["p",["r2",[{"type":"o",
"oddsid":201453686,
"comx":2.62,
"com2":5},{"type":"o",
"oddsid":201453690,
"odds1a":0.9,
"odds2a":0.92}],
"17a5E"]]
index.html:96 42["p",["r2",[{"type":"m",
"l":1,
"matchid":30843737,
"csstatus":"0",
"livehomescore":0,
"liveawayscore":0,
"isht":false,
"showlivescore":true,
"isfulltime":false,
"gamestatus":0,
"bestofmap":1,
"isstartingsoon":true,
"movebo3down":false,
"showtimedt":1560497400,
"offerlive":true,
"showintoday":false,
"goalteam":"",
"leagueid":59937,
"marketid":"T",
"matchcode":"8100 30M",
"kickofftime":1560497340,
"eventstatus":"running",
"showtime":"<font color=red>LIVE</font> 03:30PM",
"globalshowtime":1560497400,
"haslive":0,
"homeid":252767,
"hteamnamech":"南迪",
"hteamnamecn":"南迪 ",
"hteamnameen":"Nadi FC",
"hteamnamejp":"",
"hteamnameko":"",
"hteamnameth":"เนดิ เอฟซี",
"hteamnamees":"",
"hteamnameel":"",
"hteamnamevn":"",
"awayid":91277,
"ateamnamech":"勞託卡",
"ateamnamecn":"劳托卡",
"ateamnameen":"Lautoka",
"ateamnamejp":"",
"ateamnameko":"",
"ateamnameth":"ลาโทก้า",
"ateamnamees":"",
"ateamnameel":"",
"ateamnamesc2":"劳托卡",
"ateamnamemmr":"",
"ateamnamevn":"",
"sporttype":1,
"liveperiod":0,
"livetimer":1560497340,
"pauseperiod":0,
"isneutral":0,
"ldisplaymode":0,
"homered":0,
"awayred":0,
"injurytime":0,
"timersuspend":0,
"ismainmarket":1,
"showinallmarket":false,
"leagueputinmaincat":0,
"leaguedisplaycat":0,
"istest":0,
"sessiontime":0,
"iscountdowntimer":0,
"gamesession":0,
"overtime":0,
"overtimesession":0,
"delaylive":1,
"isminiodds":false,
"mdisplaymode":0,
"leaguenamech":"斐濟甲組聯賽",
"leaguenamecn":"斐济甲组联赛",
"leaguenameen":"FIJI NATIONAL FOOTBALL LEAGUE",
"leaguenamejp":"",
"leaguenameko":"",
"leaguenameth":"ฟิจิ เนชั่นแนล ฟุตบอลลีก",
"leaguenamees":"",
"leaguenameel":"",
"leaguenamesc2":"斐济甲组联赛",
"leaguenamemmr":"",
"leaguenamevn":"",
"countrycode":"FJI",
"hascashout":0,
"hassuperlive":0,
"hasbetbuilder":0,
"mc":0,
"mc_parlay":0,
"mc_special":1,
"mc_specialParlay":0},{"oddsid":201444863,
"matchid":30843737,
"more_main_tab":1,
"type":"o",
"bettype":7,
"parenttypeid":7,
"oddsstatus":"running",
"liveindicator":1,
"hdp1":0,
"hdp2":0.25,
"cs30":0,
"oddsspreada":0.22,
"maxbet":463,
"ocategory":0,
"exspread":0,
"odds1a":0.89,
"odds2a":0.89},{"type":"m",
"matchid":30843737,
"mc_special":1}],
"17a7K"]]
index.html:96 3
index.html:96 42["p",["r2",[{"oddsid":201444862,
"type":"o",
"matchid":30843737,
"bettype":8,
"parenttypeid":8,
"oddsstatus":"running",
"liveindicator":1,
"hdp1":1,
"hdp2":0,
"cs30":0,
"oddsspreada":0.24,
"maxbet":463,
"ocategory":0,
"more_main_tab":0,
"exspread":0,
"odds1a":0.71,
"odds2a":-0.95},{"oddsid":201448414,
"type":"o",
"matchid":30843737,
"bettype":8,
"parenttypeid":8,
"oddsstatus":"running",
"liveindicator":1,
"hdp1":1.25,
"hdp2":0,
"cs30":0,
"oddsspreada":0.24,
"maxbet":463,
"ocategory":0,
"more_main_tab":0,
"exspread":0,
"odds1a":-0.88,
"odds2a":0.64},{"oddsid":201448415,
"matchid":30843737,
"more_main_tab":1,
"type":"o",
"bettype":7,
"parenttypeid":7,
"oddsstatus":"running",
"liveindicator":1,
"hdp1":0,
"hdp2":0,
"cs30":0,
"oddsspreada":0.22,
"maxbet":463,
"ocategory":0,
"exspread":0,
"odds1a":-0.57,
"odds2a":0.35},{"type":"m",
"matchid":30843737,
"mc_special":2}],
"17aET"]]
index.html:96 42["p",["r2",[{"oddsid":201444869,
"matchid":30843737,
"more_main_tab":1,
"type":"o",
"bettype":1,
"parenttypeid":1,
"oddsstatus":"running",
"liveindicator":1,
"hdp1":0,
"hdp2":0.5,
"cs30":0,
"oddsspreada":0.22,
"maxbet":463,
"ocategory":0,
"exspread":0,
"odds1a":0.89,
"odds2a":0.89},{"oddsid":201448413,
"matchid":30843737,
"more_main_tab":1,
"type":"o",
"bettype":1,
"parenttypeid":1,
"oddsstatus":"running",
"liveindicator":1,
"hdp1":0,
"hdp2":0.25,
"cs30":0,
"oddsspreada":0.22,
"maxbet":463,
"ocategory":0,
"exspread":0,
"odds1a":-0.86,
"odds2a":0.64},{"type":"m",
"matchid":30843737,
"mc_special":3}],
"17aGX"]]
index.html:96 42["p",["r2",[{"oddsid":201444867,
"matchid":30843737,
"more_main_tab":1,
"type":"o",
"bettype":3,
"parenttypeid":3,
"oddsstatus":"running",
"liveindicator":1,
"hdp1":2.75,
"hdp2":0,
"cs30":0,
"oddsspreada":0.24,
"maxbet":463,
"ocategory":0,
"exspread":0,
"odds1a":0.88,
"odds2a":0.88},{"oddsid":201448412,
"matchid":30843737,
"more_main_tab":1,
"type":"o",
"bettype":3,
"parenttypeid":3,
"oddsstatus":"running",
"liveindicator":1,
"hdp1":3,
"hdp2":0,
"cs30":0,
"oddsspreada":0.24,
"maxbet":463,
"ocategory":0,
"exspread":0,
"odds1a":-0.97,
"odds2a":0.73},{"type":"m",
"matchid":30843737,
"mc_special":4}],
"17aQG"]]
index.html:96 42["p",["r2",[{"type":"o",
"oddsid":201453690,
"odds1a":-0.99,
"odds2a":0.81},{"type":"o",
"oddsid":201453686,
"com1":1.86,
"comx":2.54,
"com2":5.2},{"oddsid":201444858,
"matchid":30843737,
"more_main_tab":1,
"type":"o",
"bettype":15,
"parenttypeid":15,
"oddsstatus":"running",
"liveindicator":1,
"maxbet":419,
"ocategory":0,
"exspread":0,
"com1":4.65,
"comx":2.13,
"com2":2.15},{"type":"m",
"matchid":30843737,
"mc_special":5}],
"17aTY"]]
index.html:96 42["p",["r2",[{"type":"o",
"oddsid":201444858,
"com1":4.75,
"comx":2.11},{"type":"m",
"matchid":30843737,
"liveperiod":1,
"livetimer":1560499270,
"delaylive":0}],
"17aUx"]]
index.html:96 42["p",["r2",[{"type":"o",
"oddsid":201444858,
"comx":2.09,
"com2":2.17}],
"17aVh"]]
index.html:96 42["p",["r2",[{"oddsid":201444865,
"matchid":30843737,
"more_main_tab":1,
"type":"o",
"bettype":5,
"parenttypeid":5,
"oddsstatus":"suspend",
"liveindicator":1,
"maxbet":419,
"ocategory":0,
"exspread":0,
"com1":3.3,
"comx":3.15,
"com2":1.89},{"type":"m",
"matchid":30843737,
"mc_special":6}],
"17aaQ"]]
index.html:96 42["p",["r2",[{"type":"o",
"oddsid":201444865,
"oddsstatus":"running"}],
"17abA"]]
index.html:96 42["p",["r2",[{"type":"o",
"oddsid":201453695,
"odds1a":-0.76,
"odds2a":0.58}],
"17afu"]]
index.html:96 3
index.html:96 42["p",["r2",[{"type":"o",
"oddsid":201453690,
"odds1a":-0.97,
"odds2a":0.79},{"type":"o",
"oddsid":201453686,
"com1":1.87,
"comx":2.52,
"com2":5.3}],
"17ahb"]]
index.html:96 42["p",["r2",[{"type":"o",
"oddsid":201448412,
"odds1a":0.87,
"odds2a":0.89}],
"17aob"]]
index.html:96 42["p",["r2",[{"type":"o",
"oddsid":201448412,
"odds1a":-0.98,
"odds2a":0.74},{"type":"o",
"oddsid":201444867,
"odds1a":0.73,
"odds2a":-0.97},{"type":"o",
"oddsid":201444865,
"com1":3.25,
"comx":3.2}],
"17ar1"]]
index.html:96 42["p",["r2",[{"type":"o",
"oddsid":201444867,
"odds1a":0.58,
"odds2a":-0.82}],
"17auF"]]
index.html:96 42["p",["r2",[{"type":"o",
"oddsid":201448414,
"odds1a":-0.9,
"odds2a":0.66}],
"17axl"]]
index.html:96 42["p",["r2",[{"type":"o",
"oddsid":201444862,
"odds1a":0.68,
"odds2a":-0.92},{"type":"o",
"oddsid":201444858,
"com1":4.7,
"comx":2.11,
"com2":2.16}],
"17b4V"]]
index.html:96 3
index.html:96 42["p",["r2",[{"type":"o",
"oddsid":201453686,
"com1":1.86,
"comx":2.53}],
"17b6m"]]
index.html:96 42["p",["r2",[{"type":"o",
"oddsid":201453686,
"com2":5.3,
"comx":2.55},{"type":"o",
"oddsid":201448412,
"odds1a":0.87,
"odds2a":0.89},{"type":"o",
"oddsid":201444862,
"odds1a":0.53,
"odds2a":-0.77},{"type":"o",
"oddsid":201444865,
"com1":3.15,
"comx":3.3},{"type":"o",
"oddsid":201444858,
"com1":4.55,
"comx":2.22,
"com2":2.09}],
"17bB8"]]
index.html:96 42["p",["r2",[{"type":"o",
"oddsid":201444869,
"odds1a":-0.97,
"odds2a":0.75},{"type":"o",
"oddsid":201444865,
"com1":3.55,
"comx":3.35,
"com2":1.75},{"type":"o",
"oddsid":201444858,
"com1":4.7,
"comx":2.12,
"com2":2.15}],
"17bVI"]]
index.html:96 42["p",["r2",[{"type":"o",
"oddsid":201453691,
"odds1a":0.65,
"odds2a":-0.81},{"type":"o",
"oddsid":201453686,
"com1":1.88,
"comx":2.54,
"com2":5.1}],
"17bYC"]]
index.html:96 42["p",["r2",[{"type":"o",
"oddsid":201444863,
"odds1a":0.97,
"odds2a":0.81},{"type":"m",
"matchid":30843737,
"livechart":0,
"gameinfo":0,
"gv":2}],
"17bdh"]]
index.html:96 42["p",["r2",[{"type":"o",
"oddsid":201444862,
"odds1a":0.55,
"odds2a":-0.79}],
"17bea"]]
index.html:96 42["p",["r2",[{"type":"o",
"oddsid":201444862,
"odds1a":0.57,
"odds2a":-0.81},{"type":"o",
"oddsid":201448413,
"odds1a":-0.73,
"odds2a":0.51},{"type":"o",
"oddsid":201453691,
"odds1a":0.67,
"odds2a":-0.83}],
"17bit"]]
index.html:96 42["p",["r2",[{"type":"o",
"oddsid":201453686,
"com1":1.91,
"comx":2.53,
"com2":5}],
"17bmA"]]
index.html:96 3
index.html:96 42["p",["r2",[{"type":"o",
"oddsid":201444863,
"odds1a":0.99,
"odds2a":0.79}],
"17boJ"]]
index.html:96 42["p",["r2",[{"type":"o",
"oddsid":201444862,
"odds1a":0.59,
"odds2a":-0.83},{"type":"o",
"oddsid":201448414,
"odds1a":-0.92,
"odds2a":0.68},{"type":"o",
"oddsid":201444858,
"com1":4.65,
"comx":2.13}],
"17bpg"]]
index.html:96 42["p",["r2",[{"type":"o",
"oddsid":201453695,
"odds1a":-0.73,
"odds2a":0.55},{"type":"o",
"oddsid":201453693,
"com2":4.85}],
"17bus"]]
index.html:96 42["p",["r2",[{"type":"m",
"matchid":30844638,
"liveperiod":1,
"livetimer":1560499345}],
"17byH"]]
index.html:96 42["p",["r2",[{"type":"o",
"oddsid":201448414,
"odds1a":-0.94,
"odds2a":0.7},{"type":"o",
"oddsid":201444858,
"comx":2.15,
"com2":2.13}],
"17bzg"]]
index.html:96 42["p",["r2",[{"type":"o",
"oddsid":201453690,
"odds1a":-0.82,
"odds2a":0.64},{"type":"o",
"oddsid":201453686,
"com1":1.93,
"comx":2.39,
"com2":5.4}],
"17cHs"]]
index.html:96 42["p",["r2",[{"type":"o",
"oddsid":201444862,
"odds1a":0.61,
"odds2a":-0.85}],
"17cIz"]]
index.html:96 42["p",["r2",[{"type":"o",
"oddsid":201448414,
"odds1a":-0.96,
"odds2a":0.72},{"type":"o",
"oddsid":201444865,
"com1":3.5,
"comx":3.45},{"type":"o",
"oddsid":201444858,
"com1":4.6,
"comx":2.17,
"com2":2.12},{"type":"o",
"oddsid":201448412,
"odds1a":0.75,
"odds2a":-0.99},{"oddsid":201458615,
"matchid":30844638,
"more_main_tab":1,
"type":"o",
"bettype":3,
"parenttypeid":3,
"oddsstatus":"running",
"liveindicator":1,
"hdp1":3.25,
"hdp2":0,
"enable":1,
"pdisplaymode":3,
"combo":3,
"profitadjust":8,
"cs30":0,
"oddsspreada":0.18,
"maxbet":526,
"ocategory":0,
"exspread":0,
"odds1a":-0.96,
"odds2a":0.78}],
"17cNc"]]
index.html:96 42["p",["r2",[{"type":"o",
"oddsid":201453693,
"comx":3.95,
"com2":4.9},{"type":"o",
"oddsid":201453695,
"hdp1":3.25,
"odds1a":-0.96,
"odds2a":0.78},{"type":"o",
"oddsid":201458615,
"hdp1":3.5,
"odds1a":-0.7,
"odds2a":0.52}],
"17cO0"]]
index.html:96 42["p",["r2",[{"type":"o",
"oddsid":201453697,
"hdp1":1,
"odds1a":0.92,
"odds2a":0.92},{"type":"o",
"oddsid":201453693,
"oddsstatus":"suspend",
"com1":1.53,
"comx":4,
"com2":4.6},{"oddsid":201458616,
"matchid":30844638,
"more_main_tab":1,
"type":"o",
"bettype":1,
"parenttypeid":1,
"oddsstatus":"running",
"liveindicator":1,
"hdp1":0.75,
"hdp2":0,
"enable":1,
"pdisplaymode":3,
"combo":3,
"profitadjust":8,
"cs30":0,
"oddsspreada":0.16,
"maxbet":526,
"ocategory":0,
"exspread":0,
"odds1a":0.67,
"odds2a":-0.83}],
"17cRU"]]
index.html:96 3
index.html:96 42["p",["r2",[{"type":"o",
"oddsid":201444862,
"odds1a":0.65,
"odds2a":-0.89}],
"17cTB"]]
index.html:96 42["p",["r2",[{"oddsid":201458617,
"type":"o",
"matchid":30844638,
"bettype":8,
"parenttypeid":8,
"oddsstatus":"running",
"liveindicator":1,
"hdp1":1.25,
"hdp2":0,
"enable":1,
"pdisplaymode":3,
"combo":3,
"profitadjust":8,
"cs30":0,
"oddsspreada":0.18,
"maxbet":463,
"ocategory":0,
"more_main_tab":0,
"exspread":0,
"odds1a":0.87,
"odds2a":0.95},{"type":"o",
"oddsid":201453693,
"com1":1.51,
"comx":4.05,
"com2":4.75},{"type":"o",
"oddsid":201444858,
"comx":2.18,
"com2":2.11},{"type":"o",
"oddsid":201448414,
"odds1a":-0.98,
"odds2a":0.74}],
"17cVl"]]
index.html:96 42["p",["r2",[{"type":"o",
"oddsid":201453690,
"hdp1":1.25,
"odds1a":0.87,
"odds2a":0.95},{"type":"o",
"oddsid":201458617,
"hdp1":1.5,
"odds1a":-0.82,
"odds2a":0.64},{"type":"o",
"oddsid":201453691,
"odds1a":0.68,
"odds2a":-0.84},{"type":"o",
"oddsid":201453686,
"com1":1.94,
"com2":5.3}],
"17cYY"]]
index.html:96 42["p",["r2",[{"type":"o",
"oddsid":201444869,
"odds1a":-0.99,
"odds2a":0.77},{"type":"o",
"oddsid":201453693,
"oddsstatus":"running"},{"type":"o",
"oddsid":201444865,
"com1":3.45,
"comx":3.4,
"com2":1.77},{"type":"o",
"oddsid":201453691,
"hdp1":0.5,
"odds1a":-1,
"odds2a":0.84},{"oddsid":201458618,
"matchid":30844638,
"more_main_tab":1,
"type":"o",
"bettype":7,
"parenttypeid":7,
"oddsstatus":"running",
"liveindicator":1,
"hdp1":0.25,
"hdp2":0,
"enable":1,
"pdisplaymode":3,
"combo":3,
"profitadjust":8,
"cs30":0,
"oddsspreada":0.16,
"maxbet":463,
"ocategory":0,
"exspread":0,
"odds1a":0.68,
"odds2a":-0.84}],
"17cca"]]
index.html:96 42["p",["r2",[{"type":"o",
"oddsid":201448412,
"odds1a":0.77,
"odds2a":0.99},{"type":"o",
"oddsid":201453686,
"oddsstatus":"suspend"}],
"17cev"]]
index.html:96 42["p",["r2",[{"type":"o",
"oddsid":201453686,
"com1":2,
"comx":2.41,
"com2":4.9},{"type":"o",
"oddsid":201448414,
"odds1a":-1,
"odds2a":0.76}],
"17ch8"]]
index.html:96 42["p",["r2",[{"type":"o",
"oddsid":201444858,
"comx":2.19},{"type":"o",
"oddsid":201453686,
"comx":2.4,
"oddsstatus":"running"}],
"17cic"]]
index.html:96 42["p",["r2",[{"type":"m",
"matchid":30844638,
"mc":36,
"mc_special":8}],
"17cpB"]]
index.html:96 42["p",["r2",[{"type":"o",
"oddsid":201448414,
"odds1a":0.85,
"odds2a":0.91},{"type":"o",
"oddsid":201444858,
"com1":4.45,
"comx":2.3,
"com2":2.04},{"type":"o",
"oddsid":201448412,
"odds1a":0.79,
"odds2a":0.97},{"type":"o",
"oddsid":201453695,
"odds1a":-0.94,
"odds2a":0.76}],
"17cuS"]]
index.html:96 42["p",["r2",[{"type":"o",
"oddsid":201444862,
"odds1a":0.52,
"odds2a":-0.76},{"type":"o",
"oddsid":201453695,
"odds1a":-0.9,
"odds2a":0.72},{"type":"o",
"oddsid":201453693,
"comx":4,
"com2":4.8},{"type":"o",
"oddsid":201448414,
"odds1a":0.98,
"odds2a":0.78},{"type":"o",
"oddsid":201444858,
"com1":4.55,
"comx":2.21,
"com2":2.09},{"type":"m",
"matchid":30844638,
"mc":37}],
"17cxk"]]
index.html:96 42["p",["r2",[{"type":"o",
"oddsid":201444867,
"odds1a":0.6,
"odds2a":-0.84}],
"17cyz"]]
index.html:96 42["p",["r2",[{"type":"o",
"oddsid":201448412,
"odds1a":0.82,
"odds2a":0.94},{"type":"o",
"oddsid":201453690,
"odds1a":0.91,
"odds2a":0.91},{"type":"o",
"oddsid":201444865,
"comx":3.35},{"type":"o",
"oddsid":201453686,
"comx":2.38,
"com2":5},{"type":"m",
"matchid":30844638,
"livechart":0,
"gameinfo":0,
"gv":2}],
"17d2F"]]
index.html:96 3
index.html:96 42["p",["r2",[{"type":"o",
"oddsid":201448414,
"odds1a":0.83,
"odds2a":0.93},{"type":"o",
"oddsid":201458615,
"odds1a":-0.67,
"odds2a":0.49},{"type":"o",
"oddsid":201444858,
"com1":4.45,
"comx":2.31,
"com2":2.04}],
"17d6n"]]
index.html:96 42["p",["r2",[{"type":"o",
"oddsid":201453697,
"odds1a":0.93,
"odds2a":0.91},{"type":"o",
"oddsid":201458616,
"odds1a":0.68,
"odds2a":-0.84}],
"17d8I"]]
index.html:96 42["p",["r2",[{"type":"o",
"oddsid":201453693,
"com1":1.52,
"com2":4.75},{"type":"o",
"oddsid":201448414,
"odds1a":0.98,
"odds2a":0.78},{"type":"o",
"oddsid":201444858,
"com1":4.55,
"comx":2.21,
"com2":2.09}],
"17d9O"]]
index.html:96 42["p",["r2",[{"type":"o",
"oddsid":201458617,
"odds1a":-0.8,
"odds2a":0.62},{"type":"o",
"oddsid":201453697,
"odds1a":0.86,
"odds2a":0.98}],
"17dIU"]]
index.html:96 42["p",["r2",[{"type":"o",
"oddsid":201453686,
"com1":2.01,
"com2":4.95},{"type":"o",
"oddsid":201453691,
"odds1a":-0.99,
"odds2a":0.83},{"type":"o",
"oddsid":201448412,
"odds1a":0.84,
"odds2a":0.92},{"type":"o",
"oddsid":201458618,
"odds1a":0.69,
"odds2a":-0.85},{"type":"o",
"oddsid":201444869,
"odds1a":-0.87,
"odds2a":0.65},{"type":"o",
"oddsid":201444865,
"com1":3.9,
"comx":3.45,
"com2":1.65}],
"17dM6"]]
index.html:96 42["p",["r2",[{"type":"o",
"oddsid":201444869,
"odds1a":-1,
"odds2a":0.78},{"type":"o",
"oddsid":201444865,
"com1":3.45,
"comx":3.35,
"com2":1.78}],
"17dWJ"]]
index.html:96 42["p",["r2",[{"type":"o",
"oddsid":201444869,
"odds1a":-0.9,
"odds2a":0.68},{"type":"o",
"oddsid":201444865,
"com1":3.8,
"comx":3.45,
"com2":1.68}],
"17dZj"]]
index.html:96 42["p",["r2",[{"type":"m",
"matchid":30843737,
"showtimedt":1560499260,
"kickofftime":1560499260,
"showtime":"<font color=red>LIVE</font> 04:02PM",
"globalshowtime":1560499260}],
"17db0"]]
index.html:96 3
index.html:96 42["p",["r2",[{"type":"o",
"oddsid":201444869,
"odds1a":0.96,
"odds2a":0.82},{"type":"o",
"oddsid":201453695,
"odds1a":-0.88,
"odds2a":0.7},{"type":"o",
"oddsid":201444865,
"com1":3.35,
"comx":3.35,
"com2":1.82},{"type":"o",
"oddsid":201444862,
"odds1a":0.54,
"odds2a":-0.78}],
"17ddi"]]
index.html:96 42["p",["r2",[{"type":"o",
"oddsid":201444869,
"odds1a":0.82,
"odds2a":0.96},{"type":"o",
"oddsid":201444865,
"com1":3,
"comx":3.25,
"com2":1.96},{"type":"o",
"oddsid":201453686,
"comx":2.37,
"com2":5},{"type":"o",
"oddsid":201448415,
"odds1a":-0.72,
"odds2a":0.5},{"type":"o",
"oddsid":201444863,
"odds1a":0.82,
"odds2a":0.96},{"type":"o",
"oddsid":201453690,
"odds1a":0.93,
"odds2a":0.89},{"type":"o",
"oddsid":201444858,
"com1":3.85,
"comx":2.17,
"com2":2.34}],
"17dhL"]]
