3probe
40
42["init",{"pnid":"fafef2bd","t":1559115773156}]
42["r",["c2","r2",[{"type":"reset"},
{"type":"m","l":1,"matchid":30601123,"csstatus":"0","livehomescore":0,"liveawayscore":1,"isht":false,"showlivescore":true,"isfulltime":false,"gamestatus":5,"bestofmap":1,"isstartingsoon":true,"movebo3down":false,"showtimedt":1559113200,"offerlive":true,"goalteam":"a","leagueid":56844,"marketid":"T","matchcode":"4850 30M","kickofftime":1559113140,"eventstatus":"running","showtime":"<font color=red>LIVE</font> 03:00PM","globalshowtime":1559113200,"haslive":0,"homeid":15674,"hteamnamech":"紐西蘭 U17","hteamnamecn":"纽西兰 U17","hteamnameen":"New Zealand U17","hteamnamejp":"ニュージーランド U17","hteamnameko":"뉴질랜드 U17","hteamnameth":"นิวซีแบนด์ U17","hteamnamesc2":"纽西兰 U17","awayid":20005,"ateamnamech":"泰國 U19","ateamnamecn":"泰国 U19","ateamnameen":"Thailand U19","ateamnamejp":"タイ U19","ateamnameko":"태국 U19","ateamnameth":"ไทย U19","ateamnamees":"","ateamnameel":"","ateamnamesc2":"泰国 U19","ateamnamemmr":"","ateamnamevn":"","sporttype":1,"liveperiod":1,"livetimer":1559113221,"pauseperiod":0,"isneutral":0,"ldisplaymode":0,"homered":0,"awayred":0,"injurytime":0,"timersuspend":0,"ismainmarket":1,"showinallmarket":false,"leagueputinmaincat":0,"leaguedisplaycat":0,"istest":0,"sessiontime":75,"iscountdowntimer":0,"gamesession":0,"overtime":0,"overtimesession":0,"delaylive":0,"isminiodds":false,"mdisplaymode":0,"leaguenamech":"四國邀請賽 (在中國)","leaguenamecn":"四国邀请赛 (在中国)","leaguenameen":"FOUR NATIONS TOURNAMENT (IN CHINA)","leaguenamejp":"","leaguenameko":"","leaguenameth":"ฟุตบอล 4 ชาติ (ที่ จีน)","leaguenamees":"","leaguenameel":"","leaguenamesc2":"四国邀请赛 (在中国)","leaguenamemmr":"","leaguenamevn":"","countrycode":"World","mc":19,"mc_parlay":0,"mc_special":7,"mc_specialParlay":0,"hascashout":0,"hassuperlive":0,"hasbetbuilder":0},
{"oddsid":199483203,"matchid":30601123,"more_main_tab":1,"type":"o","bettype":1,"parenttypeid":1,"oddsstatus":"running","liveindicator":1,"hdp1":0,"hdp2":0.25,"cs30":0,"oddsspreada":0.16,"maxbet":654,"ocategory":0,"exspread":0,"odds1a":0.67,"odds2a":-0.83},
{"oddsid":199495044,"matchid":30601123,"more_main_tab":1,"type":"o","bettype":1,"parenttypeid":1,"oddsstatus":"running","liveindicator":1,"hdp1":0,"hdp2":0,"cs30":0,"oddsspreada":0.16,"maxbet":591,"ocategory":0,"exspread":0,"odds1a":-0.8,"odds2a":0.64},
{"oddsid":199483199,"matchid":30601123,"more_main_tab":1,"type":"o","bettype":3,"parenttypeid":3,"oddsstatus":"running","liveindicator":1,"hdp1":2,"hdp2":0,"cs30":0,"oddsspreada":0.18,"maxbet":654,"ocategory":0,"exspread":0,"odds1a":-0.95,"odds2a":0.77},
{"oddsid":199495045,"matchid":30601123,"more_main_tab":1,"type":"o","bettype":3,"parenttypeid":3,"oddsstatus":"running","liveindicator":1,"hdp1":1.75,"hdp2":0,"cs30":0,"oddsspreada":0.18,"maxbet":591,"ocategory":0,"exspread":0,"odds1a":0.67,"odds2a":-0.85},
{"oddsid":199483194,"matchid":30601123,"more_main_tab":1,"type":"o","bettype":5,"parenttypeid":5,"oddsstatus":"running","liveindicator":1,"maxbet":591,"ocategory":0,"exspread":0,"com1":12,"comx":4.3,"com2":1.25},
{"oddsid":199483191,"matchid":30601123,"more_main_tab":1,"type":"o","bettype":7,"parenttypeid":7,"oddsstatus":"running","liveindicator":1,"hdp1":0,"hdp2":0,"cs30":0,"oddsspreada":0.16,"maxbet":520,"ocategory":0,"exspread":0,"odds1a":-0.91,"odds2a":0.75},
{"oddsid":199495046,"matchid":30601123,"more_main_tab":1,"type":"o","bettype":7,"parenttypeid":7,"oddsstatus":"running","liveindicator":1,"hdp1":0,"hdp2":0.25,"cs30":0,"oddsspreada":0.16,"maxbet":462,"ocategory":0,"exspread":0,"odds1a":0.13,"odds2a":-0.29},
{"oddsid":199483189,"type":"o","matchid":30601123,"bettype":8,"parenttypeid":8,"oddsstatus":"running","liveindicator":1,"hdp1":1.5,"hdp2":0,"cs30":0,"oddsspreada":0.18,"maxbet":520,"ocategory":0,"more_main_tab":0,"exspread":0,"odds1a":-0.28,"odds2a":0.1},
{"oddsid":199495047,"type":"o","matchid":30601123,"bettype":8,"parenttypeid":8,"oddsstatus":"running","liveindicator":1,"hdp1":1.75,"hdp2":0,"cs30":0,"oddsspreada":0.18,"maxbet":462,"ocategory":0,"more_main_tab":0,"exspread":0,"odds1a":-0.23,"odds2a":0.05},
{"oddsid":199483181,"matchid":30601123,"more_main_tab":1,"type":"o","bettype":15,"parenttypeid":15,"oddsstatus":"running","liveindicator":1,"maxbet":497,"ocategory":0,"exspread":0,"com1":130,"comx":7.1,"com2":1.03},
{"type":"done"}],"2PXll"]]
42["p",["r2",[{"type":"o","oddsid":199483199,"odds1a":-0.97,"odds2a":0.79}],"2PY6o"]]
42["p",["r2",[{"type":"o","oddsid":199495045,"odds1a":0.69,"odds2a":-0.87}],"2PY8p"]]
42["p",["r2",[{"type":"do","id":199495047,"oddsid":199495047},
{"type":"do","id":199483189,"oddsid":199483189},
{"type":"o","oddsid":199483181,"oddsstatus":"closed","com1":0,"comx":0,"com2":0},
{"type":"do","id":199483181,"oddsid":199483181},
{"type":"o","oddsid":199483191,"oddsstatus":"closed","odds1a":0,"odds2a":0},
{"type":"m","matchid":30601123,"mc":17,"mc_special":5},
{"type":"do","id":199483191,"oddsid":199483191}],"2PYDg"]]
42["p",["r2",[{"type":"o","oddsid":199495046,"oddsstatus":"closed","odds1a":0,"odds2a":0},
{"type":"do","id":199495046,"oddsid":199495046},
{"type":"m","matchid":30601123,"mc_special":4}],"2PYGX"]]
3
42["p",["r2",[{"type":"m","matchid":30601123,"gamestatus":0}],"2PYW5"]]
42["p",["r2",[{"type":"o","oddsid":199495044,"odds1a":-0.82,"odds2a":0.66}],"2PYfj"]]
42["p",["r2",[{"type":"o","oddsid":199483199,"odds1a":-0.95,"odds2a":0.77}],"2PYkf"]]
42["p",["r2",[{"type":"o","oddsid":199495045,"odds1a":0.71,"odds2a":-0.89}],"2PYnK"]]
42["p",["r2",[{"type":"o","oddsid":199483194,"oddsstatus":"suspend"}],"2PZ5Z"]]
3
42["p",["r2",[{"type":"m","matchid":30601123,"gamestatus":5}],"2PZ7f"]]
42["p",["r2",[{"type":"o","oddsid":199483194,"oddsstatus":"running"}],"2PZ8a"]]
42["p",["r2",[{"type":"o","oddsid":199483199,"odds1a":-0.93,"odds2a":0.75},
{"type":"o","oddsid":199483194,"com1":13,"comx":4.35,"com2":1.24}],"2PZKZ"]]
3
42["p",["r2",[{"type":"o","oddsid":199495045,"odds1a":0.73,"odds2a":-0.91}],"2PZM5"]]
3
42["p",["r2",[{"type":"o","oddsid":199483199,"odds1a":-0.91,"odds2a":0.73}],"2PZlz"]]
42["p",["r2",[{"type":"o","oddsid":199495045,"odds1a":0.75,"odds2a":-0.93}],"2PZoZ"]]
42["p",["r2",[{"type":"o","oddsid":199495045,"odds1a":0.65,"odds2a":-0.83}],"2PZy5"]]
3
42["t",1559115915159]
42["p",["r2",[{"type":"o","oddsid":199483199,"odds1a":-0.9,"odds2a":0.72}],"2PaDA"]]
42["p",["r2",[{"type":"o","oddsid":199495045,"odds1a":0.67,"odds2a":-0.85}],"2PaP3"]]
3
42["p",["r2",[{"type":"o","oddsid":199495044,"odds1a":-0.92,"odds2a":0.76}],"2PaYu"]]
42["p",["r2",[{"type":"o","oddsid":199495044,"odds1a":-0.94,"odds2a":0.78}],"2Pagc"]]
42["p",["r2",[{"type":"o","oddsid":199483194,"com1":12,"comx":4.25,"com2":1.25},
{"type":"o","oddsid":199483199,"odds1a":-0.88,"odds2a":0.7},
{"type":"o","oddsid":199483203,"odds1a":0.63,"odds2a":-0.79},
{"type":"o","oddsid":199495044,"odds1a":-0.9,"odds2a":0.74}],"2Pajm"]]
42["p",["r2",[{"type":"o","oddsid":199483203,"hdp2":0,"odds1a":-0.9,"odds2a":0.74},
{"type":"o","oddsid":199495044,"hdp2":0.25,"odds1a":0.63,"odds2a":-0.79},
{"type":"o","oddsid":199483194,"oddsstatus":"suspend","com1":11,"comx":3.95,"com2":1.28}],"2PaoJ"]]
42["p",["r2",[{"type":"o","oddsid":199483194,"oddsstatus":"running"}],"2PavU"]]
42["p",["r2",[{"type":"o","oddsid":199483203,"odds1a":-0.92,"odds2a":0.76},
{"type":"o","oddsid":199495044,"odds1a":0.61,"odds2a":-0.77},
{"type":"o","oddsid":199483194,"com1":10,"comx":3.9,"com2":1.29}],"2Pb2E"]]
3
42["p",["r2",[{"type":"o","oddsid":199495045,"odds1a":0.69,"odds2a":-0.87}],"2Pb6n"]]
42["p",["r2",[{"type":"o","oddsid":199483199,"odds1a":-0.86,"odds2a":0.68}],"2PbIA"]]
42["p",["r2",[{"type":"o","oddsid":199483194,"com1":11}],"2PbIO"]]
42["p",["r2",[{"type":"o","oddsid":199483199,"hdp1":1.75,"odds1a":0.69,"odds2a":-0.87},
{"type":"o","oddsid":199495045,"hdp1":2,"odds1a":-0.86,"odds2a":0.68}],"2PbQe"]]
3
42["p",["r2",[{"type":"o","oddsid":199483203,"odds1a":-0.95,"odds2a":0.79},
{"type":"o","oddsid":199483194,"com1":10,"comx":3.85,"com2":1.3}],"2PbaN"]]
42["p",["r2",[{"type":"o","oddsid":199483194,"comx":3.8,"com2":1.32},
{"type":"o","oddsid":199483203,"odds1a":-0.97,"odds2a":0.81},
{"type":"o","oddsid":199495044,"odds1a":0.59,"odds2a":-0.75}],"2Pbdt"]]
42["p",["r2",[{"type":"o","oddsid":199495044,"odds1a":0.57,"odds2a":-0.73}],"2Pbgx"]]
42["p",["r2",[{"type":"m","matchid":30601123,"csstatus":"1","isht":true,"liveperiod":0}],"2Pbjj"]]
3
42["p",["r2",[{"type":"o","oddsid":199495045,"odds1a":-0.88,"odds2a":0.7}],"2PcXw"]]
3
42["p",["r2",[{"type":"o","oddsid":199483203,"odds1a":-0.95,"odds2a":0.79}],"2PcfB"]]
42["p",["r2",[{"type":"o","oddsid":199483194,"comx":3.85,"com2":1.31}],"2PctU"]]
3
42["p",["r2",[{"type":"o","oddsid":199495045,"odds1a":-0.9,"odds2a":0.72}],"2Pd2b"]]
42["p",["r2",[{"type":"o","oddsid":199495045,"odds1a":-0.92,"odds2a":0.74}],"2PdBp"]]
3
3
42["p",["r2",[{"type":"o","oddsid":199495045,"odds1a":-0.94,"odds2a":0.76}],"2Pdfd"]]
42["p",["r2",[{"type":"o","oddsid":199483203,"odds1a":-0.98,"odds2a":0.82}],"2PduX"]]
42["p",["r2",[{"type":"o","oddsid":199483194,"com1":9.9,"comx":3.8,"com2":1.32}],"2PdyF"]]
3
42["p",["r2",[{"type":"o","oddsid":199495045,"odds1a":-0.96,"odds2a":0.78}],"2Pe6p"]]
3
3
42["p",["r2",[{"type":"o","oddsid":199495044,"odds1a":0.62,"odds2a":-0.78}],"2PfAr"]]
3
3
42["p",["r2",[{"type":"o","oddsid":199483203,"odds1a":-0.96,"odds2a":0.8}],"2Pfnz"]]
42["p",["r2",[{"type":"o","oddsid":199483199,"odds1a":0.63,"odds2a":-0.81},
{"type":"o","oddsid":199483194,"com1":9.5,"com2":1.33}],"2Pfrg"]]
3
42["p",["r2",[{"type":"o","oddsid":199495044,"odds1a":0.66,"odds2a":-0.82}],"2Pfwp"]]
42["p",["r2",[{"type":"o","oddsid":199495045,"odds1a":-0.98,"odds2a":0.8}],"2Pg2V"]]
3
42["p",["r2",[{"type":"o","oddsid":199495045,"odds1a":-1,"odds2a":0.82}],"2Phxr"]]
3
3
3
42["p",["r2",[{"type":"m","matchid":30601123,"gamestatus":0}],"2Pidx"]]
42["p",["r2",[{"type":"o","oddsid":199495045,"odds1a":-0.97,"odds2a":0.79}],"2Pij6"]]
42["p",["r2",[{"type":"o","oddsid":199483203,"odds1a":-0.92,"odds2a":0.76},
{"type":"o","oddsid":199483194,"com1":10,"comx":3.9,"com2":1.31}],"2PipS"]]
42["p",["r2",[{"type":"o","oddsid":199495044,"odds1a":0.59,"odds2a":-0.75}],"2PizZ"]]
3
3
42["p",["r2",[{"type":"o","oddsid":199483199,"odds1a":0.65,"odds2a":-0.83}],"2PjSn"]]
42["p",["r2",[{"type":"o","oddsid":199483194,"oddsstatus":"suspend"}],"2Pjr3"]]
42["p",["r2",[{"type":"o","oddsid":199483194,"oddsstatus":"running"}],"2Pjte"]]
3
3
3
42["p",["r2",[{"type":"o","oddsid":199495045,"odds1a":0.99,"odds2a":0.83}],"2Pkn4"]]
42["p",["r2",[{"type":"o","oddsid":199483194,"oddsstatus":"suspend"}],"2Pkv9"]]
42["p",["r2",[{"type":"o","oddsid":199483194,"oddsstatus":"running"}],"2PkyP"]]
42["t",1559116515187]
42["p",["r2",[{"type":"o","oddsid":199483199,"odds1a":0.67,"odds2a":-0.85},
{"type":"o","oddsid":199495045,"odds1a":0.97,"odds2a":0.85}],"2Pl4Y"]]
3
3
42["p",["r2",[{"type":"m","matchid":30601123,"csstatus":"0","isht":false}],"2Plhf"]]
3
3
42["p",["r2",[{"type":"o","oddsid":199495044,"odds1a":0.61,"odds2a":-0.77}],"2Plzv"]]
42["p",["r2",[{"type":"o","oddsid":199495045,"odds1a":0.95,"odds2a":0.87}],"2PmCD"]]
3
42["p",["r2",[{"type":"o","oddsid":199483194,"com1":11,"com2":1.3}],"2Pmm8"]]
42["p",["r2",[{"type":"o","oddsid":199495044,"odds1a":0.63,"odds2a":-0.79}],"2Pmva"]]
42["p",["r2",[{"type":"o","oddsid":199495045,"odds1a":0.97,"odds2a":0.85}],"2PnNL"]]
3
42["p",["r2",[{"type":"o","oddsid":199495044,"odds1a":0.65,"odds2a":-0.81}],"2PnUv"]]
42["p",["r2",[{"type":"o","oddsid":199495044,"odds1a":0.67,"odds2a":-0.83}],"2Po1u"]]
3
42["p",["r2",[{"type":"o","oddsid":199483194,"oddsstatus":"suspend"}],"2PoRY"]]
42["p",["r2",[{"type":"o","oddsid":199483199,"odds1a":0.65,"odds2a":-0.83},
{"type":"o","oddsid":199483194,"oddsstatus":"running","com1":10}],"2Poq9"]]
42["p",["r2",[{"type":"o","oddsid":199495045,"odds1a":0.99,"odds2a":0.83}],"2PpL3"]]
3
42["p",["r2",[{"type":"o","oddsid":199483203,"odds1a":-0.94,"odds2a":0.78},
{"type":"o","oddsid":199483194,"comx":3.85,"com2":1.31}],"2Pq69"]]
3
42["p",["r2",[{"type":"o","oddsid":199483194,"oddsstatus":"suspend"}],"2PqcJ"]]
42["p",["r2",[{"type":"o","oddsid":199483194,"comx":3.9}],"2Pqlq"]]
42["p",["r2",[{"type":"o","oddsid":199495045,"odds1a":0.97,"odds2a":0.85}],"2Pqmc"]]
3
42["p",["r2",[{"type":"o","oddsid":199483194,"oddsstatus":"running"}],"2PqpQ"]]
42["p",["r2",[{"type":"o","oddsid":199483194,"com1":9.4,"comx":4}],"2Przu"]]
42["p",["r2",[{"type":"o","oddsid":199483203,"odds1a":0.99,"odds2a":0.85}],"2Ps5o"]]
42["p",["r2",[{"type":"o","oddsid":199483194,"com1":8.8,"comx":3.85,"com2":1.33},
{"type":"o","oddsid":199483203,"odds1a":-0.92,"odds2a":0.76},
{"type":"o","oddsid":199495044,"odds1a":0.58,"odds2a":-0.74}],"2Ps8p"]]
42["p",["r2",[{"type":"o","oddsid":199483194,"com1":9.6,"comx":4.05,"com2":1.3}],"2PsAc"]]
3
42["p",["r2",[{"type":"o","oddsid":199495045,"odds1a":0.95,"odds2a":0.87}],"2PsIG"]]
42["p",["r2",[{"type":"o","oddsid":199483203,"odds1a":-0.99,"odds2a":0.83},
{"type":"o","oddsid":199483194,"com1":8.9,"comx":3.9,"com2":1.32}],"2PsLU"]]
3
3
42["p",["r2",[{"type":"o","oddsid":199495045,"odds1a":0.97,"odds2a":0.85}],"2PuKT"]]
3
42["p",["r2",[{"type":"o","oddsid":199495045,"odds1a":0.99,"odds2a":0.83}],"2PxEU"]]
3
42["p",["r2",[{"type":"o","oddsid":199495044,"odds1a":0.6,"odds2a":-0.76}],"2PxYm"]]
42["p",["r2",[{"type":"o","oddsid":199483203,"odds1a":0.99,"odds2a":0.85},
{"type":"o","oddsid":199495044,"odds1a":0.58,"odds2a":-0.74},
{"type":"o","oddsid":199483194,"com1":8.8,"comx":3.85,"com2":1.33}],"2Q09r"]]
3
3
42["p",["r2",[{"type":"o","oddsid":199495045,"odds1a":0.97,"odds2a":0.85}],"2Q2sM"]]
42["p",["r2",[{"type":"m","matchid":30601123,"liveperiod":2,"livetimer":1559116950}],"2Q36U"]]
3
42["p",["r2",[{"type":"o","oddsid":199495044,"odds1a":0.57,"odds2a":-0.73}],"2Q3EK"]]
42["p",["r2",[{"type":"o","oddsid":199483203,"odds1a":-0.98,"odds2a":0.82}],"2Q3O0"]]
42["p",["r2",[{"type":"o","oddsid":199483194,"com1":9,"comx":3.95,"com2":1.32}],"2Q3Sf"]]
3
42["p",["r2",[{"type":"o","oddsid":199495044,"odds1a":0.56,"odds2a":-0.72}],"2Q3m7"]]
42["p",["r2",[{"type":"o","oddsid":199495045,"odds1a":0.98,"odds2a":0.84}],"2Q3tn"]]
3
42["p",["r2",[{"type":"o","oddsid":199495045,"odds1a":0.92,"odds2a":0.9}],"2Q40n"]]
42["p",["r2",[{"type":"o","oddsid":199483199,"odds1a":0.53,"odds2a":-0.71},
{"type":"o","oddsid":199483194,"com1":8,"comx":3.85,"com2":1.36}],"2Q42u"]]
42["p",["r2",[{"type":"o","oddsid":199495044,"odds1a":0.55,"odds2a":-0.71},
{"type":"o","oddsid":199495045,"odds1a":0.86,"odds2a":0.96}],"2Q47Y"]]
42["p",["r2",[{"type":"o","oddsid":199483194,"oddsstatus":"suspend","com1":8.4,"com2":1.35}],"2Q4B2"]]
42["p",["r2",[{"type":"o","oddsid":199483194,"oddsstatus":"running"}],"2Q4Fs"]]
42["p",["r2",[{"type":"o","oddsid":199495045,"odds1a":0.88,"odds2a":0.94}],"2Q6fg"]]
3
42["p",["r2",[{"type":"o","oddsid":199483199,"odds1a":0.55,"odds2a":-0.73}],"2Q6lj"]]
42["p",["r2",[{"type":"o","oddsid":199483194,"com1":8.5},
{"type":"o","oddsid":199495045,"odds1a":0.9,"odds2a":0.92}],"2Q6pv"]]
42["p",["r2",[{"type":"o","oddsid":199483199,"hdp1":2,"odds1a":0.9,"odds2a":0.92},
{"type":"o","oddsid":199495045,"hdp1":1.75,"odds1a":0.55,"odds2a":-0.73}],"2Q6vR"]]
42["p",["r2",[{"type":"m","matchid":30601123,"mc":20}],"2Q6xu"]]
42["p",["r2",[{"type":"m","matchid":30601123,"mc":17}],"2Q6z4"]]
3
42["p",["r2",[{"type":"o","oddsid":199483199,"odds1a":0.84,"odds2a":0.98},
{"type":"o","oddsid":199483203,"odds1a":-1,"odds2a":0.84},
{"type":"o","oddsid":199483194,"com1":8.1,"comx":3.8,"com2":1.36}],"2Q70M"]]
42["p",["r2",[{"type":"o","oddsid":199483199,"odds1a":0.87,"odds2a":0.95}],"2Q7Av"]]
42["p",["r2",[{"type":"o","oddsid":199483194,"com1":8.2}],"2Q7Aw"]]
42["p",["r2",[{"type":"o","oddsid":199495045,"odds1a":0.58,"odds2a":-0.76}],"2Q7G1"]]
3
42["p",["r2",[{"type":"o","oddsid":199483203,"odds1a":1}],"2Q7Kq"]]
42["p",["r2",[{"type":"o","oddsid":199483194,"oddsstatus":"suspend"}],"2Q7Tj"]]
42["p",["r2",[{"type":"o","oddsid":199483203,"odds1a":-0.98,"odds2a":0.82},
{"type":"o","oddsid":199483194,"oddsstatus":"running","com1":8.3,"comx":3.85,"com2":1.35}],"2Q7br"]]
42["t",1559117115168]
42["p",["r2",[{"type":"o","oddsid":199483199,"odds1a":0.89,"odds2a":0.93},
{"type":"o","oddsid":199483194,"com1":8.4}],"2Q7gl"]]
3
42["p",["r2",[{"type":"o","oddsid":199495045,"odds1a":0.6,"odds2a":-0.78}],"2Q7kF"]]
42["p",["r2",[{"type":"o","oddsid":199483199,"odds1a":0.87,"odds2a":0.95}],"2Q7m9"]]
42["p",["r2",[{"type":"o","oddsid":199483194,"com1":8.3}],"2Q7mJ"]]
42["p",["r2",[{"type":"o","oddsid":199483199,"odds1a":0.89,"odds2a":0.93},
{"type":"o","oddsid":199483194,"com1":8.4}],"2Q7ue"]]
3
42["p",["r2",[{"type":"o","oddsid":199495045,"odds1a":0.62,"odds2a":-0.8}],"2Q8Lh"]]
42["p",["r2",[{"type":"o","oddsid":199483194,"oddsstatus":"closePrice"},
{"type":"o","oddsid":199483199,"oddsstatus":"closePrice"},
{"type":"o","oddsid":199483203,"oddsstatus":"closePrice"},
{"type":"o","oddsid":199495044,"oddsstatus":"closePrice"},
{"type":"o","oddsid":199495045,"oddsstatus":"closePrice"}],"2Q8U4"]]
3
42["p",["r2",[{"type":"o","oddsid":199483199,"odds1a":0.91,"odds2a":0.91}],"2Q8cm"]]
42["p",["r2",[{"type":"m","matchid":30601123,"homered":1}],"2Q8eV"]]
42["p",["r2",[{"type":"o","oddsid":199495044,"odds1a":-0.95,"odds2a":0.79}],"2Q8fL"]]
42["p",["r2",[{"type":"o","oddsid":199495045,"odds1a":0.64,"odds2a":-0.82}],"2Q8jp"]]
42["p",["r2",[{"type":"o","oddsid":199483199,"odds1a":0.85,"odds2a":0.97},
{"type":"o","oddsid":199495045,"odds1a":0.58,"odds2a":-0.76}],"2Q8pG"]]
42["p",["r2",[{"type":"o","oddsid":199483199,"odds1a":0.79,"odds2a":-0.97},
{"type":"o","oddsid":199495045,"odds1a":0.52,"odds2a":-0.7}],"2Q8rJ"]]
3
42["p",["r2",[{"type":"o","oddsid":199483199,"odds1a":0.73,"odds2a":-0.91}],"2Q8uA"]]
42["p",["r2",[{"type":"o","oddsid":199483199,"oddsstatus":"running"},
{"type":"o","oddsid":199495045,"oddsstatus":"running"},
{"type":"o","oddsid":199483203,"hdp2":0.5}],"2Q9Fu"]]
42["p",["r2",[{"type":"o","oddsid":199483203,"odds1a":0.78,"odds2a":-0.94}],"2Q9Kw"]]
42["p",["r2",[{"type":"o","oddsid":199495044,"odds1a":-0.91,"odds2a":0.75}],"2Q9No"]]
42["p",["r2",[{"type":"o","oddsid":199483203,"odds1a":0.82,"odds2a":-0.98},
{"type":"o","oddsid":199495044,"odds1a":-0.87,"odds2a":0.71}],"2Q9Ps"]]
42["p",["r2",[{"type":"o","oddsid":199483199,"odds1a":0.8,"odds2a":-0.98}],"2Q9hg"]]
3
42["p",["r2",[{"type":"o","oddsid":199483203,"odds1a":-0.87,"odds2a":0.71,"hdp2":0.25},
{"type":"o","oddsid":199495044,"hdp2":0.5,"odds1a":0.86,"odds2a":0.98}],"2QBOT"]]
42["p",["r2",[{"type":"o","oddsid":199495044,"oddsstatus":"running"}],"2QBpv"]]
42["p",["r2",[{"type":"o","oddsid":199495045,"odds1a":0.55,"odds2a":-0.73},
{"type":"o","oddsid":199483203,"odds1a":-0.83,"odds2a":0.67},
{"type":"o","oddsid":199483194,"com1":10,"comx":7.4,"com2":1.13}],"2QCND"]]
42["p",["r2",[{"type":"o","oddsid":199483194,"com1":12,"com2":1.11}],"2QCxS"]]
42["p",["r2",[{"type":"o","oddsid":199483194,"oddsstatus":"running"}],"2QD9s"]]
42["p",["r2",[{"type":"o","oddsid":199483203,"odds1a":-0.81,"odds2a":0.65,"oddsstatus":"running"}],"2QDBx"]]
42["p",["r2",[{"type":"o","oddsid":199483203,"hdp2":0.5,"odds1a":0.86,"odds2a":0.98},
{"type":"o","oddsid":199495044,"hdp2":0.25,"odds1a":-0.81,"odds2a":0.65},
{"type":"o","oddsid":199483199,"odds1a":0.82,"odds2a":-1}],"2QDGi"]]
3
42["p",["r2",[{"type":"o","oddsid":199483203,"odds1a":0.88,"odds2a":0.96}],"2QDPF"]]
42["p",["r2",[{"type":"o","oddsid":199483203,"odds1a":0.9,"odds2a":0.94}],"2QEdW"]]
3
42["p",["r2",[{"type":"o","oddsid":199483194,"oddsstatus":"suspend","com1":13,"com2":1.1}],"2QEio"]]
42["p",["r2",[{"type":"o","oddsid":199483194,"oddsstatus":"running"}],"2QEkd"]]
42["p",["r2",[{"type":"o","oddsid":199483203,"odds1a":0.92,"odds2a":0.92}],"2QEm4"]]
3
42["p",["r2",[{"type":"o","oddsid":199483203,"odds1a":0.94,"odds2a":0.9}],"2QHIm"]]
42["p",["r2",[{"type":"o","oddsid":199483194,"oddsstatus":"suspend","com1":15,"com2":1.09}],"2QHb2"]]
42["p",["r2",[{"type":"o","oddsid":199483194,"oddsstatus":"running"}],"2QHeE"]]
42["p",["r2",[{"type":"o","oddsid":199483199,"odds1a":0.88,"odds2a":0.94}],"2QHjS"]]
3
42["p",["r2",[{"type":"o","oddsid":199495044,"odds1a":-0.76,"odds2a":0.6}],"2QI1j"]]
3
42["p",["r2",[{"type":"o","oddsid":199495045,"odds1a":0.57,"odds2a":-0.75}],"2QJOD"]]
42["p",["r2",[{"type":"o","oddsid":199483199,"odds1a":0.94,"odds2a":0.88}],"2QJWM"]]
42["p",["r2",[{"type":"o","oddsid":199483194,"oddsstatus":"suspend","com1":17,"com2":1.08}],"2QJgm"]]
42["p",["r2",[{"type":"o","oddsid":199483194,"oddsstatus":"running"}],"2QJj8"]]
3
42["p",["r2",[{"type":"o","oddsid":199483199,"odds1a":0.97,"odds2a":0.85}],"2QKkJ"]]
3
42["p",["r2",[{"type":"o","oddsid":199483194,"oddsstatus":"suspend","com1":20,"comx":6.9}],"2QLFV"]]
42["p",["r2",[{"type":"o","oddsid":199483194,"oddsstatus":"running"},
{"type":"o","oddsid":199495045,"odds1a":0.59,"odds2a":-0.77}],"2QLIy"]]
42["p",["r2",[{"type":"o","oddsid":199483199,"odds1a":-0.97,"odds2a":0.79}],"2QLOG"]]
42["p",["r2",[{"type":"o","oddsid":199483194,"oddsstatus":"suspend","com1":25,"com2":1.07}],"2QLnp"]]
3
42["p",["r2",[{"type":"o","oddsid":199483194,"oddsstatus":"running"}],"2QLsG"]]
42["p",["r2",[{"type":"o","oddsid":199483199,"odds1a":-0.99,"odds2a":0.81}],"2QLtt"]]
42["p",["r2",[{"type":"o","oddsid":199483194,"oddsstatus":"suspend"}],"2QLzg"]]
42["p",["r2",[{"type":"o","oddsid":199483194,"com1":32,"com2":1.06,"oddsstatus":"running"},
{"type":"o","oddsid":199483199,"odds1a":0.99,"odds2a":0.83}],"2QM7N"]]
3
42["p",["r2",[{"type":"o","oddsid":199483203,"odds1a":0.92,"odds2a":0.92}],"2QMYM"]]
3
42["p",["r2",[{"type":"o","oddsid":199495044,"odds1a":-0.74,"odds2a":0.58}],"2QMcf"]]
3
3
42["p",["r2",[{"type":"o","oddsid":199483203,"odds1a":0.98,"odds2a":0.86}],"2QNAC"]]
42["p",["r2",[{"type":"o","oddsid":199483194,"oddsstatus":"suspend","com1":44,"com2":1.05}],"2QNK3"]]
3
42["p",["r2",[{"type":"o","oddsid":199483194,"oddsstatus":"running"},
{"type":"o","oddsid":199495045,"odds1a":0.61,"odds2a":-0.79},
{"type":"m","matchid":30601123,"mc":15}],"2QNMr"]]
42["p",["r2",[{"type":"o","oddsid":199483203,"odds1a":1,"odds2a":0.84}],"2QNSb"]]
3
42["p",["r2",[{"type":"o","oddsid":199483199,"odds1a":-0.99,"odds2a":0.81}],"2QNcj"]]
3
42["p",["r2",[{"type":"o","oddsid":199495045,"odds1a":0.59,"odds2a":-0.77}],"2QNpQ"]]
42["p",["r2",[{"type":"o","oddsid":199483203,"odds1a":0.98,"odds2a":0.86}],"2QNvM"]]
3
42["p",["r2",[{"type":"o","oddsid":199483199,"odds1a":0.99,"odds2a":0.83}],"2QOoj"]]
42["p",["r2",[{"type":"o","oddsid":199483194,"oddsstatus":"suspend"}],"2QOtr"]]
42["p",["r2",[{"type":"o","oddsid":199483194,"oddsstatus":"running"},
{"type":"o","oddsid":199483203,"odds1a":0.96,"odds2a":0.88}],"2QP6T"]]
3
42["p",["r2",[{"type":"o","oddsid":199483203,"odds1a":0.94,"odds2a":0.9}],"2QPPf"]]
42["p",["r2",[{"type":"o","oddsid":199483194,"oddsstatus":"running","com1":32,"com2":1.06},
{"type":"m","matchid":30601123,"mc":17}],"2QPo1"]]
42["p",["r2",[{"type":"o","oddsid":199483199,"odds1a":0.97,"odds2a":0.85}],"2QPxF"]]
3
42["p",["r2",[{"type":"o","oddsid":199483203,"odds1a":0.92,"odds2a":0.92}],"2QQH1"]]
42["p",["r2",[{"type":"m","matchid":30601123,"gamestatus":5}],"2QQJq"]]
3
42["t",1559117715241]
3
3
42["p",["r2",[{"type":"o","oddsid":199483199,"odds1a":-0.98,"odds2a":0.8}],"2QR3N"]]
3
42["p",["r2",[{"type":"o","oddsid":199483203,"odds1a":0.9,"odds2a":0.94}],"2QRYe"]]
42["p",["r2",[{"type":"m","matchid":30601123,"gamestatus":0}],"2QRgd"]]
3
42["p",["r2",[{"type":"o","oddsid":199483199,"odds1a":-0.96,"odds2a":0.78}],"2QRjO"]]
42["p",["r2",[{"type":"o","oddsid":199483203,"odds1a":0.88,"odds2a":0.96},
{"type":"o","oddsid":199495044,"odds1a":-0.76,"odds2a":0.6}],"2QRnc"]]
42["p",["r2",[{"type":"o","oddsid":199495045,"odds1a":0.6,"odds2a":-0.78}],"2QRsG"]]
42["p",["r2",[{"type":"o","oddsid":199495045,"odds1a":0.64,"odds2a":-0.82}],"2QRty"]]
42["p",["r2",[{"type":"o","oddsid":199495044,"odds1a":-0.8,"odds2a":0.64},
{"type":"o","oddsid":199483203,"odds1a":0.86,"odds2a":0.98}],"2QRyt"]]
3
42["p",["r2",[{"type":"o","oddsid":199483199,"odds1a":-0.94,"odds2a":0.76}],"2QS7t"]]
42["p",["r2",[{"type":"o","oddsid":199495045,"odds1a":0.67,"odds2a":-0.85}],"2QSHa"]]
3
42["p",["r2",[{"type":"o","oddsid":199483199,"odds1a":-0.92,"odds2a":0.74}],"2QTH1"]]
42["p",["r2",[{"type":"o","oddsid":199483199,"hdp1":1.75,"odds1a":0.67,"odds2a":-0.85},
{"type":"o","oddsid":199495045,"hdp1":2,"odds1a":-0.92,"odds2a":0.74}],"2QTPr"]]
3
42["p",["r2",[{"type":"m","matchid":30601123,"gamestatus":5}],"2QTuh"]]
42["p",["r2",[{"type":"o","oddsid":199483199,"odds1a":0.7,"odds2a":-0.88},
{"type":"o","oddsid":199495045,"odds1a":-0.9,"odds2a":0.72}],"2QU4D"]]
3
42["p",["r2",[{"type":"o","oddsid":199495044,"odds1a":-0.82,"odds2a":0.66},
{"type":"o","oddsid":199483203,"odds1a":0.84,"odds2a":-1}],"2QUNB"]]
42["p",["r2",[{"type":"o","oddsid":199495045,"odds1a":-0.88,"odds2a":0.7}],"2QUYb"]]
3
42["p",["r2",[{"type":"o","oddsid":199483199,"odds1a":0.72,"odds2a":-0.9}],"2QUaW"]]
42["p",["r2",[{"type":"o","oddsid":199495045,"odds1a":-0.86,"odds2a":0.68}],"2QUm8"]]
3
42["p",["r2",[{"type":"o","oddsid":199483199,"odds1a":0.74,"odds2a":-0.92}],"2QUqc"]]
42["p",["r2",[{"type":"o","oddsid":199483203,"odds1a":0.82,"odds2a":-0.98},
{"type":"o","oddsid":199495044,"odds1a":-0.84,"odds2a":0.68}],"2QUwZ"]]
42["p",["r2",[{"type":"o","oddsid":199483203,"odds1a":0.8,"odds2a":-0.96}],"2QUxu"]]
42["p",["r2",[{"type":"m","matchid":30601123,"gamestatus":0}],"2QV2O"]]
42["p",["r2",[{"type":"o","oddsid":199495045,"odds1a":-0.88,"odds2a":0.7}],"2QV4K"]]
3
42["p",["r2",[{"type":"o","oddsid":199495045,"odds1a":-0.9,"odds2a":0.72}],"2QVB3"]]
42["p",["r2",[{"type":"o","oddsid":199495045,"odds1a":-0.92,"odds2a":0.74}],"2QVEq"]]
42["p",["r2",[{"type":"o","oddsid":199483199,"odds1a":0.76,"odds2a":-0.94}],"2QVFo"]]
3
42["p",["r2",[{"type":"o","oddsid":199483203,"odds1a":0.74,"odds2a":-0.9},
{"type":"o","oddsid":199495044,"odds1a":-0.86,"odds2a":0.7}],"2QVw3"]]
42["p",["r2",[{"type":"o","oddsid":199495045,"odds1a":-0.86,"odds2a":0.68}],"2QVyI"]]
42["p",["r2",[{"type":"o","oddsid":199495045,"odds1a":-0.84,"odds2a":0.66}],"2QW1V"]]
42["p",["r2",[{"type":"o","oddsid":199495045,"oddsstatus":"suspend","hdp1":1.5,"odds1a":0.41,"odds2a":-0.59},
{"type":"o","oddsid":199483199,"odds1a":0.79,"odds2a":-0.97}],"2QW4y"]]
42["p",["r2",[{"type":"o","oddsid":199495045,"odds1a":0.47,"odds2a":-0.65}],"2QW7l"]]
42["p",["r2",[{"type":"o","oddsid":199495045,"oddsstatus":"running"}],"2QW9I"]]
42["p",["r2",[{"type":"o","oddsid":199483194,"oddsstatus":"suspend"}],"2QWHI"]]
3
42["p",["r2",[{"type":"o","oddsid":199483194,"oddsstatus":"running"}],"2QWKR"]]
42["p",["r2",[{"type":"o","oddsid":199483199,"odds1a":0.81,"odds2a":-0.99}],"2QWyk"]]
42["p",["r2",[{"type":"o","oddsid":199495045,"odds1a":0.49,"odds2a":-0.67}],"2QX2m"]]
3
42["p",["r2",[{"type":"o","oddsid":199483203,"odds1a":0.72,"odds2a":-0.88}],"2QXQf"]]
42["p",["r2",[{"type":"o","oddsid":199483199,"odds1a":0.83,"odds2a":0.99}],"2QXUm"]]
42["p",["r2",[{"type":"o","oddsid":199495045,"odds1a":0.52,"odds2a":-0.7}],"2QXWU"]]
3
42["p",["r2",[{"type":"o","oddsid":199483203,"odds1a":0.7,"odds2a":-0.86},
{"type":"o","oddsid":199495044,"odds1a":-0.92,"odds2a":0.76}],"2QXgQ"]]
42["p",["r2",[{"type":"o","oddsid":199495044,"odds1a":0.7,"odds2a":-0.86,"hdp2":0.5},
{"type":"o","oddsid":199483203,"hdp2":0.25,"odds1a":-0.94,"odds2a":0.78}],"2QXjp"]]
42["p",["r2",[{"type":"o","oddsid":199483194,"oddsstatus":"suspend"}],"2QXll"]]
3
42["p",["r2",[{"type":"o","oddsid":199483199,"odds1a":0.86,"odds2a":0.96}],"2QXsN"]]
42["p",["r2",[{"type":"o","oddsid":199495045,"odds1a":0.54,"odds2a":-0.72},
{"type":"o","oddsid":199483194,"com1":20,"comx":6.2,"com2":1.1}],"2QXuH"]]
42["p",["r2",[{"type":"o","oddsid":199483194,"oddsstatus":"running"}],"2QXwc"]]
3
42["p",["r2",[{"type":"o","oddsid":199495045,"odds1a":0.57,"odds2a":-0.75}],"2QYHJ"]]
42["p",["r2",[{"type":"o","oddsid":199483203,"odds1a":-0.98,"odds2a":0.82},
{"type":"o","oddsid":199495044,"odds1a":0.68,"odds2a":-0.84}],"2QYhl"]]
3
3
42["p",["r2",[{"type":"o","oddsid":199495044,"odds1a":0.66,"odds2a":-0.82},
{"type":"o","oddsid":199483203,"odds1a":1,"odds2a":0.84}],"2QZBz"]]
42["p",["r2",[{"type":"o","oddsid":199483199,"odds1a":0.88,"odds2a":0.94}],"2QZQq"]]
3
42["p",["r2",[{"type":"o","oddsid":199495044,"odds1a":0.64,"odds2a":-0.8},
{"type":"o","oddsid":199483203,"odds1a":0.98,"odds2a":0.86},
{"type":"o","oddsid":199483199,"odds1a":0.86,"odds2a":0.96}],"2QZW2"]]
42["p",["r2",[{"type":"o","oddsid":199483203,"odds1a":0.96,"odds2a":0.88}],"2QZcx"]]
42["p",["r2",[{"type":"o","oddsid":199483194,"oddsstatus":"running","comx":5.9,"com2":1.11}],"2QZiq"]]
42["p",["r2",[{"type":"o","oddsid":199483199,"odds1a":0.92,"odds2a":0.9}],"2QZm8"]]
3
42["p",["r2",[{"type":"o","oddsid":199495044,"odds1a":0.62,"odds2a":-0.78},
{"type":"o","oddsid":199483203,"odds1a":0.92,"odds2a":0.92}],"2QaGr"]]
42["p",["r2",[{"type":"o","oddsid":199483203,"odds1a":0.88,"odds2a":0.96}],"2QaJ3"]]
42["p",["r2",[{"type":"o","oddsid":199483199,"odds1a":0.9,"odds2a":0.92}],"2QaOX"]]
3
42["p",["r2",[{"type":"o","oddsid":199483199,"odds1a":0.96,"odds2a":0.86}],"2QaRO"]]
42["p",["r2",[{"type":"o","oddsid":199483194,"oddsstatus":"suspend","comx":5.4,"com2":1.13}],"2QaYo"]]
42["p",["r2",[{"type":"o","oddsid":199483194,"oddsstatus":"running"}],"2Qack"]]
42["p",["r2",[{"type":"o","oddsid":199483203,"odds1a":0.98,"odds2a":0.86},
{"type":"o","oddsid":199483194,"oddsstatus":"suspend","com1":19,"comx":6,"com2":1.11}],"2QafN"]]
42["p",["r2",[{"type":"o","oddsid":199483199,"odds1a":0.94,"odds2a":0.88}],"2QaoI"]]
3
42["t",1559118315201]
42["p",["r2",[{"type":"o","oddsid":199483199,"odds1a":0.96,"odds2a":0.86}],"2Qay1"]]
42["p",["r2",[{"type":"o","oddsid":199483199,"odds1a":1,"odds2a":0.82},
{"type":"o","oddsid":199483194,"oddsstatus":"running"}],"2Qb1n"]]
42["p",["r2",[{"type":"o","oddsid":199495045,"odds1a":0.69,"odds2a":-0.87}],"2Qb7c"]]
42["p",["r2",[{"type":"o","oddsid":199483199,"odds1a":-0.94,"odds2a":0.76}],"2QbFY"]]
42["p",["r2",[{"type":"o","oddsid":199483199,"hdp1":1.5,"odds1a":0.69,"odds2a":-0.87},
{"type":"o","oddsid":199495045,"hdp1":1.75,"odds1a":-0.94,"odds2a":0.76}],"2QbN6"]]
3
42["p",["r2",[{"type":"o","oddsid":199483194,"oddsstatus":"running","com1":23,"com2":1.1}],"2QcAU"]]
42["p",["r2",[{"type":"o","oddsid":199495045,"odds1a":-0.96,"odds2a":0.78}],"2QcE9"]]
42["p",["r2",[{"type":"o","oddsid":199483203,"odds1a":1,"odds2a":0.84},
{"type":"o","oddsid":199495045,"odds1a":-0.88,"odds2a":0.7}],"2QcJv"]]
42["p",["r2",[{"type":"o","oddsid":199483203,"odds1a":0.98,"odds2a":0.86}],"2QcN5"]]
42["p",["r2",[{"type":"o","oddsid":199495045,"odds1a":-0.8,"odds2a":0.62},
{"type":"o","oddsid":199483199,"odds1a":0.8,"odds2a":-0.98}],"2QcSd"]]
42["p",["r2",[{"type":"o","oddsid":199483203,"odds1a":0.93,"odds2a":0.91}],"2QcUq"]]
3
42["p",["r2",[{"type":"o","oddsid":199483199,"odds1a":0.84,"odds2a":0.98}],"2Qcar"]]
42["p",["r2",[{"type":"o","oddsid":199483199,"odds1a":0.91,"odds2a":0.91}],"2Qd2K"]]
42["p",["r2",[{"type":"o","oddsid":199483199,"odds1a":0.87,"odds2a":0.95}],"2Qd5I"]]
42["p",["r2",[{"type":"o","oddsid":199483194,"oddsstatus":"suspend"}],"2QdEn"]]
42["p",["r2",[{"type":"o","oddsid":199483199,"odds1a":0.85,"odds2a":0.97},
{"type":"o","oddsid":199483194,"com1":28,"com2":1.09}],"2QdKF"]]
42["p",["r2",[{"type":"o","oddsid":199483194,"oddsstatus":"running"},
{"type":"o","oddsid":199483203,"odds1a":0.91,"odds2a":0.93},
{"type":"o","oddsid":199495044,"odds1a":0.6,"odds2a":-0.76}],"2QdMg"]]
3
42["p",["r2",[{"type":"o","oddsid":199495045,"odds1a":-0.78,"odds2a":0.6}],"2QdOf"]]
42["p",["r2",[{"type":"o","oddsid":199483203,"odds1a":1,"odds2a":0.84}],"2QdWL"]]
42["p",["r2",[{"type":"o","oddsid":199483199,"odds1a":0.82,"odds2a":1}],"2QfeC"]]
42["p",["r2",[{"type":"o","oddsid":199483194,"oddsstatus":"running","com1":53,"com2":1.07},
{"type":"m","matchid":30601123,"mc":15}],"2QflS"]]
42["p",["r2",[{"type":"o","oddsid":199483199,"odds1a":0.88,"odds2a":0.94}],"2Qfp9"]]
3
42["p",["r2",[{"type":"o","oddsid":199495045,"odds1a":-0.75,"odds2a":0.57}],"2QfuI"]]
42["p",["r2",[{"type":"o","oddsid":199483199,"odds1a":0.9,"odds2a":0.92}],"2Qfxl"]]
42["p",["r2",[{"type":"o","oddsid":199483199,"odds1a":0.92,"odds2a":0.9}],"2Qg29"]]
42["p",["r2",[{"type":"o","oddsid":199483203,"odds1a":0.98,"odds2a":0.86}],"2QgB3"]]
3
42["p",["r2",[{"type":"o","oddsid":199483203,"odds1a":0.96,"odds2a":0.88}],"2QgDC"]]
42["p",["r2",[{"type":"o","oddsid":199483199,"odds1a":0.9,"odds2a":0.92},
{"type":"o","oddsid":199495045,"odds1a":-0.73,"odds2a":0.55}],"2QgSD"]]
3
42["p",["r2",[{"type":"o","oddsid":199495044,"odds1a":0.58,"odds2a":-0.74}],"2Qhss"]]
42["p",["r2",[{"type":"o","oddsid":199495045,"odds1a":-0.71,"odds2a":0.53},
{"type":"o","oddsid":199483199,"odds1a":0.92,"odds2a":0.9}],"2Qhvn"]]
3
42["p",["r2",[{"type":"o","oddsid":199495045,"odds1a":-0.75,"odds2a":0.57}],"2QiIB"]]
42["p",["r2",[{"type":"o","oddsid":199483199,"odds1a":0.98,"odds2a":0.84},
{"type":"o","oddsid":199495044,"odds1a":0.56,"odds2a":-0.72},
{"type":"o","oddsid":199483203,"odds1a":0.94,"odds2a":0.9}],"2QiPA"]]
42["p",["r2",[{"type":"o","oddsid":199483199,"odds1a":0.91,"odds2a":0.91}],"2QiUf"]]
42["p",["r2",[{"type":"o","oddsid":199483194,"oddsstatus":"suspend"}],"2QiZq"]]
42["p",["r2",[{"type":"o","oddsid":199483199,"odds1a":0.88,"odds2a":0.94}],"2Qid6"]]
42["p",["r2",[{"type":"o","oddsid":199483194,"oddsstatus":"running"}],"2Qik4"]]
3
42["p",["r2",[{"type":"o","oddsid":199483199,"odds1a":0.94,"odds2a":0.88}],"2QinY"]]
42["p",["r2",[{"type":"o","oddsid":199483203,"odds1a":-0.98,"odds2a":0.82}],"2Qirs"]]
42["p",["r2",[{"type":"o","oddsid":199483199,"odds1a":0.92,"odds2a":0.9}],"2Qixx"]]
42["p",["r2",[{"type":"o","oddsid":199495045,"odds1a":-0.73,"odds2a":0.55}],"2Qj1b"]]
42["p",["r2",[{"type":"o","oddsid":199483194,"oddsstatus":"suspend","com1":65,"comx":6.2,"com2":1.06},
{"type":"o","oddsid":199483199,"odds1a":0.9,"odds2a":0.92}],"2QjOI"]]
42["p",["r2",[{"type":"o","oddsid":199483194,"oddsstatus":"running"}],"2QjU8"]]
3
42["p",["r2",[{"type":"o","oddsid":199495045,"odds1a":-0.7,"odds2a":0.52}],"2QjuA"]]
42["p",["r2",[{"type":"o","oddsid":199483199,"odds1a":0.92,"odds2a":0.9}],"2Qk24"]]
3
42["p",["r2",[{"type":"o","oddsid":199483203,"odds1a":0.99,"odds2a":0.85}],"2Qk9c"]]
42["p",["r2",[{"type":"o","oddsid":199495045,"odds1a":-0.68,"odds2a":0.5},
{"type":"o","oddsid":199483194,"oddsstatus":"suspend"}],"2QkJr"]]
3
42["p",["r2",[{"type":"o","oddsid":199483199,"odds1a":0.95,"odds2a":0.87}],"2Qkat"]]
42["p",["r2",[{"type":"o","oddsid":199483194,"oddsstatus":"running"}],"2Qkea"]]
42["p",["r2",[{"type":"o","oddsid":199483199,"odds1a":0.93,"odds2a":0.89}],"2QkiK"]]
42["p",["r2",[{"type":"o","oddsid":199483194,"oddsstatus":"suspend","com1":75,"comx":6.5,"com2":1.05}],"2Qkq2"]]
42["p",["r2",[{"type":"o","oddsid":199483199,"odds1a":0.91,"odds2a":0.91},
{"type":"o","oddsid":199483194,"oddsstatus":"running"}],"2QksT"]]
42["p",["r2",[{"type":"o","oddsid":199495045,"odds1a":-0.66,"odds2a":0.48}],"2Qkz2"]]
3
42["p",["r2",[{"type":"o","oddsid":199483199,"odds1a":0.93,"odds2a":0.89}],"2QlEo"]]
3
42["p",["r2",[{"type":"o","oddsid":199483203,"odds1a":0.97,"odds2a":0.87}],"2QlcV"]]
3
42["p",["r2",[{"type":"o","oddsid":199483199,"odds1a":0.96,"odds2a":0.86}],"2Qldt"]]
3
42["p",["r2",[{"type":"o","oddsid":199483199,"odds1a":0.98,"odds2a":0.84}],"2QmqT"]]
42["p",["r2",[{"type":"o","oddsid":199483199,"odds1a":1,"odds2a":0.82}],"2QmwJ"]]
42["p",["r2",[{"type":"o","oddsid":199495045,"odds1a":-0.6,"odds2a":0.42}],"2Qn1V"]]
42["p",["r2",[{"type":"o","oddsid":199483203,"odds1a":0.91,"odds2a":0.93}],"2Qn50"]]
3
42["p",["r2",[{"type":"o","oddsid":199483203,"odds1a":1,"odds2a":0.84}],"2Qn9G"]]
42["p",["r2",[{"type":"o","oddsid":199483203,"odds1a":0.98,"odds2a":0.86},
{"type":"o","oddsid":199495044,"odds1a":0.54,"odds2a":-0.7}],"2QnAi"]]
42["p",["r2",[{"type":"o","oddsid":199483203,"odds1a":0.96,"odds2a":0.88}],"2QnDr"]]
42["p",["r2",[{"type":"o","oddsid":199483199,"odds1a":-0.98,"odds2a":0.8}],"2QnM1"]]
3
3
42["p",["r2",[{"type":"o","oddsid":199495045,"odds1a":-0.5,"odds2a":0.32}],"2Qolg"]]
42["p",["r2",[{"type":"o","oddsid":199483194,"oddsstatus":"suspend"}],"2QorG"]]
42["p",["r2",[{"type":"o","oddsid":199483194,"oddsstatus":"running"}],"2Qoxo"]]
3
42["p",["r2",[{"type":"o","oddsid":199483203,"odds1a":0.94,"odds2a":0.9},
{"type":"o","oddsid":199483194,"oddsstatus":"suspend","com1":84,"comx":6.4}],"2Qp54"]]
42["p",["r2",[{"type":"o","oddsid":199483194,"oddsstatus":"running"}],"2Qp5R"]]
42["p",["r2",[{"type":"o","oddsid":199483199,"odds1a":-0.96,"odds2a":0.78}],"2QpE2"]]
3
42["p",["r2",[{"type":"m","matchid":30601123,"l":2}],"2QpcI"]]
3
3
42["p",["r2",[{"type":"o","oddsid":199483203,"odds1a":0.96,"odds2a":0.88}],"2Qpux"]]
42["p",["r2",[{"type":"o","oddsid":199483203,"odds1a":0.94,"odds2a":0.9},
{"type":"o","oddsid":199495045,"odds1a":-0.46,"odds2a":0.28},
{"type":"o","oddsid":199483199,"odds1a":-0.92,"odds2a":0.74}],"2Qq7b"]]
3
42["p",["r2",[{"type":"o","oddsid":199483194,"oddsstatus":"running","com1":99,"comx":6.7,"com2":1.04}],"2QqLW"]]
42["t",1559118915204]
42["p",["r2",[{"type":"o","oddsid":199483203,"odds1a":0.92,"odds2a":0.92}],"2QqV7"]]
3
42["p",["r2",[{"type":"m","matchid":30601123,"mc":14}],"2Qqe9"]]
42["p",["r2",[{"type":"o","oddsid":199495045,"odds1a":-0.48,"odds2a":0.3}],"2QrJH"]]
3
42["p",["r2",[{"type":"o","oddsid":199483199,"odds1a":-0.9,"odds2a":0.72}],"2QrQy"]]
42["p",["r2",[{"type":"o","oddsid":199483203,"odds1a":0.9,"odds2a":0.94}],"2QrZg"]]
42["p",["r2",[{"type":"o","oddsid":199483199,"odds1a":-0.87,"odds2a":0.69}],"2QrdW"]]
42["p",["r2",[{"type":"o","oddsid":199495045,"odds1a":-0.44,"odds2a":0.26},
{"type":"o","oddsid":199483203,"odds1a":0.88,"odds2a":0.96},
{"type":"o","oddsid":199495044,"odds1a":0.52,"odds2a":-0.68}],"2Qrkr"]]
3
42["p",["r2",[{"type":"o","oddsid":199483203,"odds1a":0.86,"odds2a":0.98}],"2Qrwu"]]
3
42["p",["r2",[{"type":"o","oddsid":199495044,"odds1a":0.48,"odds2a":-0.64},
{"type":"o","oddsid":199483203,"odds1a":0.84,"odds2a":-1}],"2QsAm"]]
42["p",["r2",[{"type":"o","oddsid":199483199,"odds1a":-0.84,"odds2a":0.66}],"2QsGi"]]
42["p",["r2",[{"type":"o","oddsid":199483203,"odds1a":0.82,"odds2a":-0.98}],"2QsOS"]]
3
42["p",["r2",[{"type":"o","oddsid":199495045,"odds1a":-0.4,"odds2a":0.22},
{"type":"o","oddsid":199483199,"odds1a":-0.8,"odds2a":0.62}],"2Qsbf"]]
42["p",["r2",[{"type":"o","oddsid":199483194,"oddsstatus":"suspend"}],"2Qsc3"]]
42["p",["r2",[{"type":"m","matchid":30601123,"mc":13}],"2Qsfy"]]
42["p",["r2",[{"type":"o","oddsid":199483194,"oddsstatus":"running"}],"2Qsii"]]
3
42["p",["r2",[{"type":"o","oddsid":199483203,"odds1a":0.8,"odds2a":-0.96},
{"type":"o","oddsid":199495044,"odds1a":0.46,"odds2a":-0.62}],"2Qsl7"]]
3
42["p",["r2",[{"type":"o","oddsid":199483194,"oddsstatus":"suspend"}],"2QtJR"]]
42["p",["r2",[{"type":"o","oddsid":199483203,"odds1a":0.78,"odds2a":-0.94},
{"type":"o","oddsid":199495044,"odds1a":0.44,"odds2a":-0.6}],"2QtKw"]]
42["p",["r2",[{"type":"o","oddsid":199483199,"odds1a":-0.78,"odds2a":0.6}],"2QtMw"]]
42["p",["r2",[{"type":"o","oddsid":199483194,"oddsstatus":"running"},
{"type":"o","oddsid":199495045,"odds1a":-0.42,"odds2a":0.24}],"2QtQP"]]
3
42["p",["r2",[{"type":"o","oddsid":199483199,"odds1a":-0.66,"odds2a":0.48},
{"type":"m","matchid":30601123,"mc":12}],"2QtTn"]]
42["p",["r2",[{"type":"o","oddsid":199483203,"odds1a":0.76,"odds2a":-0.92},
{"type":"o","oddsid":199495044,"odds1a":0.42,"odds2a":-0.58},
{"type":"o","oddsid":199483194,"oddsstatus":"suspend","com1":119,"comx":7.6,"com2":1.02}],"2Qu3a"]]
3
42["p",["r2",[{"type":"o","oddsid":199483194,"oddsstatus":"running"}],"2Qu6J"]]
42["p",["r2",[{"type":"o","oddsid":199495045,"odds1a":-0.38,"odds2a":0.2}],"2QuAF"]]
3
42["p",["r2",[{"type":"o","oddsid":199495044,"odds1a":0.4,"odds2a":-0.56}],"2QuRJ"]]
42["p",["r2",[{"type":"o","oddsid":199483194,"oddsstatus":"suspend"}],"2QuVs"]]
42["p",["r2",[{"type":"o","oddsid":199483199,"odds1a":-0.62,"odds2a":0.44}],"2QuXn"]]
3
42["p",["r2",[{"type":"o","oddsid":199483194,"oddsstatus":"running"}],"2QukQ"]]
42["p",["r2",[{"type":"o","oddsid":199483203,"odds1a":0.72,"odds2a":-0.88}],"2Qv56"]]
42["p",["r2",[{"type":"o","oddsid":199483203,"odds1a":0.7,"odds2a":-0.86},
{"type":"o","oddsid":199495044,"odds1a":0.38,"odds2a":-0.54}],"2QvB7"]]
42["p",["r2",[{"type":"o","oddsid":199495044,"odds1a":0.36,"odds2a":-0.52}],"2QvDw"]]
3
42["p",["r2",[{"type":"o","oddsid":199483203,"odds1a":0.68,"odds2a":-0.84},
{"type":"o","oddsid":199495044,"odds1a":0.34,"odds2a":-0.5},
{"type":"o","oddsid":199483199,"odds1a":-0.51,"odds2a":0.33},
{"type":"m","matchid":30601123,"mc":8}],"2QvYy"]]
42["p",["r2",[{"type":"o","oddsid":199495044,"oddsstatus":"suspend","hdp2":0,"odds1a":-0.77,"odds2a":0.61}],"2QvZF"]]
42["p",["r2",[{"type":"o","oddsid":199483194,"oddsstatus":"closed"},
{"type":"o","oddsid":199495045,"odds1a":-0.34,"odds2a":0.16},
{"type":"do","id":199483194,"oddsid":199483194},
{"type":"m","matchid":30601123,"mc_special":3}],"2Qvcn"]]
3
42["p",["r2",[{"type":"o","oddsid":199495044,"odds1a":-0.3,"odds2a":0.14},
{"type":"m","matchid":30601123,"mc":7}],"2Qvg1"]]
42["p",["r2",[{"type":"o","oddsid":199495044,"oddsstatus":"running"}],"2Qvvi"]]
42["p",["r2",[{"type":"o","oddsid":199483203,"odds1a":0.64,"odds2a":-0.8}],"2Qw2E"]]
42["p",["r2",[{"type":"o","oddsid":199495044,"odds1a":-0.24,"odds2a":0.08},
{"type":"m","matchid":30601123,"mc":8}],"2Qw6I"]]
3
42["p",["r2",[{"type":"o","oddsid":199483203,"odds1a":0.62,"odds2a":-0.78},
{"type":"o","oddsid":199495045,"odds1a":-0.32,"odds2a":0.14},
{"type":"o","oddsid":199483199,"odds1a":-0.49,"odds2a":0.31},
{"type":"m","matchid":30601123,"mc":7}],"2QwHR"]]
42["p",["r2",[{"type":"o","oddsid":199483203,"odds1a":0.56,"odds2a":-0.72},
{"type":"m","matchid":30601123,"mc":9}],"2QwMT"]]
3
42["p",["r2",[{"type":"o","oddsid":199495044,"odds1a":-0.26,"odds2a":0.1}],"2Qweu"]]
42["p",["r2",[{"type":"o","oddsid":199483203,"odds1a":0.54,"odds2a":-0.7}],"2QwgO"]]
42["p",["r2",[{"type":"o","oddsid":199483203,"odds1a":0.52,"odds2a":-0.68}],"2Qwhl"]]
3
42["p",["r2",[{"type":"o","oddsid":199483199,"odds1a":-0.47,"odds2a":0.29},
{"type":"o","oddsid":199495045,"odds1a":-0.3,"odds2a":0.12}],"2QwoK"]]
3
42["p",["r2",[{"type":"o","oddsid":199483199,"odds1a":-0.45,"odds2a":0.27}],"2Qx7j"]]
42["p",["r2",[{"type":"m","matchid":30601123,"mc":1,"mc_special":2}],"2QxDc"]]
42["p",["r2",[{"type":"o","oddsid":199495044,"maxbet":520},
{"type":"o","oddsid":199483203,"maxbet":576},
{"type":"o","oddsid":199495045,"maxbet":520},
{"type":"o","oddsid":199483199,"maxbet":576}],"2QxHx"]]
3
42["p",["r2",[{"type":"o","oddsid":199483199,"odds1a":-0.47,"odds2a":0.29}],"2QxPc"]]
42["p",["r2",[{"type":"o","oddsid":199495044,"odds1a":-0.29,"odds2a":0.13}],"2QxpU"]]
42["p",["r2",[{"type":"o","oddsid":199483203,"odds1a":0.48,"odds2a":-0.64}],"2Qxw5"]]
3
42["p",["r2",[{"type":"o","oddsid":199483199,"odds1a":-0.38,"odds2a":0.2}],"2QyM3"]]
3
42["p",["r2",[{"type":"o","oddsid":199483203,"odds1a":0.44,"odds2a":-0.6}],"2QyRT"]]
42["p",["r2",[{"type":"o","oddsid":199483203,"odds1a":0.42,"odds2a":-0.58},
{"type":"o","oddsid":199495045,"odds1a":-0.28,"odds2a":0.1}],"2QyUZ"]]
42["p",["r2",[{"type":"o","oddsid":199483203,"odds1a":0.38,"odds2a":-0.54}],"2Qyes"]]
3
42["p",["r2",[{"type":"o","oddsid":199495045,"odds1a":-0.26,"odds2a":0.08}],"2Qz8g"]]
42["p",["r2",[{"type":"o","oddsid":199483203,"odds1a":0.34,"odds2a":-0.5}],"2Qz9s"]]
42["p",["r2",[{"type":"o","oddsid":199483199,"odds1a":-0.4,"odds2a":0.22}],"2QzDL"]]
3
42["p",["r2",[{"type":"o","oddsid":199483203,"odds1a":0.3,"odds2a":-0.46}],"2QzPi"]]
3
42["p",["r2",[{"type":"o","oddsid":199495044,"odds1a":-0.31,"odds2a":0.15}],"2Qzht"]]
42["t",1559119515204]
42["p",["r2",[{"type":"o","oddsid":199483203,"odds1a":0.26,"odds2a":-0.42}],"2R00d"]]
3
42["p",["r2",[{"type":"m","matchid":30601123,"mc":0}],"2R0DO"]]
3
42["p",["r2",[{"type":"o","oddsid":199495044,"odds1a":-0.33,"odds2a":0.17},
{"type":"o","oddsid":199483199,"odds1a":-0.38,"odds2a":0.2},
{"type":"o","oddsid":199495045,"odds1a":-0.24,"odds2a":0.06},
{"type":"o","oddsid":199483203,"odds1a":0.22,"odds2a":-0.38}],"2R0OB"]]
42["p",["r2",[{"type":"o","oddsid":199495044,"odds1a":-0.31,"odds2a":0.15}],"2R0Si"]]
42["p",["r2",[{"type":"o","oddsid":199483203,"odds1a":0.18,"odds2a":-0.34}],"2R0Wa"]]
3
42["p",["r2",[{"type":"o","oddsid":199483203,"odds1a":0.25,"odds2a":-0.41},
{"type":"o","oddsid":199483199,"odds1a":-0.36,"odds2a":0.18},
{"type":"o","oddsid":199495045,"odds1a":-0.22,"odds2a":0.04}],"2R1O3"]]
42["p",["r2",[{"type":"o","oddsid":199483203,"odds1a":0.23,"odds2a":-0.39}],"2R1OA"]]
3
42["p",["r2",[{"type":"m","matchid":30601123,"injurytime":3}],"2R1ux"]]
3
42["p",["r2",[{"type":"o","oddsid":199483203,"odds1a":0.21,"odds2a":-0.37}],"2R2Iw"]]
42["p",["r2",[{"type":"o","oddsid":199483199,"odds1a":-0.34,"odds2a":0.16}],"2R2L3"]]
42["p",["r2",[{"type":"o","oddsid":199495044,"odds1a":-0.33,"odds2a":0.17}],"2R2P8"]]
42["p",["r2",[{"type":"o","oddsid":199483199,"odds1a":-0.32,"odds2a":0.14}],"2R2Qj"]]
3
42["p",["r2",[{"type":"o","oddsid":199483203,"odds1a":0.17,"odds2a":-0.33}],"2R2am"]]
42["p",["r2",[{"type":"o","oddsid":199483199,"oddsstatus":"suspend"}],"2R2zh"]]
3
42["p",["r2",[{"type":"o","oddsid":199495045,"oddsstatus":"suspend"},
{"type":"o","oddsid":199483203,"odds1a":0.15,"odds2a":-0.31}],"2R32Q"]]
42["p",["r2",[{"type":"o","oddsid":199483203,"odds1a":0.13,"odds2a":-0.29}],"2R371"]]
42["p",["r2",[{"type":"o","oddsid":199495045,"oddsstatus":"closed"},
{"type":"do","id":199495045,"oddsid":199495045}],"2R3DM"]]
42["p",["r2",[{"type":"o","oddsid":199483199,"oddsstatus":"closed"},
{"type":"o","oddsid":199495044,"oddsstatus":"closed"},
{"type":"do","id":199483199,"oddsid":199483199},
{"type":"do","id":199495044,"oddsid":199495044},
{"type":"m","matchid":30601123,"mc_special":1}],"2R3N4"]]
3
42["p",["r2",[{"type":"o","oddsid":199483203,"oddsstatus":"closed"},
{"type":"dm","id":30601123,"matchid":30601123},
{"type":"do","id":199483203,"oddsid":199483203}],"2R3PR"]]
3
3
3
3
3
3
3
3
3
3
3
3
3
3
3
42["t",1559120115202]
3
3
