42["r",["c2",
"r9",[{"type":"reset"},{"type":"m",
"l":1,
"matchid":30783382,
"csstatus":"0",
"livehomescore":0,
"liveawayscore":0,
"isht":false,
"showlivescore":true,
"isfulltime":false,
"gamestatus":0,
"bestofmap":1,
"isstartingsoon":true,
"movebo3down":false,
"showtimedt":1560155400,
"offerlive":true,
"showintoday":false,
"goalteam":"",
"leagueid":54510,
"marketid":"T",
"matchcode":"0752",
"kickofftime":1560155340,
"eventstatus":"running",
"showtime":"<font color=red>LIVE</font> 04:30PM",
"globalshowtime":1560155400,
"haslive":0,
"homeid":398957,
"hteamnamech":"河內足球俱樂部 2",
"hteamnamecn":"河内足球俱乐部 2",
"hteamnameen":"Ha Noi FC 2",
"hteamnamejp":"",
"hteamnameko":"",
"hteamnameth":"ฮานอย 2",
"hteamnamees":"",
"hteamnameel":"",
"hteamnamesc2":"河内II队",
"hteamnamemmr":"",
"hteamnamevn":"",
"awayid":595681,
"ateamnamech":"峴港FC II隊",
"ateamnamecn":"峴港FC II队",
"ateamnameen":"SHB Da Nang FC 2",
"ateamnamejp":"",
"ateamnameko":"",
"ateamnameth":"SBH ดา นัง เอฟซี 2",
"ateamnamees":"",
"ateamnameel":"",
"ateamnamesc2":"岘港II队",
"ateamnamemmr":"",
"ateamnamevn":"",
"sporttype":1,
"liveperiod":1,
"livetimer":1560155413,
"pauseperiod":0,
"isneutral":0,
"ldisplaymode":0,
"homered":0,
"awayred":0,
"injurytime":0,
"timersuspend":0,
"ismainmarket":1,
"showinallmarket":false,
"leagueputinmaincat":0,
"leaguedisplaycat":0,
"istest":0,
"sessiontime":75,
"iscountdowntimer":0,
"gamesession":0,
"overtime":0,
"overtimesession":0,
"delaylive":0,
"isminiodds":false,
"mdisplaymode":0,
"leaguenamech":"越南丙組聯賽",
"leaguenamecn":"越南丙组联赛",
"leaguenameen":"VIETNAM SECOND LEAGUE",
"leaguenamejp":"",
"leaguenameko":"",
"leaguenameth":"เวียดนาม เวียดนามลีก 2",
"leaguenamees":"",
"leaguenameel":"",
"leaguenamesc2":"越南丙组联赛",
"leaguenamemmr":"",
"leaguenamevn":"",
"countrycode":"VIE",
"mc":0,
"mc_parlay":0,
"mc_special":6,
"mc_specialParlay":0,
"hascashout":0,
"hassuperlive":0,
"hasbetbuilder":0},{"oddsid":201009346,
"matchid":30783382,
"more_main_tab":1,
"type":"o",
"bettype":1,
"parenttypeid":1,
"oddsstatus":"running",
"liveindicator":1,
"hdp1":1,
"hdp2":0,
"cs30":0,
"oddsspreada":0.3,
"maxbet":463,
"ocategory":0,
"exspread":-8,
"odds1a":0.78,
"odds2a":0.92},{"oddsid":201038696,
"matchid":30783382,
"more_main_tab":1,
"type":"o",
"bettype":1,
"parenttypeid":1,
"oddsstatus":"running",
"liveindicator":1,
"hdp1":1.25,
"hdp2":0,
"cs30":0,
"oddsspreada":0.3,
"maxbet":463,
"ocategory":0,
"exspread":-8,
"odds1a":-0.97,
"odds2a":0.67},{"oddsid":201009338,
"matchid":30783382,
"more_main_tab":1,
"type":"o",
"bettype":3,
"parenttypeid":3,
"oddsstatus":"running",
"liveindicator":1,
"hdp1":3.25,
"hdp2":0,
"cs30":0,
"oddsspreada":0.3,
"maxbet":463,
"ocategory":0,
"exspread":-8,
"odds1a":0.94,
"odds2a":0.76},{"oddsid":201038695,
"matchid":30783382,
"more_main_tab":1,
"type":"o",
"bettype":3,
"parenttypeid":3,
"oddsstatus":"running",
"liveindicator":1,
"hdp1":3,
"hdp2":0,
"cs30":0,
"oddsspreada":0.3,
"maxbet":463,
"ocategory":0,
"exspread":-8,
"odds1a":0.71,
"odds2a":0.99},{"oddsid":201009329,
"matchid":30783382,
"more_main_tab":1,
"type":"o",
"bettype":5,
"parenttypeid":5,
"oddsstatus":"running",
"liveindicator":1,
"maxbet":418,
"ocategory":0,
"exspread":0,
"com1":1.51,
"comx":4.15,
"com2":4},{"oddsid":201038698,
"matchid":30783382,
"more_main_tab":1,
"type":"o",
"bettype":7,
"parenttypeid":7,
"oddsstatus":"running",
"liveindicator":1,
"hdp1":0.5,
"hdp2":0,
"cs30":0,
"oddsspreada":0.3,
"maxbet":463,
"ocategory":0,
"exspread":-8,
"odds1a":0.94,
"odds2a":0.76},{"oddsid":201009318,
"type":"o",
"matchid":30783382,
"bettype":8,
"parenttypeid":8,
"oddsstatus":"running",
"liveindicator":1,
"hdp1":1.25,
"hdp2":0,
"cs30":0,
"oddsspreada":0.3,
"maxbet":463,
"ocategory":0,
"more_main_tab":0,
"exspread":-8,
"odds1a":0.79,
"odds2a":0.91},{"oddsid":201038697,
"type":"o",
"matchid":30783382,
"bettype":8,
"parenttypeid":8,
"oddsstatus":"running",
"liveindicator":1,
"hdp1":1.5,
"hdp2":0,
"cs30":0,
"oddsspreada":0.3,
"maxbet":463,
"ocategory":0,
"more_main_tab":0,
"exspread":-8,
"odds1a":-0.93,
"odds2a":0.63},{"oddsid":201009301,
"matchid":30783382,
"more_main_tab":1,
"type":"o",
"bettype":15,
"parenttypeid":15,
"oddsstatus":"running",
"liveindicator":1,
"maxbet":418,
"ocategory":0,
"exspread":0,
"com1":1.94,
"comx":2.52,
"com2":4.2},{"type":"m",
"l":1,
"matchid":30783384,
"csstatus":"0",
"livehomescore":0,
"liveawayscore":0,
"isht":false,
"showlivescore":true,
"isfulltime":false,
"gamestatus":0,
"bestofmap":1,
"isstartingsoon":true,
"movebo3down":false,
"showtimedt":1560155400,
"offerlive":true,
"showintoday":false,
"goalteam":"",
"leagueid":54510,
"marketid":"T",
"matchcode":"0753",
"kickofftime":1560155340,
"eventstatus":"running",
"showtime":"<font color=red>LIVE</font> 04:30PM",
"globalshowtime":1560155400,
"haslive":0,
"homeid":481637,
"hteamnamech":"南定II隊",
"hteamnamecn":"南定II队",
"hteamnameen":"Nam Dinh 2",
"hteamnamejp":"",
"hteamnameko":"남딘 2",
"hteamnameth":"นัมดินห์ 2",
"hteamnamees":"",
"hteamnameel":"",
"hteamnamesc2":"南定II队",
"hteamnamemmr":"",
"hteamnamevn":"",
"awayid":399610,
"ateamnamech":"崑嵩",
"ateamnamecn":"昆嵩",
"ateamnameen":"Kon Tum FC",
"ateamnamejp":"",
"ateamnameko":"",
"ateamnameth":"โคน ตูม FC",
"ateamnamees":"",
"ateamnameel":"",
"ateamnamesc2":"昆嵩",
"ateamnamemmr":"",
"ateamnamevn":"",
"sporttype":1,
"liveperiod":1,
"livetimer":1560155056,
"pauseperiod":0,
"isneutral":0,
"ldisplaymode":0,
"homered":0,
"awayred":0,
"injurytime":0,
"timersuspend":0,
"ismainmarket":1,
"showinallmarket":false,
"leagueputinmaincat":0,
"leaguedisplaycat":0,
"istest":0,
"sessiontime":75,
"iscountdowntimer":0,
"gamesession":0,
"overtime":0,
"overtimesession":0,
"delaylive":0,
"isminiodds":false,
"mdisplaymode":0,
"leaguenamech":"越南丙組聯賽",
"leaguenamecn":"越南丙组联赛",
"leaguenameen":"VIETNAM SECOND LEAGUE",
"leaguenamejp":"",
"leaguenameko":"",
"leaguenameth":"เวียดนาม เวียดนามลีก 2",
"leaguenamees":"",
"leaguenameel":"",
"leaguenamesc2":"越南丙组联赛",
"leaguenamemmr":"",
"leaguenamevn":"",
"countrycode":"VIE",
"mc":0,
"mc_parlay":0,
"mc_special":6,
"mc_specialParlay":0,
"hascashout":0,
"hassuperlive":0,
"hasbetbuilder":0,
"livechart":0,
"gameinfo":0,
"gv":2},{"oddsid":201009356,
"matchid":30783384,
"more_main_tab":1,
"type":"o",
"bettype":1,
"parenttypeid":1,
"oddsstatus":"running",
"liveindicator":1,
"hdp1":0,
"hdp2":0.25,
"cs30":0,
"oddsspreada":0.3,
"maxbet":463,
"ocategory":0,
"exspread":-8,
"odds1a":0.7,
"odds2a":-1},{"oddsid":201022474,
"matchid":30783384,
"more_main_tab":1,
"type":"o",
"bettype":1,
"parenttypeid":1,
"oddsstatus":"running",
"liveindicator":1,
"hdp1":0,
"hdp2":0,
"cs30":0,
"oddsspreada":0.3,
"maxbet":463,
"ocategory":0,
"exspread":-8,
"odds1a":-0.95,
"odds2a":0.65},{"oddsid":201009349,
"matchid":30783384,
"more_main_tab":1,
"type":"o",
"bettype":3,
"parenttypeid":3,
"oddsstatus":"running",
"liveindicator":1,
"hdp1":1.75,
"hdp2":0,
"cs30":0,
"oddsspreada":0.3,
"maxbet":463,
"ocategory":0,
"exspread":-8,
"odds1a":0.68,
"odds2a":-0.98},{"oddsid":201022475,
"matchid":30783384,
"more_main_tab":1,
"type":"o",
"bettype":3,
"parenttypeid":3,
"oddsstatus":"running",
"liveindicator":1,
"hdp1":2,
"hdp2":0,
"cs30":0,
"oddsspreada":0.3,
"maxbet":463,
"ocategory":0,
"exspread":-8,
"odds1a":-0.97,
"odds2a":0.67},{"oddsid":201009341,
"matchid":30783384,
"more_main_tab":1,
"type":"o",
"bettype":5,
"parenttypeid":5,
"oddsstatus":"running",
"liveindicator":1,
"maxbet":418,
"ocategory":0,
"exspread":0,
"com1":2.85,
"comx":2.78,
"com2":2.28},{"oddsid":201009333,
"matchid":30783384,
"more_main_tab":1,
"type":"o",
"bettype":7,
"parenttypeid":7,
"oddsstatus":"running",
"liveindicator":1,
"hdp1":0,
"hdp2":0,
"cs30":0,
"oddsspreada":0.3,
"maxbet":463,
"ocategory":0,
"exspread":-8,
"odds1a":0.95,
"odds2a":0.75},{"oddsid":201022476,
"matchid":30783384,
"more_main_tab":1,
"type":"o",
"bettype":7,
"parenttypeid":7,
"oddsstatus":"running",
"liveindicator":1,
"hdp1":0,
"hdp2":0.25,
"cs30":0,
"oddsspreada":0.3,
"maxbet":463,
"ocategory":0,
"exspread":-8,
"odds1a":0.5,
"odds2a":-0.8},{"oddsid":201009330,
"type":"o",
"matchid":30783384,
"bettype":8,
"parenttypeid":8,
"oddsstatus":"running",
"liveindicator":1,
"hdp1":0.75,
"hdp2":0,
"cs30":0,
"oddsspreada":0.3,
"maxbet":463,
"ocategory":0,
"more_main_tab":0,
"exspread":-8,
"odds1a":0.99,
"odds2a":0.71},{"oddsid":201022477,
"type":"o",
"matchid":30783384,
"bettype":8,
"parenttypeid":8,
"oddsstatus":"running",
"liveindicator":1,
"hdp1":0.5,
"hdp2":0,
"cs30":0,
"oddsspreada":0.3,
"maxbet":463,
"ocategory":0,
"more_main_tab":0,
"exspread":-8,
"odds1a":0.74,
"odds2a":0.96},{"oddsid":201009313,
"matchid":30783384,
"more_main_tab":1,
"type":"o",
"bettype":15,
"parenttypeid":15,
"oddsstatus":"running",
"liveindicator":1,
"maxbet":418,
"ocategory":0,
"exspread":0,
"com1":3.85,
"comx":1.66,
"com2":3.45},{"type":"m",
"l":1,
"matchid":30783383,
"csstatus":"0",
"livehomescore":0,
"liveawayscore":0,
"isht":false,
"showlivescore":true,
"isfulltime":false,
"gamestatus":0,
"bestofmap":1,
"isstartingsoon":true,
"movebo3down":false,
"showtimedt":1560155400,
"offerlive":true,
"showintoday":false,
"goalteam":"",
"leagueid":54510,
"marketid":"T",
"matchcode":"0754",
"kickofftime":1560155340,
"eventstatus":"running",
"showtime":"<font color=red>LIVE</font> 04:30PM",
"globalshowtime":1560155400,
"haslive":0,
"homeid":343272,
"hteamnamech":"前江",
"hteamnamecn":"前江",
"hteamnameen":"Tien Giang",
"hteamnamejp":"",
"hteamnameko":"",
"hteamnameth":"เที่ยนย้าง",
"hteamnamees":"",
"hteamnameel":"",
"hteamnamesc2":"前江",
"hteamnamemmr":"",
"hteamnamevn":"",
"awayid":342207,
"ateamnamech":"平順",
"ateamnamecn":"平顺",
"ateamnameen":"Binh Thuan FC",
"ateamnamejp":"",
"ateamnameko":"",
"ateamnameth":"บินห์ทวน FC",
"ateamnamees":"",
"ateamnameel":"",
"ateamnamesc2":"平顺",
"ateamnamemmr":"",
"ateamnamevn":"",
"sporttype":1,
"liveperiod":1,
"livetimer":1560155260,
"pauseperiod":0,
"isneutral":0,
"ldisplaymode":0,
"homered":0,
"awayred":0,
"injurytime":0,
"timersuspend":0,
"ismainmarket":1,
"showinallmarket":false,
"leagueputinmaincat":0,
"leaguedisplaycat":0,
"istest":0,
"sessiontime":75,
"iscountdowntimer":0,
"gamesession":0,
"overtime":0,
"overtimesession":0,
"delaylive":0,
"isminiodds":false,
"mdisplaymode":0,
"leaguenamech":"越南丙組聯賽",
"leaguenamecn":"越南丙组联赛",
"leaguenameen":"VIETNAM SECOND LEAGUE",
"leaguenamejp":"",
"leaguenameko":"",
"leaguenameth":"เวียดนาม เวียดนามลีก 2",
"leaguenamees":"",
"leaguenameel":"",
"leaguenamesc2":"越南丙组联赛",
"leaguenamemmr":"",
"leaguenamevn":"",
"countrycode":"VIE",
"mc":0,
"mc_parlay":0,
"mc_special":6,
"mc_specialParlay":0,
"hascashout":0,
"hassuperlive":0,
"hasbetbuilder":0,
"livechart":0,
"gameinfo":0,
"gv":2},{"oddsid":201009354,
"matchid":30783383,
"more_main_tab":1,
"type":"o",
"bettype":1,
"parenttypeid":1,
"oddsstatus":"running",
"liveindicator":1,
"hdp1":0,
"hdp2":1.25,
"cs30":0,
"oddsspreada":0.3,
"maxbet":463,
"ocategory":0,
"exspread":-8,
"odds1a":0.58,
"odds2a":-0.88},{"oddsid":201049809,
"matchid":30783383,
"more_main_tab":1,
"type":"o",
"bettype":1,
"parenttypeid":1,
"oddsstatus":"running",
"liveindicator":1,
"hdp1":0,
"hdp2":1,
"cs30":0,
"oddsspreada":0.3,
"maxbet":463,
"ocategory":0,
"exspread":-8,
"odds1a":0.75,
"odds2a":0.95},{"oddsid":201009347,
"matchid":30783383,
"more_main_tab":1,
"type":"o",
"bettype":3,
"parenttypeid":3,
"oddsstatus":"running",
"liveindicator":1,
"hdp1":3,
"hdp2":0,
"cs30":0,
"oddsspreada":0.3,
"maxbet":463,
"ocategory":0,
"exspread":-8,
"odds1a":0.99,
"odds2a":0.71},{"oddsid":201049810,
"matchid":30783383,
"more_main_tab":1,
"type":"o",
"bettype":3,
"parenttypeid":3,
"oddsstatus":"running",
"liveindicator":1,
"hdp1":2.75,
"hdp2":0,
"cs30":0,
"oddsspreada":0.3,
"maxbet":463,
"ocategory":0,
"exspread":-8,
"odds1a":0.79,
"odds2a":0.91},{"oddsid":201009340,
"matchid":30783383,
"more_main_tab":1,
"type":"o",
"bettype":5,
"parenttypeid":5,
"oddsstatus":"running",
"liveindicator":1,
"maxbet":418,
"ocategory":0,
"exspread":0,
"com1":3.8,
"comx":3.85,
"com2":1.58},{"oddsid":201009331,
"matchid":30783383,
"more_main_tab":1,
"type":"o",
"bettype":7,
"parenttypeid":7,
"oddsstatus":"running",
"liveindicator":1,
"hdp1":0,
"hdp2":0.5,
"cs30":0,
"oddsspreada":0.3,
"maxbet":463,
"ocategory":0,
"exspread":-8,
"odds1a":0.71,
"odds2a":0.99},{"oddsid":201049811,
"matchid":30783383,
"more_main_tab":1,
"type":"o",
"bettype":7,
"parenttypeid":7,
"oddsstatus":"running",
"liveindicator":1,
"hdp1":0,
"hdp2":0.25,
"cs30":0,
"oddsspreada":0.3,
"maxbet":463,
"ocategory":0,
"exspread":-8,
"odds1a":-0.99,
"odds2a":0.69},{"oddsid":201009327,
"type":"o",
"matchid":30783383,
"bettype":8,
"parenttypeid":8,
"oddsstatus":"running",
"liveindicator":1,
"hdp1":1.25,
"hdp2":0,
"cs30":0,
"oddsspreada":0.3,
"maxbet":463,
"ocategory":0,
"more_main_tab":0,
"exspread":-8,
"odds1a":-0.9,
"odds2a":0.6},{"oddsid":201049812,
"type":"o",
"matchid":30783383,
"bettype":8,
"parenttypeid":8,
"oddsstatus":"running",
"liveindicator":1,
"hdp1":1,
"hdp2":0,
"cs30":0,
"oddsspreada":0.3,
"maxbet":463,
"ocategory":0,
"more_main_tab":0,
"exspread":-8,
"odds1a":0.58,
"odds2a":-0.88},{"oddsid":201009312,
"matchid":30783383,
"more_main_tab":1,
"type":"o",
"bettype":15,
"parenttypeid":15,
"oddsstatus":"running",
"liveindicator":1,
"maxbet":418,
"ocategory":0,
"exspread":0,
"com1":4.6,
"comx":2.33,
"com2":1.99},{"type":"m",
"l":1,
"matchid":30783380,
"csstatus":"0",
"livehomescore":0,
"liveawayscore":0,
"isht":false,
"showlivescore":true,
"isfulltime":false,
"gamestatus":0,
"bestofmap":1,
"isstartingsoon":true,
"movebo3down":false,
"showtimedt":1560153600,
"offerlive":true,
"showintoday":false,
"goalteam":"",
"leagueid":54510,
"marketid":"T",
"matchcode":"8100",
"kickofftime":1560153540,
"eventstatus":"running",
"showtime":"<font color=red>LIVE</font> 04:00PM",
"globalshowtime":1560153600,
"haslive":0,
"homeid":314301,
"hteamnamech":"人民公安",
"hteamnamecn":"人民公安",
"hteamnameen":"Cong An Nhan Dan FC",
"hteamnamejp":"",
"hteamnameko":"Cong An Nhan Dan FC",
"hteamnameth":"ก๋องแองหยึ่งยึง",
"hteamnamees":"",
"hteamnameel":"",
"hteamnamesc2":"人民公安",
"hteamnamemmr":"",
"hteamnamevn":"",
"awayid":481945,
"ateamnamech":"菲斯三慶和",
"ateamnamecn":"菲斯三庆和",
"ateamnameen":"Fishsan Khanh Hoa",
"ateamnamejp":"",
"ateamnameko":"",
"ateamnameth":"ฟิสซาน ขันหว่า",
"ateamnamees":"",
"ateamnameel":"",
"ateamnamesc2":"菲斯三庆和",
"ateamnamemmr":"",
"ateamnamevn":"",
"sporttype":1,
"liveperiod":1,
"livetimer":1560153519,
"pauseperiod":0,
"isneutral":0,
"ldisplaymode":0,
"homered":0,
"awayred":0,
"injurytime":0,
"timersuspend":0,
"ismainmarket":1,
"showinallmarket":false,
"leagueputinmaincat":0,
"leaguedisplaycat":0,
"istest":0,
"sessiontime":75,
"iscountdowntimer":0,
"gamesession":0,
"overtime":0,
"overtimesession":0,
"delaylive":0,
"isminiodds":false,
"mdisplaymode":0,
"leaguenamech":"越南丙組聯賽",
"leaguenamecn":"越南丙组联赛",
"leaguenameen":"VIETNAM SECOND LEAGUE",
"leaguenamejp":"",
"leaguenameko":"",
"leaguenameth":"เวียดนาม เวียดนามลีก 2",
"leaguenamees":"",
"leaguenameel":"",
"leaguenamesc2":"越南丙组联赛",
"leaguenamemmr":"",
"leaguenamevn":"",
"countrycode":"VIE",
"mc":0,
"mc_parlay":0,
"mc_special":5,
"mc_specialParlay":0,
"hascashout":0,
"hassuperlive":0,
"hasbetbuilder":0,
"livechart":0,
"gameinfo":0,
"gv":2},{"oddsid":201009486,
"matchid":30783380,
"more_main_tab":1,
"type":"o",
"bettype":1,
"parenttypeid":1,
"oddsstatus":"running",
"liveindicator":1,
"hdp1":1,
"hdp2":0,
"cs30":0,
"oddsspreada":0.3,
"maxbet":463,
"ocategory":0,
"exspread":-8,
"odds1a":0.51,
"odds2a":-0.81},{"oddsid":201022478,
"matchid":30783380,
"more_main_tab":1,
"type":"o",
"bettype":1,
"parenttypeid":1,
"oddsstatus":"running",
"liveindicator":1,
"hdp1":1.25,
"hdp2":0,
"cs30":0,
"oddsspreada":0.3,
"maxbet":463,
"ocategory":0,
"exspread":-8,
"odds1a":0.89,
"odds2a":0.81},{"oddsid":201009484,
"matchid":30783380,
"more_main_tab":1,
"type":"o",
"bettype":3,
"parenttypeid":3,
"oddsstatus":"running",
"liveindicator":1,
"hdp1":1.75,
"hdp2":0,
"cs30":0,
"oddsspreada":0.3,
"maxbet":463,
"ocategory":0,
"exspread":-8,
"odds1a":0.73,
"odds2a":0.97},{"oddsid":201022479,
"matchid":30783380,
"more_main_tab":1,
"type":"o",
"bettype":3,
"parenttypeid":3,
"oddsstatus":"running",
"liveindicator":1,
"hdp1":2,
"hdp2":0,
"cs30":0,
"oddsspreada":0.3,
"maxbet":463,
"ocategory":0,
"exspread":-8,
"odds1a":0.93,
"odds2a":0.77},{"oddsid":201009482,
"matchid":30783380,
"more_main_tab":1,
"type":"o",
"bettype":5,
"parenttypeid":5,
"oddsstatus":"running",
"liveindicator":1,
"maxbet":418,
"ocategory":0,
"exspread":0,
"com1":1.32,
"comx":3.2,
"com2":13},{"oddsid":201009480,
"matchid":30783380,
"more_main_tab":1,
"type":"o",
"bettype":7,
"parenttypeid":7,
"oddsstatus":"running",
"liveindicator":1,
"hdp1":0.25,
"hdp2":0,
"cs30":0,
"oddsspreada":0.3,
"maxbet":463,
"ocategory":0,
"exspread":-8,
"odds1a":-0.82,
"odds2a":0.52},{"oddsid":201022480,
"matchid":30783380,
"more_main_tab":1,
"type":"o",
"bettype":7,
"parenttypeid":7,
"oddsstatus":"running",
"liveindicator":1,
"hdp1":0,
"hdp2":0,
"cs30":0,
"oddsspreada":0.3,
"maxbet":463,
"ocategory":0,
"exspread":-8,
"odds1a":0.07,
"odds2a":-0.37},{"oddsid":201009479,
"type":"o",
"matchid":30783380,
"bettype":8,
"parenttypeid":8,
"oddsstatus":"running",
"liveindicator":1,
"hdp1":0.5,
"hdp2":0,
"cs30":0,
"oddsspreada":0.3,
"maxbet":463,
"ocategory":0,
"more_main_tab":0,
"exspread":-8,
"odds1a":-0.44,
"odds2a":0.14},{"oddsid":201022481,
"type":"o",
"matchid":30783380,
"bettype":8,
"parenttypeid":8,
"oddsstatus":"running",
"liveindicator":1,
"hdp1":0.75,
"hdp2":0,
"cs30":0,
"oddsspreada":0.3,
"maxbet":463,
"ocategory":0,
"more_main_tab":0,
"exspread":-8,
"odds1a":-0.49,
"odds2a":0.19},{"type":"m",
"l":1,
"matchid":30783381,
"csstatus":"0",
"livehomescore":1,
"liveawayscore":0,
"isht":false,
"showlivescore":true,
"isfulltime":false,
"gamestatus":0,
"bestofmap":1,
"isstartingsoon":true,
"movebo3down":false,
"showtimedt":1560153600,
"offerlive":true,
"showintoday":false,
"goalteam":"h",
"leagueid":54510,
"marketid":"T",
"matchcode":"8101",
"kickofftime":1560153540,
"eventstatus":"running",
"showtime":"<font color=red>LIVE</font> 04:00PM",
"globalshowtime":1560153600,
"haslive":0,
"homeid":595775,
"hteamnamech":"嘉定",
"hteamnamecn":"嘉定",
"hteamnameen":"Gia Dinh FC",
"hteamnamejp":"",
"hteamnameko":"",
"hteamnameth":"",
"hteamnamees":"",
"hteamnameel":"",
"hteamnamesc2":"嘉定",
"hteamnamemmr":"",
"hteamnamevn":"",
"awayid":342211,
"ateamnamech":"永隆",
"ateamnamecn":"永隆",
"ateamnameen":"Vinh Long FC",
"ateamnamejp":"",
"ateamnameko":"",
"ateamnameth":"วินห์ลอง FC",
"ateamnamees":"",
"ateamnameel":"",
"ateamnamesc2":"永隆",
"ateamnamemmr":"",
"ateamnamevn":"",
"sporttype":1,
"liveperiod":1,
"livetimer":1560153722,
"pauseperiod":0,
"isneutral":0,
"ldisplaymode":0,
"homered":0,
"awayred":0,
"injurytime":0,
"timersuspend":0,
"ismainmarket":1,
"showinallmarket":false,
"leagueputinmaincat":0,
"leaguedisplaycat":0,
"istest":0,
"sessiontime":75,
"iscountdowntimer":0,
"gamesession":0,
"overtime":0,
"overtimesession":0,
"delaylive":0,
"isminiodds":false,
"mdisplaymode":0,
"leaguenamech":"越南丙組聯賽",
"leaguenamecn":"越南丙组联赛",
"leaguenameen":"VIETNAM SECOND LEAGUE",
"leaguenamejp":"",
"leaguenameko":"",
"leaguenameth":"เวียดนาม เวียดนามลีก 2",
"leaguenamees":"",
"leaguenameel":"",
"leaguenamesc2":"越南丙组联赛",
"leaguenamemmr":"",
"leaguenamevn":"",
"countrycode":"VIE",
"mc":0,
"mc_parlay":0,
"mc_special":4,
"mc_specialParlay":0,
"hascashout":0,
"hassuperlive":0,
"hasbetbuilder":0,
"livechart":0,
"gameinfo":0,
"gv":2},{"oddsid":201009355,
"matchid":30783381,
"more_main_tab":1,
"type":"o",
"bettype":1,
"parenttypeid":1,
"oddsstatus":"running",
"liveindicator":1,
"hdp1":1.25,
"hdp2":0,
"cs30":0,
"oddsspreada":0.3,
"maxbet":463,
"ocategory":0,
"exspread":-8,
"odds1a":0.52,
"odds2a":-0.82},{"oddsid":201054199,
"matchid":30783381,
"more_main_tab":1,
"type":"o",
"bettype":1,
"parenttypeid":1,
"oddsstatus":"running",
"liveindicator":1,
"hdp1":1,
"hdp2":0,
"cs30":0,
"oddsspreada":0.3,
"maxbet":463,
"ocategory":0,
"exspread":-8,
"odds1a":0.31,
"odds2a":-0.61},{"oddsid":201009348,
"matchid":30783381,
"more_main_tab":1,
"type":"o",
"bettype":3,
"parenttypeid":3,
"oddsstatus":"running",
"liveindicator":1,
"hdp1":4.25,
"hdp2":0,
"cs30":0,
"oddsspreada":0.3,
"maxbet":463,
"ocategory":0,
"exspread":-8,
"odds1a":0.73,
"odds2a":0.97},{"oddsid":201054200,
"matchid":30783381,
"more_main_tab":1,
"type":"o",
"bettype":3,
"parenttypeid":3,
"oddsstatus":"running",
"liveindicator":1,
"hdp1":4,
"hdp2":0,
"cs30":0,
"oddsspreada":0.3,
"maxbet":463,
"ocategory":0,
"exspread":-8,
"odds1a":0.56,
"odds2a":-0.86},{"oddsid":201009332,
"matchid":30783381,
"more_main_tab":1,
"type":"o",
"bettype":7,
"parenttypeid":7,
"oddsstatus":"running",
"liveindicator":1,
"hdp1":0.5,
"hdp2":0,
"cs30":0,
"oddsspreada":0.3,
"maxbet":463,
"ocategory":0,
"exspread":-8,
"odds1a":0.93,
"odds2a":0.77},{"oddsid":201054201,
"matchid":30783381,
"more_main_tab":1,
"type":"o",
"bettype":7,
"parenttypeid":7,
"oddsstatus":"running",
"liveindicator":1,
"hdp1":0.25,
"hdp2":0,
"cs30":0,
"oddsspreada":0.3,
"maxbet":463,
"ocategory":0,
"exspread":-8,
"odds1a":0.52,
"odds2a":-0.82},{"oddsid":201009328,
"type":"o",
"matchid":30783381,
"bettype":8,
"parenttypeid":8,
"oddsstatus":"running",
"liveindicator":1,
"hdp1":2.25,
"hdp2":0,
"cs30":0,
"oddsspreada":0.3,
"maxbet":463,
"ocategory":0,
"more_main_tab":0,
"exspread":-8,
"odds1a":-0.69,
"odds2a":0.39},{"oddsid":201054202,
"type":"o",
"matchid":30783381,
"bettype":8,
"parenttypeid":8,
"oddsstatus":"running",
"liveindicator":1,
"hdp1":2,
"hdp2":0,
"cs30":0,
"oddsspreada":0.3,
"maxbet":463,
"ocategory":0,
"more_main_tab":0,
"exspread":-8,
"odds1a":0.51,
"odds2a":-0.81},{"type":"done"}],
"1HftHS"]]