index.html:96 42["p",["r1",[{"type":"o","oddsid":200148953,"com1":5.2,"comx":1.56,"com2":3.5},{"type":"o","oddsid":200167902,"odds1a":0.8,"odds2a":-0.98,"oddsstatus":"running"}],"91M6s"]]
index.html:96 42["p",["r1",[{"type":"o","oddsid":200165828,"odds1a":0.5,"odds2a":-0.66}],"91M7U"]]
index.html:96 42["p",["r1",[{"type":"o","oddsid":200148962,"odds1a":0.99,"odds2a":0.83}],"91MZj"]]
index.html:96 42["p",["r1",[{"type":"o","oddsid":200148960,"comx":2.9,"com2":2.1},{"type":"o","oddsid":200148957,"odds1a":-0.88,"odds2a":0.7},{"type":"o","oddsid":200148953,"com1":5.3,"comx":1.55},{"type":"o","oddsid":200165827,"odds1a":-0.61,"odds2a":0.43}],"91Mcx"]]
index.html:96 42["p",["r1",[{"type":"o","oddsid":200165827,"odds1a":-0.59,"odds2a":0.41}],"91Mdi"]]
index.html:96 42["p",["r1",[{"type":"o","oddsid":200148962,"odds1a":-0.99,"odds2a":0.81},{"type":"o","oddsid":200148960,"comx":2.89,"com2":2.11},{"type":"o","oddsid":200165825,"oddsstatus":"suspend","hdp1":2,"odds1a":0.66,"odds2a":-0.84}],"91MiB"]]
index.html:96 42["p",["r1",[{"type":"o","oddsid":200148957,"odds1a":-0.9,"odds2a":0.72},{"type":"o","oddsid":200148953,"com1":5.2,"comx":1.56},{"type":"o","oddsid":200165825,"odds1a":0.74,"odds2a":-0.92},{"type":"o","oddsid":200167904,"odds1a":-0.91,"odds2a":0.73}],"91MlH"]]
index.html:96 3
index.html:96 42["p",["r1",[{"type":"o","oddsid":200165825,"odds1a":0.76,"odds2a":-0.94,"oddsstatus":"running"}],"91Mrc"]]
index.html:96 42["p",["r1",[{"type":"o","oddsid":200165825,"odds1a":0.64,"odds2a":-0.82}],"91MxL"]]
index.html:96 42["p",["r1",[{"type":"o","oddsid":200148904,"com1":4.9,"comx":1.84,"com2":2.69},{"type":"o","oddsid":200148920,"odds1a":0.79,"odds2a":-0.97}],"91N0N"]]
index.html:96 42["p",["r1",[{"type":"o","oddsid":200167904,"odds1a":0.98,"odds2a":0.84}],"91N5V"]]
index.html:96 42["p",["r1",[{"type":"o","oddsid":200167904,"odds1a":-0.99,"odds2a":0.81}],"91N6t"]]
index.html:96 42["p",["r1",[{"type":"o","oddsid":200167904,"odds1a":-0.9,"odds2a":0.72},{"type":"o","oddsid":200148957,"odds1a":-0.92,"odds2a":0.74},{"type":"o","oddsid":200148953,"comx":1.57,"com2":3.45}],"91N9V"]]
index.html:96 42["p",["r1",[{"type":"o","oddsid":200165828,"odds1a":0.49,"odds2a":-0.65}],"91NN9"]]
index.html:96 42["p",["r1",[{"type":"m","matchid":30674558,"gamestatus":5}],"91NSo"]]
index.html:96 3
index.html:96 42["p",["r1",[{"type":"o","oddsid":200167904,"odds1a":-0.8,"odds2a":0.62}],"91Nda"]]
index.html:96 42["p",["r1",[{"type":"o","oddsid":200148957,"odds1a":-0.94,"odds2a":0.76}],"91Nex"]]
index.html:96 42["p",["r1",[{"type":"o","oddsid":200148953,"com1":5.1,"comx":1.58},{"type":"o","oddsid":200148957,"odds1a":-0.87,"odds2a":0.69}],"91NhR"]]
index.html:96 42["p",["r1",[{"type":"o","oddsid":200148953,"com1":5.3,"comx":1.54,"com2":3.55},{"type":"o","oddsid":200148904,"comx":1.83,"com2":2.7},{"type":"o","oddsid":200148920,"odds1a":0.81,"odds2a":-0.99}],"91NkE"]]
index.html:96 42["p",["r1",[{"type":"o","oddsid":200148957,"odds1a":-0.89,"odds2a":0.71},{"type":"o","oddsid":200148953,"comx":1.55,"com2":3.5}],"91NqL"]]
index.html:96 3
index.html:96 42["p",["r1",[{"type":"o","oddsid":200148920,"odds1a":0.79,"odds2a":-0.97},{"type":"o","oddsid":200148904,"comx":1.84,"com2":2.69}],"91NvO"]]
index.html:96 42["p",["r1",[{"type":"o","oddsid":200167904,"odds1a":-0.82,"odds2a":0.64}],"91NxQ"]]
index.html:96 42["p",["r1",[{"type":"o","oddsid":200165828,"odds1a":0.48,"odds2a":-0.64},{"type":"o","oddsid":200167010,"odds1a":-0.8,"odds2a":0.62}],"91O1j"]]
index.html:96 42["p",["r1",[{"type":"o","oddsid":200167009,"odds1a":-0.99,"odds2a":0.83}],"91OK8"]]
index.html:96 42["p",["r1",[{"type":"o","oddsid":200167009,"odds1a":0.99,"odds2a":0.85}],"91OKZ"]]
index.html:96 42["p",["r1",[{"type":"o","oddsid":200167009,"odds1a":0.97,"odds2a":0.87}],"91OMk"]]
index.html:96 3
index.html:96 42["p",["r1",[{"type":"o","oddsid":200167009,"odds1a":0.95,"odds2a":0.89}],"91OQD"]]
index.html:96 42["p",["r1",[{"type":"o","oddsid":200148964,"odds1a":-0.97,"odds2a":0.81},{"type":"o","oddsid":200148929,"oddsstatus":"suspend","com1":33,"comx":7.3},{"type":"o","oddsid":200148904,"com1":4.95,"comx":1.82,"com2":2.72},{"type":"o","oddsid":200148920,"odds1a":0.82,"odds2a":-1},{"type":"o","oddsid":200167904,"odds1a":-0.8,"odds2a":0.62}],"91OVW"]]
index.html:96 42["p",["r1",[{"type":"o","oddsid":200148929,"oddsstatus":"running"}],"91OYY"]]
index.html:96 42["p",["r1",[{"type":"o","oddsid":200148964,"odds1a":0.99,"odds2a":0.85},{"type":"o","oddsid":200167902,"odds1a":0.7,"odds2a":-0.88}],"91Oj9"]]
index.html:96 42["p",["r1",[{"type":"o","oddsid":200165828,"odds1a":0.47,"odds2a":-0.63},{"type":"o","oddsid":200148953,"com1":5.5,"comx":1.5,"com2":3.7},{"type":"o","oddsid":200148957,"odds1a":-0.78,"odds2a":0.6},{"type":"o","oddsid":200167902,"odds1a":0.74,"odds2a":-0.92}],"91OlU"]]
index.html:96 3
index.html:96 42["p",["r1",[{"type":"m","matchid":30674558,"gamestatus":0}],"91Oqb"]]
index.html:96 42["p",["r1",[{"type":"o","oddsid":200167903,"odds1a":-0.52,"odds2a":0.36},{"type":"o","oddsid":200148904,"com1":5.7,"com2":2.52},{"type":"o","oddsid":200148920,"odds1a":0.84,"odds2a":0.98},{"type":"o","oddsid":200167904,"odds1a":-0.77,"odds2a":0.59}],"91Ovc"]]
index.html:96 42["p",["r1",[{"type":"o","oddsid":200167902,"odds1a":0.76,"odds2a":-0.94}],"91Oxf"]]
index.html:96 42["p",["r1",[{"type":"m","l":1,"matchid":30674560,"csstatus":"0","livehomescore":0,"liveawayscore":0,"isht":false,"showlivescore":true,"isfulltime":false,"gamestatus":0,"bestofmap":1,"isstartingsoon":true,"movebo3down":false,"showtimedt":1559545200,"offerlive":true,"showintoday":false,"goalteam":"","leagueid":71445,"marketid":"T","matchcode":"5083","kickofftime":1559545140,"eventstatus":"running","showtime":"<font color=red>LIVE</font> 03:00PM","globalshowtime":1559545200,"haslive":0,"homeid":14912,"hteamnamech":"珀斯","hteamnamecn":"珀斯","hteamnameen":"Perth SC","hteamnamejp":"Perth SC","hteamnameko":"Perth SC","hteamnameth":"เพิร์ท","hteamnamees":"","hteamnameel":"","hteamnamesc2":"佩尔斯","hteamnamevn":"","awayid":40512,"ateamnamech":"灣水市","ateamnamecn":"湾水市","ateamnameen":"Bayswater City","ateamnamejp":"","ateamnameko":"Bayswater City","ateamnameth":"เบย์สวอเตอร์ ซิตี้","ateamnamees":"","ateamnameel":"","ateamnamesc2":"湾水市","ateamnamevn":"","sporttype":1,"liveperiod":0,"livetimer":1559545140,"pauseperiod":0,"isneutral":0,"ldisplaymode":0,"homered":0,"awayred":0,"injurytime":0,"timersuspend":0,"ismainmarket":1,"showinallmarket":false,"leagueputinmaincat":0,"leaguedisplaycat":0,"istest":0,"sessiontime":75,"iscountdowntimer":0,"gamesession":0,"overtime":0,"overtimesession":0,"delaylive":0,"isminiodds":false,"mdisplaymode":0,"leaguenamech":"澳洲足協盃外圍賽","leaguenamecn":"澳洲足协杯外围赛","leaguenameen":"AUSTRALIA FFA CUP QUALIFIERS","leaguenamejp":"","leaguenameko":"","leaguenameth":"ออสเตรเลีย เอฟเอฟเอ คัพ รอบคัดเลือก","leaguenamees":"","leaguenameel":"","leaguenamesc2":"澳洲足协杯外围赛","leaguenamemmr":"","leaguenamevn":"","countrycode":"AUS","mc":0,"mc_parlay":0,"mc_special":1,"mc_specialParlay":0,"hascashout":0,"hassuperlive":0,"hasbetbuilder":0},{"oddsid":200148936,"matchid":30674560,"more_main_tab":1,"type":"o","bettype":3,"parenttypeid":3,"oddsstatus":"running","liveindicator":1,"hdp1":3.25,"hdp2":0,"cs30":0,"oddsspreada":0.18,"maxbet":654,"ocategory":0,"exspread":0,"odds1a":0.67,"odds2a":-0.85,"enable":1,"pdisplaymode":3,"combo":3,"profitadjust":8},{"type":"m","matchid":30674560,"mc_special":1}],"91OzL"]]
index.html:96 42["p",["r1",[{"type":"o","oddsid":200148929,"oddsstatus":"closed"},{"type":"o","oddsid":200148937,"oddsstatus":"closed"},{"type":"o","oddsid":200148945,"oddsstatus":"closed"},{"type":"o","oddsid":200167009,"oddsstatus":"closed"},{"type":"o","oddsid":200167010,"oddsstatus":"closed"},{"type":"do","id":200148929,"oddsid":200148929},{"type":"do","id":200148937,"oddsid":200148937},{"type":"do","id":200148945,"oddsid":200148945},{"type":"do","id":200167009,"oddsid":200167009},{"type":"dm","id":30674557,"matchid":30674557},{"type":"do","id":200167010,"oddsid":200167010}],"91P2v"]]
index.html:96 42["p",["r1",[{"type":"o","oddsid":200165825,"odds1a":0.73,"odds2a":-0.91},{"oddsid":200148944,"matchid":30674560,"more_main_tab":1,"type":"o","bettype":1,"parenttypeid":1,"oddsstatus":"running","liveindicator":1,"hdp1":1.25,"hdp2":0,"enable":1,"pdisplaymode":3,"combo":3,"profitadjust":8,"cs30":0,"oddsspreada":0.16,"maxbet":654,"ocategory":0,"exspread":0,"odds1a":-0.98,"odds2a":0.82},{"type":"m","matchid":30674560,"mc_special":2}],"91PAJ"]]
index.html:96 42["p",["r1",[{"type":"o","oddsid":200148964,"odds1a":-0.99,"odds2a":0.83}],"91PBS"]]
index.html:96 3
index.html:96 42["p",["r1",[{"type":"o","oddsid":200165827,"odds1a":-0.49,"odds2a":0.31}],"91PCp"]]
index.html:96 42["p",["r1",[{"oddsid":200148914,"type":"o","matchid":30674560,"bettype":8,"liveindicator":1,"enable":1,"pdisplaymode":3,"combo":3,"profitadjust":8,"parenttypeid":8,"oddsstatus":"running","hdp1":1.5,"hdp2":0,"cs30":0,"oddsspreada":0.18,"maxbet":591,"ocategory":0,"more_main_tab":0,"exspread":0,"odds1a":0.82,"odds2a":1},{"type":"m","matchid":30674560,"mc_special":3}],"91PF5"]]
index.html:96 42["p",["r1",[{"type":"o","oddsid":200165828,"odds1a":0.46,"odds2a":-0.62}],"91PGo"]]
index.html:96 42["p",["r1",[{"type":"o","oddsid":200148964,"odds1a":0.99,"odds2a":0.85}],"91PJK"]]
index.html:96 42["p",["r1",[{"type":"o","oddsid":200165828,"odds1a":0.48,"odds2a":-0.64},{"oddsid":200148925,"matchid":30674560,"more_main_tab":1,"type":"o","bettype":5,"parenttypeid":5,"oddsstatus":"running","liveindicator":1,"maxbet":591,"ocategory":0,"exspread":0,"com1":1.47,"comx":4.2,"com2":4.85,"enable":1,"pdisplaymode":3,"combo":3,"profitadjust":8},{"type":"m","matchid":30674560,"mc_special":4}],"91PMm"]]
index.html:96 42["p",["r1",[{"type":"o","oddsid":200148920,"odds1a":0.82,"odds2a":1},{"type":"o","oddsid":200148904,"comx":1.84,"com2":2.5},{"oddsid":200148917,"matchid":30674560,"more_main_tab":1,"type":"o","bettype":7,"parenttypeid":7,"oddsstatus":"running","liveindicator":1,"hdp1":0.5,"hdp2":0,"cs30":0,"oddsspreada":0.16,"maxbet":591,"ocategory":0,"exspread":0,"odds1a":-0.98,"odds2a":0.82,"enable":1,"pdisplaymode":3,"combo":3,"profitadjust":8},{"type":"m","matchid":30674560,"mc_special":5}],"91POT"]]
index.html:96 42["p",["r1",[{"type":"o","oddsid":200167904,"odds1a":-0.75,"odds2a":0.57},{"type":"o","oddsid":200148904,"com1":5.9,"comx":1.77,"com2":2.59},{"type":"o","oddsid":200148920,"odds1a":0.92,"odds2a":0.9}],"91PTG"]]
index.html:96 3
index.html:96 42["p",["r1",[{"type":"o","oddsid":200148957,"odds1a":-0.77,"odds2a":0.59},{"type":"o","oddsid":200148953,"com1":5.5,"comx":1.5,"com2":3.7}],"91PYx"]]
index.html:96 42["p",["r1",[{"type":"o","oddsid":200148960,"comx":2.87},{"type":"o","oddsid":200148962,"odds1a":-0.95,"odds2a":0.77},{"type":"o","oddsid":200165825,"odds1a":0.77,"odds2a":-0.95}],"91Pb1"]]
index.html:96 42["p",["r1",[{"type":"o","oddsid":200148962,"odds1a":-0.93,"odds2a":0.75},{"type":"o","oddsid":200165825,"odds1a":0.79,"odds2a":-0.97},{"type":"o","oddsid":200148960,"comx":2.84,"com2":2.12}],"91Phj"]]
index.html:96 42["p",["r1",[{"type":"o","oddsid":200165827,"odds1a":-0.45,"odds2a":0.27},{"type":"o","oddsid":200148957,"odds1a":-0.73,"odds2a":0.55},{"type":"o","oddsid":200148953,"com1":5.6,"comx":1.49},{"type":"o","oddsid":200148920,"odds1a":0.9,"odds2a":0.92}],"91PlQ"]]
index.html:96 42["p",["r1",[{"type":"o","oddsid":200148953,"com1":5.7,"comx":1.47,"com2":3.8},{"type":"o","oddsid":200148904,"comx":1.78,"com2":2.58}],"91PmS"]]
index.html:96 42["p",["r1",[{"type":"o","oddsid":200165828,"odds1a":0.47,"odds2a":-0.63}],"91QLU"]]
index.html:96 42["p",["r1",[{"oddsid":200148897,"matchid":30674560,"more_main_tab":1,"type":"o","bettype":15,"parenttypeid":15,"oddsstatus":"running","liveindicator":1,"maxbet":497,"ocategory":0,"exspread":0,"com1":2.02,"comx":2.72,"com2":3.9,"enable":1,"pdisplaymode":3,"combo":3,"profitadjust":8},{"type":"m","matchid":30674560,"mc_special":6}],"91QNW"]]
index.html:96 42["p",["r1",[{"oddsid":200168381,"matchid":30674560,"more_main_tab":1,"type":"o","bettype":1,"parenttypeid":1,"oddsstatus":"running","liveindicator":1,"hdp1":1,"hdp2":0,"enable":1,"pdisplaymode":3,"combo":3,"profitadjust":8,"cs30":0,"oddsspreada":0.16,"maxbet":591,"ocategory":0,"exspread":0,"odds1a":0.74,"odds2a":-0.9}],"91QPo"]]
index.html:96 42["p",["r1",[{"oddsid":200168382,"matchid":30674560,"more_main_tab":1,"type":"o","bettype":3,"parenttypeid":3,"oddsstatus":"running","liveindicator":1,"hdp1":3.5,"hdp2":0,"enable":1,"pdisplaymode":3,"combo":3,"profitadjust":8,"cs30":0,"oddsspreada":0.18,"maxbet":591,"ocategory":0,"exspread":0,"odds1a":0.92,"odds2a":0.9}],"91QaS"]]
index.html:96 42["p",["r1",[{"type":"o","oddsid":200167904,"odds1a":-0.73,"odds2a":0.55}],"91Qal"]]
index.html:96 3
index.html:96 42["p",["r1",[{"type":"o","oddsid":200165828,"odds1a":0.51,"odds2a":-0.67}],"91Qbm"]]
index.html:96 42["p",["r1",[{"type":"o","oddsid":200148920,"odds1a":0.88,"odds2a":0.94},{"type":"o","oddsid":200148904,"com1":5.8,"comx":1.8,"com2":2.55}],"91Qem"]]
index.html:96 42["p",["r1",[{"type":"o","oddsid":200165828,"odds1a":0.41,"odds2a":-0.57}],"91QmA"]]
index.html:96 42["p",["r1",[{"oddsid":200168384,"type":"o","matchid":30674560,"bettype":8,"parenttypeid":8,"oddsstatus":"running","liveindicator":1,"hdp1":1.75,"hdp2":0,"enable":1,"pdisplaymode":3,"combo":3,"profitadjust":8,"cs30":0,"oddsspreada":0.18,"maxbet":526,"ocategory":0,"more_main_tab":0,"exspread":0,"odds1a":-0.86,"odds2a":0.68}],"91QsW"]]
index.html:96 42["p",["r1",[{"type":"o","oddsid":200148964,"odds1a":0.97,"odds2a":0.87}],"91R7o"]]
index.html:96 3
index.html:96 42["p",["r1",[{"type":"o","oddsid":200167901,"odds1a":-0.69,"odds2a":0.53},{"type":"o","oddsid":200148944,"odds1a":-0.95,"odds2a":0.79},{"type":"o","oddsid":200148925,"com1":1.49,"comx":4.15,"com2":4.7},{"oddsid":200168383,"matchid":30674560,"more_main_tab":1,"type":"o","bettype":7,"parenttypeid":7,"oddsstatus":"running","liveindicator":1,"hdp1":0.25,"hdp2":0,"enable":1,"pdisplaymode":3,"combo":3,"profitadjust":8,"cs30":0,"oddsspreada":0.16,"maxbet":526,"ocategory":0,"exspread":0,"odds1a":0.72,"odds2a":-0.88}],"91ROm"]]
index.html:96 42["p",["r1",[{"type":"o","oddsid":200167904,"odds1a":-0.71,"odds2a":0.53}],"91RPf"]]
index.html:96 42["p",["r1",[{"type":"o","oddsid":200148904,"com1":6,"comx":1.73,"com2":2.66},{"type":"o","oddsid":200148920,"odds1a":0.98,"odds2a":0.84},{"type":"o","oddsid":200148964,"odds1a":0.95,"odds2a":0.89}],"91Rak"]]
index.html:96 42["p",["r1",[{"type":"o","oddsid":200165828,"odds1a":0.4,"odds2a":-0.56}],"91RgC"]]
index.html:96 42["p",["r1",[{"type":"o","oddsid":200148944,"odds1a":0.99,"odds2a":0.85}],"91RhQ"]]
index.html:96 42["p",["r1",[{"type":"o","oddsid":200148944,"odds1a":-0.99,"odds2a":0.83},{"type":"o","oddsid":200148925,"com1":1.47,"comx":4.2,"com2":4.9},{"type":"o","oddsid":200165827,"odds1a":-0.43,"odds2a":0.25},{"type":"o","oddsid":200148957,"odds1a":-0.69,"odds2a":0.51},{"type":"o","oddsid":200148953,"comx":1.46,"com2":3.85}],"91RoT"]]
index.html:96 42["p",["r1",[{"type":"o","oddsid":200148953,"com1":5.8,"comx":1.45,"com2":3.9}],"91RrN"]]
index.html:96 42["p",["r1",[{"type":"o","oddsid":200148962,"odds1a":-0.91,"odds2a":0.73},{"type":"o","oddsid":200165825,"odds1a":0.81,"odds2a":-0.99},{"type":"o","oddsid":200148960,"comx":2.83,"com2":2.13}],"91Rwv"]]
index.html:96 42["p",["r1",[{"type":"o","oddsid":200148962,"odds1a":-0.89,"odds2a":0.71},{"type":"o","oddsid":200165825,"odds1a":0.85,"odds2a":0.97},{"type":"o","oddsid":200148960,"com1":3.4,"comx":2.81}],"91S00"]]
index.html:96 3
index.html:96 42["p",["r1",[{"type":"o","oddsid":200148917,"odds1a":-1,"odds2a":0.84},{"type":"o","oddsid":200165825,"odds1a":0.87,"odds2a":0.95},{"type":"o","oddsid":200148897,"com1":2,"comx":2.73,"com2":3.95}],"91SBk"]]
index.html:96 42["p",["r1",[{"type":"o","oddsid":200148962,"hdp1":2,"odds1a":0.87,"odds2a":0.95},{"type":"o","oddsid":200165825,"hdp1":2.25,"odds1a":-0.89,"odds2a":0.71},{"type":"o","oddsid":200148939,"odds1a":-0.93,"odds2a":0.75},{"type":"o","oddsid":200148930,"com1":4.25,"comx":3.2},{"type":"o","oddsid":200148904,"comx":1.74,"com2":2.64},{"type":"o","oddsid":200148920,"odds1a":0.96,"odds2a":0.86}],"91SFH"]]
