index.html:96 3probe
index.html:96 40
index.html:96 42["init",{"pnid":"c8194f69","t":1559636098942}]
index.html:96 42["r",["c2","r2",[{"type":"reset"},{"type":"m","l":1,"matchid":30689750,"csstatus":"0","livehomescore":0,"liveawayscore":0,"isht":false,"showlivescore":true,"isfulltime":false,"gamestatus":0,"bestofmap":1,"isstartingsoon":true,"movebo3down":false,"showtimedt":1559635200,"offerlive":true,"showintoday":false,"goalteam":"","leagueid":8066,"marketid":"T","matchcode":"6440 NO 1X2","kickofftime":1559635140,"eventstatus":"running","showtime":"<font color=red>LIVE</font> 04:00PM","globalshowtime":1559635200,"haslive":0,"homeid":48246,"hteamnamech":"大田市民 (後)","hteamnamecn":"大田市民 (后)","hteamnameen":"Daejeon Citizen (R)","hteamnameko":"","hteamnameth":"แทจอน ซิติเซน (สร)","hteamnamees":"","hteamnamesc2":"大田市民 (后)","hteamnamevn":"","awayid":48245,"ateamnamech":"大邱FC (後)","ateamnamecn":"大邱FC (后)","ateamnameen":"Daegu FC (R)","ateamnamejp":"","ateamnameko":"","ateamnameth":"แดกู เอฟซี (สร)","ateamnamees":"","ateamnameel":"","ateamnamesc2":"大邱FC (后)","ateamnamemmr":"","ateamnamevn":"","sporttype":1,"liveperiod":1,"livetimer":1559635206,"pauseperiod":0,"isneutral":0,"ldisplaymode":0,"homered":0,"awayred":0,"injurytime":0,"timersuspend":0,"ismainmarket":1,"showinallmarket":false,"leagueputinmaincat":0,"leaguedisplaycat":0,"istest":0,"sessiontime":0,"iscountdowntimer":0,"gamesession":0,"overtime":0,"overtimesession":0,"delaylive":0,"isminiodds":false,"mdisplaymode":0,"leaguenamech":"韓國後備聯賽","leaguenamecn":"韩国后备联赛","leaguenameen":"KOREA RESERVE LEAGUE","leaguenamejp":"","leaguenameko":"","leaguenameth":"เกาหลีใต้ ลีกสำรอง","leaguenamees":"","leaguenameel":"","leaguenamesc2":"韩国后备联赛","leaguenamevn":"","countrycode":"KOR","mc":0,"mc_parlay":0,"mc_special":6,"mc_specialParlay":0,"hascashout":0,"hassuperlive":0,"hasbetbuilder":0},{"oddsid":200232938,"matchid":30689750,"more_main_tab":1,"type":"o","bettype":1,"parenttypeid":1,"oddsstatus":"running","liveindicator":1,"hdp1":0.25,"hdp2":0,"cs30":0,"oddsspreada":0.24,"maxbet":463,"ocategory":0,"exspread":0,"odds1a":0.85,"odds2a":0.91},{"oddsid":200248992,"matchid":30689750,"more_main_tab":1,"type":"o","bettype":1,"parenttypeid":1,"oddsstatus":"running","liveindicator":1,"hdp1":0,"hdp2":0,"cs30":0,"oddsspreada":0.24,"maxbet":463,"ocategory":0,"exspread":0,"odds1a":0.54,"odds2a":-0.78},{"oddsid":200232936,"matchid":30689750,"more_main_tab":1,"type":"o","bettype":3,"parenttypeid":3,"oddsstatus":"running","liveindicator":1,"hdp1":2.75,"hdp2":0,"cs30":0,"oddsspreada":0.24,"maxbet":463,"ocategory":0,"exspread":0,"odds1a":0.8,"odds2a":0.96},{"oddsid":200248991,"matchid":30689750,"more_main_tab":1,"type":"o","bettype":3,"parenttypeid":3,"oddsstatus":"running","liveindicator":1,"hdp1":3,"hdp2":0,"cs30":0,"oddsspreada":0.24,"maxbet":463,"ocategory":0,"exspread":0,"odds1a":-0.97,"odds2a":0.73},{"oddsid":200232934,"matchid":30689750,"more_main_tab":1,"type":"o","bettype":5,"parenttypeid":5,"oddsstatus":"running","liveindicator":1,"maxbet":418,"ocategory":0,"exspread":0,"com1":1.9,"comx":3.65,"com2":2.88},{"oddsid":200232932,"matchid":30689750,"more_main_tab":1,"type":"o","bettype":7,"parenttypeid":7,"oddsstatus":"running","liveindicator":1,"hdp1":0,"hdp2":0,"cs30":0,"oddsspreada":0.24,"maxbet":463,"ocategory":0,"exspread":0,"odds1a":0.6,"odds2a":-0.84},{"oddsid":200248994,"matchid":30689750,"more_main_tab":1,"type":"o","bettype":7,"parenttypeid":7,"oddsstatus":"running","liveindicator":1,"hdp1":0.25,"hdp2":0,"cs30":0,"oddsspreada":0.24,"maxbet":463,"ocategory":0,"exspread":0,"odds1a":-0.93,"odds2a":0.69},{"oddsid":200232931,"type":"o","matchid":30689750,"bettype":8,"parenttypeid":8,"oddsstatus":"running","liveindicator":1,"hdp1":1,"hdp2":0,"cs30":0,"oddsspreada":0.24,"maxbet":463,"ocategory":0,"more_main_tab":0,"exspread":0,"odds1a":-0.97,"odds2a":0.73},{"oddsid":200248993,"type":"o","matchid":30689750,"bettype":8,"parenttypeid":8,"oddsstatus":"running","liveindicator":1,"hdp1":0.75,"hdp2":0,"cs30":0,"oddsspreada":0.24,"maxbet":463,"ocategory":0,"more_main_tab":0,"exspread":0,"odds1a":0.51,"odds2a":-0.75},{"oddsid":200232927,"matchid":30689750,"more_main_tab":1,"type":"o","bettype":15,"parenttypeid":15,"oddsstatus":"running","liveindicator":1,"maxbet":418,"ocategory":0,"exspread":0,"com1":2.65,"comx":2,"com2":3.7},{"type":"m","l":1,"matchid":30689777,"csstatus":"0","livehomescore":0,"liveawayscore":0,"isht":false,"showlivescore":true,"isfulltime":false,"gamestatus":0,"bestofmap":1,"isstartingsoon":true,"movebo3down":false,"showtimedt":1559635200,"offerlive":true,"showintoday":false,"goalteam":"","leagueid":666,"marketid":"T","matchcode":"8150","kickofftime":1559635140,"eventstatus":"running","showtime":"<font color=red>LIVE</font> 04:00PM","globalshowtime":1559635200,"haslive":1,"homeid":524187,"hteamnamech":"烏法II隊","hteamnamecn":"乌法II队","hteamnameen":"FC Ufa 2","hteamnamejp":"","hteamnameko":"","hteamnameth":"ยูเอฟเอ 2","hteamnamees":"","hteamnameel":"","hteamnamesc2":"乌法II队","hteamnamemmr":"","hteamnamevn":"","awayid":411661,"ateamnamech":"烏拉爾II隊","ateamnamecn":"乌拉尔II队","ateamnameen":"Ural Sverdlovsk Oblast 2","ateamnamejp":"","ateamnameko":"","ateamnameth":"อูราล 2","ateamnamees":"","ateamnameel":"","ateamnamesc2":"乌拉尔II队","ateamnamemmr":"","ateamnamevn":"","sporttype":1,"liveperiod":1,"livetimer":1559635184,"pauseperiod":0,"isneutral":0,"ldisplaymode":0,"homered":0,"awayred":0,"injurytime":0,"timersuspend":0,"ismainmarket":1,"showinallmarket":false,"leagueputinmaincat":0,"leaguedisplaycat":0,"istest":0,"sessiontime":0,"iscountdowntimer":0,"gamesession":0,"overtime":0,"overtimesession":0,"delaylive":0,"isminiodds":false,"mdisplaymode":0,"leaguenamech":"俄羅斯乙組聯賽","leaguenamecn":"俄罗斯乙组联赛","leaguenameen":"RUSSIA 2ND DIVISION","leaguenamejp":"ロシア 2nd ディビジョン","leaguenameko":"러시아 2ND 디비젼","leaguenameth":"รัสเซีย ลีก 2","leaguenamees":"","leaguenameel":"","leaguenamesc2":"俄罗斯乙组联赛","leaguenamevn":"","countrycode":"RUS","mc":0,"mc_parlay":0,"mc_special":4,"mc_specialParlay":0,"hascashout":0,"hassuperlive":1,"hasbetbuilder":0,"livechart":0,"gameinfo":1,"gv":2},{"oddsid":200233783,"matchid":30689777,"more_main_tab":1,"type":"o","bettype":1,"parenttypeid":1,"oddsstatus":"running","liveindicator":1,"hdp1":0,"hdp2":0,"cs30":0,"oddsspreada":0.2,"maxbet":463,"ocategory":0,"exspread":-4,"odds1a":-0.55,"odds2a":0.35},{"oddsid":200233778,"matchid":30689777,"more_main_tab":1,"type":"o","bettype":3,"parenttypeid":3,"oddsstatus":"running","liveindicator":1,"hdp1":2.75,"hdp2":0,"cs30":0,"oddsspreada":0.2,"maxbet":463,"ocategory":0,"exspread":-2,"odds1a":0.92,"odds2a":0.88},{"oddsid":200233767,"matchid":30689777,"more_main_tab":1,"type":"o","bettype":7,"parenttypeid":7,"oddsstatus":"running","liveindicator":1,"hdp1":0,"hdp2":0,"cs30":0,"oddsspreada":0.2,"maxbet":463,"ocategory":0,"exspread":-4,"odds1a":-0.52,"odds2a":0.32},{"oddsid":200233762,"type":"o","matchid":30689777,"bettype":8,"parenttypeid":8,"oddsstatus":"running","liveindicator":1,"hdp1":0.75,"hdp2":0,"cs30":0,"oddsspreada":0.2,"maxbet":463,"ocategory":0,"more_main_tab":0,"exspread":-2,"odds1a":0.69,"odds2a":-0.89},{"type":"done"}],"9u5Jn"]]
index.html:96 42["r",["c3","r3",[{"type":"reset"},{"type":"m","l":0,"matchid":30651252,"csstatus":"0","livehomescore":0,"liveawayscore":0,"isht":false,"showlivescore":true,"isfulltime":false,"gamestatus":0,"bestofmap":1,"isstartingsoon":true,"movebo3down":false,"showtimedt":1559662200,"offerlive":true,"showintoday":false,"goalteam":"","leagueid":82536,"marketid":"T","matchcode":"2600","kickofftime":1559662140,"eventstatus":"running","showtime":"<font color=red>LIVE</font> 11:30PM","globalshowtime":1559662200,"haslive":0,"homeid":2806,"hteamnamech":"法國 U20","hteamnamecn":"法国 U20","hteamnameen":"France U20","hteamnamejp":"フランス U20","hteamnameko":"프랑스 U20","hteamnameth":"ฝรั่งเศส U20","hteamnamees":"","hteamnameel":"","hteamnamesc2":"法国 U20","hteamnamemmr":"","hteamnamevn":"","awayid":11170,"ateamnamech":"美國 U20","ateamnamecn":"美国 U20","ateamnameen":"USA U20","ateamnamejp":"アメリカ U20","ateamnameko":"USA U20","ateamnameth":"สหรัฐอเมริกา U20","ateamnamesc2":"美国 U20","sporttype":1,"liveperiod":0,"livetimer":1559662140,"pauseperiod":0,"isneutral":0,"ldisplaymode":0,"homered":0,"awayred":0,"injurytime":0,"timersuspend":0,"ismainmarket":1,"showinallmarket":false,"leagueputinmaincat":0,"leaguedisplaycat":0,"istest":0,"delaylive":0,"isminiodds":false,"mdisplaymode":0,"leaguenamech":"U20世界盃2019 (在波蘭)","leaguenamecn":"U20世界杯2019 (在波兰)","leaguenameen":"FIFA U20 WORLD CUP 2019 (IN POLAND)","leaguenamejp":"","leaguenameko":"","leaguenameth":"ฟิฟ่า ฟุตบอลโลก U20 2019 (ที่ โปแลนด์)","leaguenamees":"","leaguenameel":"","leaguenamesc2":"U20世界杯2019 (在波兰)","leaguenamemmr":"","leaguenamevn":"","countrycode":"World","mc":69,"mc_parlay":22,"mc_special":8,"mc_specialParlay":8,"hascashout":0,"hassuperlive":1,"hasbetbuilder":0,"livechart":0,"gameinfo":1,"gv":1},{"oddsid":199956753,"matchid":30651252,"more_main_tab":1,"type":"o","bettype":1,"parenttypeid":1,"oddsstatus":"running","liveindicator":0,"hdp1":1,"hdp2":0,"cs30":0,"oddsspreada":0.1,"maxbet":778,"ocategory":0,"exspread":0,"odds1a":0.88,"odds2a":-0.98,"enable":1,"pdisplaymode":1,"combo":3,"profitadjust":2},{"oddsid":200194515,"matchid":30651252,"more_main_tab":1,"type":"o","bettype":1,"parenttypeid":1,"oddsstatus":"running","liveindicator":0,"hdp1":1.25,"hdp2":0,"enable":1,"pdisplaymode":1,"combo":3,"profitadjust":2,"cs30":0,"oddsspreada":0.1,"maxbet":744,"ocategory":0,"exspread":0,"odds1a":-0.82,"odds2a":0.72},{"oddsid":200218567,"matchid":30651252,"more_main_tab":1,"type":"o","bettype":1,"parenttypeid":1,"oddsstatus":"running","liveindicator":0,"hdp1":0.75,"hdp2":0,"enable":1,"pdisplaymode":1,"combo":3,"profitadjust":2,"cs30":0,"oddsspreada":0.1,"maxbet":654,"ocategory":0,"exspread":0,"odds1a":0.67,"odds2a":-0.77},{"oddsid":199956744,"matchid":30651252,"more_main_tab":1,"type":"o","bettype":3,"parenttypeid":3,"oddsstatus":"running","liveindicator":0,"hdp1":2.25,"hdp2":0,"cs30":0,"oddsspreada":0.12,"maxbet":744,"ocategory":0,"exspread":0,"odds1a":0.81,"odds2a":-0.93,"enable":1,"pdisplaymode":1,"combo":3,"profitadjust":2},{"oddsid":200194518,"matchid":30651252,"more_main_tab":1,"type":"o","bettype":3,"parenttypeid":3,"oddsstatus":"running","liveindicator":0,"hdp1":2.5,"hdp2":0,"enable":1,"pdisplaymode":1,"combo":3,"profitadjust":2,"cs30":0,"oddsspreada":0.12,"maxbet":654,"ocategory":0,"exspread":0,"odds1a":-0.95,"odds2a":0.83},{"oddsid":200218554,"matchid":30651252,"more_main_tab":1,"type":"o","bettype":3,"parenttypeid":3,"oddsstatus":"running","liveindicator":0,"hdp1":2,"hdp2":0,"enable":1,"pdisplaymode":1,"combo":3,"profitadjust":2,"cs30":0,"oddsspreada":0.12,"maxbet":591,"ocategory":0,"exspread":0,"odds1a":0.55,"odds2a":-0.67},{"oddsid":199956735,"matchid":30651252,"more_main_tab":1,"type":"o","bettype":5,"parenttypeid":5,"oddsstatus":"running","liveindicator":0,"maxbet":625,"ocategory":0,"exspread":0,"com1":1.5,"comx":3.9,"com2":5.7,"enable":1,"pdisplaymode":1,"combo":3,"profitadjust":2},{"oddsid":199956723,"matchid":30651252,"more_main_tab":1,"type":"o","bettype":7,"parenttypeid":7,"oddsstatus":"running","liveindicator":0,"hdp1":0.25,"hdp2":0,"cs30":0,"oddsspreada":0.12,"maxbet":654,"ocategory":0,"exspread":0,"odds1a":0.71,"odds2a":-0.83,"enable":1,"pdisplaymode":1,"combo":3,"profitadjust":2},{"oddsid":200217979,"matchid":30651252,"more_main_tab":1,"type":"o","bettype":7,"parenttypeid":7,"oddsstatus":"running","liveindicator":0,"hdp1":0.5,"hdp2":0,"enable":1,"pdisplaymode":1,"combo":3,"profitadjust":2,"cs30":0,"oddsspreada":0.12,"maxbet":591,"ocategory":0,"exspread":0,"odds1a":-0.93,"odds2a":0.81},{"oddsid":199956718,"type":"o","matchid":30651252,"bettype":8,"parenttypeid":8,"oddsstatus":"running","liveindicator":0,"hdp1":0.75,"hdp2":0,"cs30":0,"oddsspreada":0.12,"maxbet":654,"ocategory":0,"more_main_tab":0,"exspread":0,"odds1a":0.66,"odds2a":-0.78,"enable":1,"pdisplaymode":1,"combo":3,"profitadjust":2},{"oddsid":200217967,"type":"o","matchid":30651252,"bettype":8,"parenttypeid":8,"oddsstatus":"running","liveindicator":0,"hdp1":1,"hdp2":0,"enable":1,"pdisplaymode":1,"combo":3,"profitadju
index.html:96 42["p",[["r3",[{"oddsid":200178996,"matchid":30679272,"more_main_tab":1,"type":"o","bettype":1,"parenttypeid":1,"oddsstatus":"running","liveindicator":0,"hdp1":1,"hdp2":0,"cs30":0,"oddsspreada":0.1,"maxbet":463,"ocategory":0,"exspread":-2,"odds1a":0.95,"odds2a":0.95,"enable":1,"pdisplaymode":1,"combo":3,"profitadjust":2},{"oddsid":200178983,"matchid":30679272,"more_main_tab":1,"type":"o","bettype":3,"parenttypeid":3,"oddsstatus":"running","liveindicator":0,"hdp1":2.25,"hdp2":0,"cs30":0,"oddsspreada":0.12,"maxbet":463,"ocategory":0,"exspread":0,"odds1a":-0.97,"odds2a":0.85,"enable":1,"pdisplaymode":1,"combo":3,"profitadjust":2},{"oddsid":200178972,"matchid":30679272,"more_main_tab":1,"type":"o","bettype":5,"parenttypeid":5,"oddsstatus":"running","liveindicator":0,"maxbet":418,"ocategory":0,"exspread":0,"com1":1.49,"comx":3.7,"com2":6.4,"enable":1,"pdisplaymode":1,"combo":3,"profitadjust":2},{"oddsid":200178957,"matchid":30679272,"more_main_tab":1,"type":"o","bettype":7,"parenttypeid":7,"oddsstatus":"running","liveindicator":0,"hdp1":0.25,"hdp2":0,"cs30":0,"oddsspreada":0.12,"maxbet":463,"ocategory":0,"exspread":-2,"odds1a":0.7,"odds2a":-0.82,"enable":1,"pdisplaymode":1,"combo":3,"profitadjust":2},{"oddsid":200178949,"type":"o","matchid":30679272,"bettype":8,"parenttypeid":8,"oddsstatus":"running","liveindicator":0,"hdp1":0.75,"hdp2":0,"cs30":0,"oddsspreada":0.12,"maxbet":463,"ocategory":0,"more_main_tab":0,"exspread":0,"odds1a":0.71,"odds2a":-0.83,"enable":1,"pdisplaymode":1,"combo":3,"profitadjust":2},{"oddsid":200178892,"matchid":30679272,"more_main_tab":1,"type":"o","bettype":15,"parenttypeid":15,"oddsstatus":"running","liveindicator":0,"maxbet":368,"ocategory":0,"exspread":0,"com1":1.99,"comx":2.17,"com2":6.4,"enable":1,"pdisplaymode":1,"combo":3,"profitadjust":2},{"type":"m","l":0,"matchid":30679395,"csstatus":"0","livehomescore":0,"liveawayscore":0,"isht":false,"showlivescore":true,"isfulltime":false,"gamestatus":0,"bestofmap":1,"isstartingsoon":true,"movebo3down":false,"showtimedt":1559694600,"offerlive":true,"showintoday":false,"goalteam":"","leagueid":220,"marketid":"T","matchcode":"7350","kickofftime":1559694540,"eventstatus":"running","showtime":"<font color=red>LIVE</font> 08:30AM","globalshowtime":1559694600,"haslive":0,"homeid":194627,"hteamnamech":"法林明高RJ","hteamnamecn":"弗拉门戈RJ","hteamnameen":"Flamengo RJ","hteamnamejp":"フラメンゴRJ","hteamnameko":"플라멩구 RJ","hteamnameth":"ฟลาเมงโก RJ","hteamnamees":"","hteamnameel":"","hteamnamesc2":"法林明高RJ","hteamnamevn":"","awayid":1220,"ateamnamech":"哥連泰斯SP","ateamnamecn":"哥连泰斯SP","ateamnameen":"Corinthians SP","ateamnamejp":"コリンシアンス SP","ateamnameko":"코린치안스 SP","ateamnameth":"โครินเธียนส์ SP","ateamnamees":"","ateamnameel":"","ateamnamesc2":"哥连泰斯SP","ateamnamemmr":"","ateamnamevn":"","sporttype":1,"liveperiod":0,"livetimer":1559651340,"pauseperiod":0,"isneutral":0,"ldisplaymode":0,"homered":0,"awayred":0,"injurytime":0,"timersuspend":0,"ismainmarket":1,"showinallmarket":false,"leagueputinmaincat":0,"leaguedisplaycat":0,"istest":0,"sessiontime":0,"iscountdowntimer":0,"gamesession":0,"overtime":0,"overtimesession":0,"delaylive":0,"isminiodds":false,"mdisplaymode":0,"leaguenamech":"巴西盃","leaguenamecn":"巴西杯","leaguenameen":"BRAZIL CUP","leaguenamejp":"ブラジルカップ","leaguenameko":"브라질 컵","leaguenameth":"บราซิล คัพ","leaguenamees":"","leaguenameel":"","leaguenamesc2":"巴西杯","leaguenamevn":"","countrycode":"BRA","mc":67,"mc_parlay":22,"mc_special":8,"mc_specialParlay":8,"hascashout":3,"hassuperlive":0,"hasbetbuilder":0,"livechart":0,"gameinfo":1,"gv":1},{"oddsid":200181517,"matchid":30679395,"more_main_tab":1,"type":"o","bettype":1,"parenttypeid":1,"oddsstatus":"running","liveindicator":0,"hdp1":0.75,"hdp2":0,"cs30":0,"oddsspreada":0.08,"maxbet":591,"ocategory":0,"exspread":6,"odds1a":-0.92,"odds2a":0.84,"enable":1,"pdisplaymode":1,"combo":3,"profitadjust":2},{"oddsid":200220270,"matchid":30679395,"more_main_tab":1,"type":"o","bettype":1,"parenttypeid":1,"oddsstatus":"running","liveindicator":0,"hdp1":0.5,"hdp2":0,"cs30":0,"oddsspreada":0.08,"maxbet":526,"ocategory":0,"exspread":6,"odds1a":0.77,"odds2a":-0.85,"enable":1,"pdisplaymode":1,"combo":3,"profitadjust":2},{"oddsid":200181512,"matchid":30679395,"more_main_tab":1,"type":"o","bettype":3,"parenttypeid":3,"oddsstatus":"running","liveindicator":0,"hdp1":2,"hdp2":0,"cs30":0,"oddsspreada":0.1,"maxbet":526,"ocategory":0,"exspread":4,"odds1a":0.98,"odds2a":0.92,"enable":1,"pdisplaymode":1,"combo":3,"profitadjust":2},{"oddsid":200220273,"matchid":30679395,"more_main_tab":1,"type":"o","bettype":3,"parenttypeid":3,"oddsstatus":"running","liveindicator":0,"hdp1":2.25,"hdp2":0,"cs30":0,"oddsspreada":0.1,"maxbet":463,"ocategory":0,"exspread":4,"odds1a":-0.74,"odds2a":0.64,"enable":1,"pdisplaymode":1,"combo":3,"profitadjust":2},{"oddsid":200181508,"matchid":30679395,"more_main_tab":1,"type":"o","bettype":5,"parenttypeid":5,"oddsstatus":"running","liveindicator":0,"maxbet":463,"ocategory":0,"exspread":0,"com1":1.76,"comx":3.2,"com2":5,"enable":1,"pdisplaymode":1,"combo":3,"profitadjust":2},{"oddsid":200181503,"matchid":30679395,"more_main_tab":1,"type":"o","bettype":7,"parenttypeid":7,"oddsstatus":"running","liveindicator":0,"hdp1":0.25,"hdp2":0,"cs30":0,"oddsspreada":0.12,"maxbet":463,"ocategory":0,"exspread":4,"odds1a":-0.91,"odds2a":0.79,"enable":1,"pdisplaymode":1,"combo":3,"profitadjust":2},{"oddsid":200220483,"matchid":30679395,"more_main_tab":1,"type":"o","bettype":7,"parenttypeid":7,"oddsstatus":"running","liveindicator":0,"hdp1":0.5,"hdp2":0,"cs30":0,"oddsspreada":0.12,"maxbet":395,"ocategory":0,"exspread":4,"odds1a":-0.61,"odds2a":0.49,"enable":1,"pdisplaymode":1,"combo":3,"profitadjust":2},{"oddsid":200181500,"type":"o","matchid":30679395,"bettype":8,"parenttypeid":8,"oddsstatus":"running","liveindicator":0,"hdp1":0.75,"hdp2":0,"cs30":0,"oddsspreada":0.12,"maxbet":463,"ocategory":0,"more_main_tab":0,"exspread":4,"odds1a":0.96,"odds2a":0.92,"enable":1,"pdisplaymode":1,"combo":3,"profitadjust":2},{"oddsid":200220482,"type":"o","matchid":30679395,"bettype":8,"liveindicator":0,"enable":1,"pdisplaymode":1,"combo":3,"profitadjust":2,"parenttypeid":8,"oddsstatus":"running","hdp1":1,"hdp2":0,"cs30":0,"oddsspreada":0.12,"maxbet":395,"ocategory":0,"more_main_tab":0,"exspread":4,"odds1a":-0.67,"odds2a":0.55},{"oddsid":200181477,"matchid":30679395,"more_main_tab":1,"type":"o","bettype":15,"parenttypeid":15,"oddsstatus":"running","liveindicator":0,"maxbet":418,"ocategory":0,"exspread":0,"com1":2.6,"comx":1.91,"com2":4.85,"enable":1,"pdisplaymode":1,"combo":3,"profitadjust":2},{"type":"done"}],"9u5CY"]]]
index.html:96 42["p",["r2",[{"type":"o","oddsid":200232936,"odds1a":0.82,"odds2a":0.94},{"type":"o","oddsid":200232934,"comx":3.6},{"type":"o","oddsid":200248993,"odds1a":0.53,"odds2a":-0.77}],"9u5dE"]]
index.html:96 42["p",["r2",[{"type":"o","oddsid":200233778,"odds1a":0.91,"odds2a":0.89}],"9u5fR"]]
index.html:96 42["p",["r2",[{"type":"o","oddsid":200232931,"odds1a":-0.99,"odds2a":0.75}],"9u5kF"]]
index.html:96 42["p",["r2",[{"type":"o","oddsid":200232927,"com1":2.64,"comx":2.01,"com2":3.65},{"type":"o","oddsid":200248991,"odds1a":-0.94,"odds2a":0.7},{"type":"o","oddsid":200232931,"odds1a":0.97,"odds2a":0.79}],"9u5m9"]]
index.html:96 42["p",["r2",[{"type":"o","oddsid":200232927,"com1":2.62,"comx":2.03}],"9u5mr"]]
index.html:96 42["p",["r2",[{"type":"o","oddsid":200233778,"odds1a":0.82,"odds2a":0.98}],"9u5pa"]]
index.html:96 42["p",["r2",[{"type":"o","oddsid":200232931,"odds1a":0.95,"odds2a":0.81},{"type":"o","oddsid":200233762,"odds1a":0.59,"odds2a":-0.79},{"type":"o","oddsid":200232927,"com1":2.61,"comx":2.04,"com2":3.6},{"type":"o","oddsid":200232936,"odds1a":0.84,"odds2a":0.92}],"9u5vQ"]]
index.html:96 3
index.html:96 42["p",["r2",[{"type":"o","oddsid":200233783,"odds1a":-0.57,"odds2a":0.37}],"9u60I"]]
index.html:96 42["p",["r2",[{"type":"o","oddsid":200233778,"odds1a":0.85,"odds2a":0.95},{"type":"o","oddsid":200248993,"odds1a":0.56,"odds2a":-0.8}],"9u61p"]]
index.html:96 42["p",["r2",[{"type":"o","oddsid":200232931,"odds1a":0.93,"odds2a":0.83},{"type":"o","oddsid":200232927,"com1":2.6,"comx":2.05},{"type":"o","oddsid":200233762,"odds1a":0.63,"odds2a":-0.83}],"9u63k"]]
index.html:96 42["p",["r2",[{"type":"o","oddsid":200232938,"odds1a":0.86,"odds2a":0.9}],"9u685"]]
index.html:96 42["p",["r2",[{"type":"o","oddsid":200248991,"odds1a":-0.92,"odds2a":0.68}],"9u6DV"]]
index.html:96 42["p",["r3",[{"type":"o","oddsid":200235188,"odds1a":0.78,"odds2a":-0.96},{"type":"o","oddsid":200235186,"com1":2.88}],"9u6ER"]]
index.html:96 42["p",["r2",[{"type":"o","oddsid":200233778,"odds1a":0.87,"odds2a":0.93}],"9u6EV"]]
index.html:96 42["p",["r2",[{"type":"o","oddsid":200233783,"odds1a":-0.59,"odds2a":0.39},{"type":"o","oddsid":200232931,"odds1a":-0.91,"odds2a":0.67},{"type":"o","oddsid":200232927,"com1":2.69,"comx":1.96,"com2":3.75}],"9u6H1"]]
index.html:96 42["p",["r3",[{"type":"o","oddsid":199087875,"odds1a":0.91,"odds2a":0.99},{"type":"o","oddsid":200218579,"odds1a":0.78,"odds2a":-0.88}],"9u6Im"]]
index.html:96 3
index.html:96 42["p",["r3",[{"type":"o","oddsid":199087860,"comx":3.9}],"9u6LS"]]
index.html:96 42["p",["r2",[{"type":"o","oddsid":200232931,"odds1a":-0.95,"odds2a":0.71},{"type":"o","oddsid":200232927,"com1":2.67,"comx":1.98,"com2":3.7}],"9u6M5"]]
index.html:96 42["p",["r2",[{"type":"o","oddsid":200233762,"odds1a":0.65,"odds2a":-0.85},{"type":"o","oddsid":200233778,"odds1a":0.89,"odds2a":0.91}],"9u6N5"]]
index.html:96 42["p",["r2",[{"type":"o","oddsid":200232936,"odds1a":0.87,"odds2a":0.89},{"type":"o","oddsid":200232934,"com1":1.91,"com2":2.89}],"9u6Ox"]]
index.html:96 42["p",["r3",[{"type":"o","oddsid":199087875,"odds1a":0.92,"odds2a":0.98}],"9u6Rj"]]
index.html:96 42["p",["r2",[{"type":"o","oddsid":200248994,"odds1a":-0.92,"odds2a":0.68},{"type":"o","oddsid":200232931,"odds1a":-0.98,"odds2a":0.74},{"type":"o","oddsid":200232927,"com1":2.65,"comx":2},{"type":"o","oddsid":200248993,"odds1a":0.72,"odds2a":-0.96}],"9u6T3"]]
index.html:96 42["p",["r2",[{"type":"o","oddsid":200233778,"odds1a":0.91,"odds2a":0.89}],"9u6Tu"]]
index.html:96 42["p",["r2",[{"type":"o","oddsid":200232938,"odds1a":0.84,"odds2a":0.92},{"type":"o","oddsid":200232931,"odds1a":-0.96,"odds2a":0.72}],"9u6Wi"]]
index.html:96 42["p",["r2",[{"type":"o","oddsid":200233767,"odds1a":-0.5,"odds2a":0.3},{"type":"o","oddsid":200232927,"com1":2.65,"comx":2},{"type":"o","oddsid":200233762,"odds1a":0.53,"odds2a":-0.73},{"type":"o","oddsid":200232931,"odds1a":-0.98,"odds2a":0.74}],"9u6Z3"]]
index.html:96 42["p",["r3",[{"type":"o","oddsid":199087895,"odds1a":0.96,"odds2a":0.96}],"9u6Yz"]]
index.html:96 42["p",["r2",[{"type":"o","oddsid":200232932,"odds1a":0.62,"odds2a":-0.86},{"type":"o","oddsid":200232927,"com1":2.68,"com2":3.6}],"9u6cT"]]
index.html:96 42["p",["r2",[{"type":"o","oddsid":200248991,"odds1a":-0.89,"odds2a":0.65}],"9u6dH"]]
index.html:96 42["p",["r3",[{"type":"o","oddsid":199087895,"odds1a":0.97,"odds2a":0.95},{"type":"o","oddsid":200233543,"odds1a":0.65,"odds2a":-0.81}],"9u6e7"]]
index.html:96 42["p",["r2",[{"type":"o","oddsid":200232931,"hdp1":0.75,"odds1a":0.72,"odds2a":-0.96},{"type":"o","oddsid":200248993,"hdp1":1,"odds1a":-0.98,"odds2a":0.74}],"9u6eJ"]]
index.html:96 3
index.html:96 42["p",["r3",[{"type":"o","oddsid":200009727,"odds1a":0.99,"odds2a":0.91},{"type":"o","oddsid":200009721,"com1":1.32,"comx":4.95,"com2":7.6},{"type":"o","oddsid":200233529,"com1":2.18,"com2":2.99}],"9u6hP"]]
index.html:96 42["p",["r2",[{"type":"o","oddsid":200232938,"odds1a":0.82,"odds2a":0.94}],"9u6j4"]]
index.html:96 42["p",["r2",[{"type":"o","oddsid":200233767,"odds1a":-0.52,"odds2a":0.32}],"9u6t9"]]
index.html:96 42["p",["r2",[{"type":"o","oddsid":200233767,"odds1a":-0.4,"odds2a":0.2},{"type":"o","oddsid":200233783,"odds1a":-0.57,"odds2a":0.37},{"type":"o","oddsid":200232936,"odds1a":0.89,"odds2a":0.87}],"9u6vy"]]
index.html:96 42["p",["r2",[{"type":"o","oddsid":200232934,"comx":3.55}],"9u6wf"]]
index.html:96 42["p",["r3",[{"type":"o","oddsid":200252652,"odds1a":0.9,"odds2a":0.94}],"9u6xC"]]
index.html:96 42["p",["r3",[{"type":"o","oddsid":200252646,"com1":3.35,"comx":2.88,"com2":2.14}],"9u711"]]
index.html:96 42["p",["r2",[{"type":"o","oddsid":200233762,"odds1a":0.57,"odds2a":-0.77}],"9u72G"]]
index.html:96 42["p",["r2",[{"type":"o","oddsid":200233778,"odds1a":0.93,"odds2a":0.87}],"9u73z"]]
index.html:96 42["p",["r2",[{"type":"o","oddsid":200248993,"odds1a":-1,"odds2a":0.76},{"type":"o","oddsid":200232927,"com1":2.67,"comx":2.01}],"9u771"]]
index.html:96 42["p",["r2",[{"type":"o","oddsid":200233778,"odds1a":0.95,"odds2a":0.85},{"type":"o","oddsid":200232936,"odds1a":0.86,"odds2a":0.9},{"type":"o","oddsid":200232934,"com1":1.9,"comx":3.6}],"9u783"]]
index.html:96 3
index.html:96 42["p",["r2",[{"type":"o","oddsid":200232927,"com1":2.77,"comx":1.92,"com2":3.75},{"type":"o","oddsid":200248993,"odds1a":-0.85,"odds2a":0.61},{"type":"o","oddsid":200232934,"com2":2.88},{"type":"o","oddsid":200232936,"odds1a":0.82,"odds2a":0.94}],"9u79x"]]
index.html:96 42["p",["r2",[{"type":"o","oddsid":200248991,"odds1a":-0.86,"odds2a":0.62},{"type":"o","oddsid":200232927,"com1":2.79,"comx":1.9},{"type":"o","oddsid":200233778,"odds1a":0.93,"odds2a":0.87}],"9u7Bi"]]
index.html:96 42["p",["r2",[{"type":"o","oddsid":200248993,"odds1a":-0.87,"odds2a":0.63},{"type":"o","oddsid":200233778,"odds1a":0.9,"odds2a":0.9},{"type":"o","oddsid":200232931,"odds1a":0.75,"odds2a":-0.99},{"type":"o","oddsid":200232927,"com1":2.82,"comx":1.88,"com2":3.8}],"9u7FR"]]
index.html:96 42["p",["r3",[{"type":"o","oddsid":199956753,"odds1a":0.87,"odds2a":-0.97}],"9u7FY"]]
index.html:96 42["p",["r2",[{"type":"o","oddsid":200232936,"odds1a":0.86,"odds2a":0.9},{"type":"o","oddsid":200232934,"com2":2.89}],"9u7IC"]]
index.html:96 42["p",["r2",[{"type":"o","oddsid":200248993,"odds1a":-0.89,"odds2a":0.65},{"type":"o","oddsid":200233762,"odds1a":0.54,"odds2a":-0.74}],"9u7Jr"]]
index.html:96 42["p",["r2",[{"type":"o","oddsid":200232938,"odds1a":0.8,"odds2a":0.96},{"type":"o","oddsid":200233762,"odds1a":0.67,"odds2a":-0.87}],"9u7PG"]]
index.html:96 42["p",["r3",[{"type":"o","oddsid":199956753,"odds1a":0.86,"odds2a":-0.96}],"9u7PH"]]
index.html:96 42["p",["r2",[{"type":"o","oddsid":200233767,"odds1a":-0.42,"odds2a":0.22}],"9u7Pk"]]
index.html:96 42["p",["r3",[{"type":"o","oddsid":200252652,"odds1a":0.94,"odds2a":0.9},{"type":"o","oddsid":200191085,"odds1a":0.83,"odds2a":-0.93},{"type":"o","oddsid":200252646,"com1":3.45,"comx":2.89,"com2":2.09},{"type":"o","oddsid":199956744,"odds1a":0.8,"odds2a":-0.92}],"9u7R2"]]
index.html:96 42["p",["r2",[{"type":"o","oddsid":200233778,"odds1a":0.88,"odds2a":0.92}],"9u7Qg"]]
index.html:96 42["p",["r3",[{"type":"o","oddsid":199956753,"odds1a":0.87,"odds2a":-0.97}],"9u7Sa"]]
index.html:96 42["p",["r3",[{"type":"o","oddsid":200191079,"com1":2.37,"com2":2.69}],"9u7Sw"]]
index.html:96 3
index.html:96 42["p",["r2",[{"type":"o","oddsid":200232932,"odds1a":0.59,"odds2a":-0.83},{"type":"o","oddsid":200232927,"com1":2.77,"com2":3.9},{"type":"o","oddsid":200232936,"odds1a":0.88,"odds2a":0.88},{"type":"o","oddsid":200248991,"odds1a":-0.82,"odds2a":0.58}],"9u7d0"]]
index.html:96 42["p",["r2",[{"type":"o","oddsid":200232936,"odds1a":0.9,"odds2a":0.86},{"type":"o","oddsid":200248991,"odds1a":-0.8,"odds2a":0.56},{"type":"o","oddsid":200232934,"com1":1.91,"comx":3.55},{"type":"o","oddsid":200232938,"odds1a":0.77,"odds2a":0.99}],"9u7du"]]
index.html:96 42["p",["r2",[{"type":"o","oddsid":200232927,"com1":2.78,"comx":1.87},{"type":"o","oddsid":200232931,"odds1a":0.77,"odds2a":0.99},{"type":"o","oddsid":200248994,"odds1a":-0.91,"odds2a":0.67},{"type":"o","oddsid":200233767,"odds1a":-0.44,"odds2a":0.24},{"type":"o","oddsid":200248991,"odds1a":-0.76,"odds2a":0.52}],"9u7iM"]]
index.html:96 42["p",["r3",[{"type":"o","oddsid":200252652,"odds1a":-0.99,"odds2a":0.83},{"type":"o","oddsid":200252646,"com1":3.65,"comx":2.91,"com2":2.01}],"9u7je"]]
index.html:96 42["p",["r2",[{"type":"o","oddsid":200248993,"odds1a":-0.86,"odds2a":0.62}],"9u7kf"]]
index.html:96 42["p",["r2",[{"type":"o","oddsid":200233762,"odds1a":0.65,"odds2a":-0.85}],"9u7tr"]]
index.html:96 42["p",["r2",[{"type":"o","oddsid":200233778,"odds1a":0.9,"odds2a":0.9}],"9u7xO"]]
index.html:96 3
index.html:96 42["p",["r2",[{"type":"o","oddsid":200233762,"odds1a":0.67,"odds2a":-0.87},{"type":"o","oddsid":200232936,"odds1a":0.88,"odds2a":0.88}],"9u80m"]]
index.html:96 42["p",["r2",[{"type":"o","oddsid":200232934,"comx":3.6},{"type":"o","oddsid":200233778,"odds1a":0.88,"odds2a":0.92}],"9u82X"]]
index.html:96 42["p",["r2",[{"type":"o","oddsid":200232927,"com1":2.81,"comx":1.85,"com2":3.95},{"type":"o","oddsid":200232931,"odds1a":0.8,"odds2a":0.96}],"9u83Y"]]
index.html:96 42["p",["r2",[{"type":"o","oddsid":200248991,"odds1a":-0.73,"odds2a":0.49}],"9u86N"]]
index.html:96 42["p",["r2",[{"type":"o","oddsid":200248993,"odds1a":-0.83,"odds2a":0.59}],"9u87K"]]
index.html:96 42["p",["r2",[{"type":"o","oddsid":200232927,"oddsstatus":"suspend"}],"9u8D5"]]
index.html:96 42["p",["r2",[{"type":"o","oddsid":200248993,"odds1a":-0.89,"odds2a":0.65}],"9u8Gm"]]
index.html:96 3
index.html:96 42["p",["r2",[{"type":"o","oddsid":200233778,"odds1a":0.9,"odds2a":0.9}],"9u8Hj"]]
index.html:96 42["p",["r2",[{"type":"o","oddsid":200248994,"odds1a":-0.93,"odds2a":0.69},{"type":"o","oddsid":200232927,"oddsstatus":"running"}],"9u8JX"]]
index.html:96 42["p",["r2",[{"type":"o","oddsid":200233778,"odds1a":0.98,"odds2a":0.82}],"9u8KO"]]
index.html:96 42["p",["r2",[{"type":"o","oddsid":200233762,"odds1a":0.65,"odds2a":-0.85},{"type":"o","oddsid":200232931,"odds1a":0.77,"odds2a":0.99},{"type":"o","oddsid":200232927,"com1":2.78,"comx":1.87,"com2":3.9},{"type":"o","oddsid":200233767,"odds1a":-0.46,"odds2a":0.26}],"9u8N4"]]
index.html:96 42["p",["r2",[{"type":"o","oddsid":200232934,"oddsstatus":"suspend"},{"type":"o","oddsid":200232936,"odds1a":0.91,"odds2a":0.85}],"9u8Pn"]]
index.html:96 42["p",["r2",[{"type":"o","oddsid":200232934,"comx":3.55,"com2":2.9}],"9u8Qo"]]
index.html:96 42["p",["r2",[{"type":"o","oddsid":200248991,"odds1a":-0.78,"odds2a":0.54}],"9u8Rs"]]
index.html:96 42["p",["r3",[{"type":"o","oddsid":199087817,"odds1a":-0.96,"odds2a":0.86}],"9u8Uy"]]
index.html:96 42["p",["r3",[{"type":"o","oddsid":199087805,"com2":8.7},{"type":"o","oddsid":200178983,"odds1a":-0.96,"odds2a":0.84}],"9u8Wa"]]
index.html:96 42["p",["r3",[{"type":"o","oddsid":200178972,"comx":3.65}],"9u8Wv"]]
index.html:96 3
index.html:96 42["p",["r2",[{"type":"o","oddsid":200232936,"odds1a":0.93,"odds2a":0.83},{"type":"o","oddsid":200248993,"odds1a":-0.74,"odds2a":0.5}],"9u8Yl"]]
index.html:96 42["p",["r2",[{"type":"o","oddsid":200232934,"oddsstatus":"running"},{"type":"o","oddsid":200233778,"odds1a":0.96,"odds2a":0.84}],"9u8dn"]]
index.html:96 42["p",["r3",[{"type":"o","oddsid":200234232,"odds1a":0.96,"odds2a":0.84}],"9u8eE"]]
index.html:96 42["p",["r2",[{"type":"o","oddsid":200233767,"odds1a":-0.48,"odds2a":0.28},{"type":"o","oddsid":200232927,"com1":2.81,"comx":1.85,"com2":3.95},{"type":"o","oddsid":200232931,"odds1a":0.8,"odds2a":0.96}],"9u8eU"]]
index.html:96 42["p",["r3",[{"type":"o","oddsid":200234187,"com1":2.56,"comx":2.05,"com2":4.2},{"type":"o","oddsid":200178983,"odds1a":-0.94,"odds2a":0.82}],"9u8mw"]]
index.html:96 42["p",["r3",[{"type":"o","oddsid":200178972,"com2":6.5}],"9u8pb"]]
index.html:96 42["p",["r2",[{"type":"o","oddsid":200233762,"odds1a":0.67,"odds2a":-0.87},{"type":"o","oddsid":200233778,"odds1a":0.94,"odds2a":0.86}],"9u935"]]
index.html:96 42["p",["r2",[{"type":"o","oddsid":200233778,"odds1a":0.97,"odds2a":0.83}],"9u953"]]
index.html:96 42["p",["r2",[{"type":"o","oddsid":200233762,"oddsstatus":"closePrice"},{"type":"o","oddsid":200233767,"oddsstatus":"closePrice"},{"type":"o","oddsid":200233778,"oddsstatus":"closePrice"},{"type":"o","oddsid":200233783,"oddsstatus":"closePrice"},{"type":"o","oddsid":200232931,"odds1a":0.78,"odds2a":0.98},{"type":"o","oddsid":200248994,"odds1a":-0.92,"odds2a":0.68},{"type":"o","oddsid":200248993,"odds1a":-0.76,"odds2a":0.52},{"type":"m","matchid":30689777,"gamestatus":4},{"type":"o","oddsid":200232927,"com1":2.79,"comx":1.86}],"9u9E4"]]
index.html:96 42["p",["r2",[{"type":"o","oddsid":200248991,"odds1a":-0.75,"odds2a":0.51}],"9u9GK"]]
index.html:96 3
index.html:96 42["p",["r2",[{"type":"o","oddsid":200232936,"odds1a":0.96,"odds2a":0.8},{"type":"o","oddsid":200232934,"com1":1.92,"comx":3.5}],"9u9L3"]]
index.html:96 42["p",["r2",[{"type":"o","oddsid":200232927,"com1":2.73,"comx":1.91,"com2":3.85}],"9u9Ux"]]
index.html:96 42["p",["r2",[{"type":"o","oddsid":200233762,"odds1a":0.69,"odds2a":-0.89}],"9u9XF"]]
index.html:96 42["p",["r3",[{"type":"o","oddsid":200252652,"odds1a":-0.94,"odds2a":0.78}],"9u9a9"]]
index.html:96 42["p",["r3",[{"type":"o","oddsid":200252646,"com1":3.8,"comx":2.92,"com2":1.96}],"9u9ax"]]
index.html:96 42["p",["r2",[{"type":"o","oddsid":200233778,"odds1a":0.99,"odds2a":0.81},{"type":"o","oddsid":200232931,"odds1a":0.81,"odds2a":0.95}],"9u9cz"]]
index.html:96 3
index.html:96 42["p",["r2",[{"type":"o","oddsid":200232927,"com1":2.75,"comx":1.89,"com2":3.9},{"type":"o","oddsid":200248991,"odds1a":-0.73,"odds2a":0.49},{"type":"o","oddsid":200248993,"odds1a":-0.73,"odds2a":0.49}],"9u9hL"]]
index.html:96 42["p",["r3",[{"type":"o","oddsid":199956737,"odds1a":0.89,"odds2a":-0.99}],"9u9pf"]]
index.html:96 42["p",["r2",[{"type":"o","oddsid":200248991,"odds1a":-0.71,"odds2a":0.47}],"9u9uw"]]
index.html:96 42["p",["r3",[{"type":"o","oddsid":199956720,"com1":2.56,"com2":2.73}],"9u9ux"]]
index.html:96 42["p",["r3",[{"type":"o","oddsid":199087838,"odds1a":-0.92,"odds2a":0.84}],"9u9w1"]]
index.html:96 42["p",["r3",[{"type":"o","oddsid":200191085,"odds1a":0.82,"odds2a":-0.92},{"type":"o","oddsid":199087805,"com2":8.9}],"9u9wL"]]
index.html:96 42["p",["r2",[{"type":"o","oddsid":200232936,"odds1a":0.98,"odds2a":0.78}],"9u9wS"]]
index.html:96 42["p",["r2",[{"type":"o","oddsid":200232934,"com2":2.91,"oddsstatus":"suspend"}],"9uA10"]]
index.html:96 42["p",["r3",[{"type":"o","oddsid":200191079,"com1":2.36,"com2":2.71}],"9uA11"]]
index.html:96 42["p",["r3",[{"type":"o","oddsid":200252652,"odds1a":-0.89,"odds2a":0.73}],"9uA2E"]]
index.html:96 42["p",["r3",[{"type":"o","oddsid":200252646,"com1":3.95,"comx":2.95,"com2":1.91},{"type":"o","oddsid":199956737,"odds1a":0.9,"odds2a":1},{"type":"o","oddsid":199956720,"com1":2.57,"com2":2.71}],"9uA3J"]]
index.html:96 42["p",["r3",[{"type":"o","oddsid":199956720,"com1":2.58},{"type":"o","oddsid":200194514,"odds1a":-0.73,"odds2a":0.63}],"9uA46"]]
index.html:96 42["p",["r2",[{"type":"o","oddsid":200232934,"oddsstatus":"running"}],"9uA45"]]
index.html:96 42["p",["r2",[{"type":"o","oddsid":200233762,"odds1a":0.71,"odds2a":-0.91}],"9uA5W"]]
index.html:96 3
index.html:96 42["p",["r2",[{"type":"o","oddsid":200233778,"odds1a":-0.98,"odds2a":0.78}],"9uAAB"]]
index.html:96 42["p",["r2",[{"type":"o","oddsid":200232931,"odds1a":0.83,"odds2a":0.93},{"type":"o","oddsid":200232927,"com1":2.78,"comx":1.87}],"9uABf"]]
index.html:96 42["p",["r2",[{"type":"o","oddsid":200248993,"odds1a":-0.7,"odds2a":0.46},{"type":"o","oddsid":200232927,"comx":1.92,"com2":3.7}],"9uAEw"]]
index.html:96 42["p",["r2",[{"type":"m","matchid":30689777,"liveawayscore":1,"goalteam":"a","gamestatus":0},{"type":"o","oddsid":200232927,"com1":2.72,"com2":3.85},{"type":"o","oddsid":200233778,"hdp1":3.75,"odds1a":-0.78,"odds2a":0.58},{"type":"o","oddsid":200233767,"odds1a":-0.58,"odds2a":0.38},{"type":"o","oddsid":200233762,"hdp1":1.75,"odds1a":0.91,"odds2a":0.89}],"9uAGs"]]
index.html:96 42["p",["r2",[{"type":"o","oddsid":200233783,"odds1a":-0.67,"odds2a":0.47},{"type":"o","oddsid":200232936,"odds1a":-0.99,"odds2a":0.75},{"type":"o","oddsid":200248991,"odds1a":-0.68,"odds2a":0.44}],"9uAHr"]]
index.html:96 42["p",["r2",[{"type":"o","oddsid":200232934,"com2":2.92}],"9uAIn"]]
index.html:96 42["p",["r2",[{"type":"o","oddsid":200233783,"odds1a":-0.71,"odds2a":0.51}],"9uAVL"]]
index.html:96 42["p",["r3",[{"type":"o","oddsid":199087885,"odds1a":0.99,"odds2a":0.93}],"9uAVN"]]
index.html:96 42["p",["r2",[{"type":"o","oddsid":200233783,"oddsstatus":"running"},{"type":"o","oddsid":200248993,"odds1a":-0.65,"odds2a":0.41}],"9uAYW"]]
index.html:96 42["p",["r2",[{"type":"o","oddsid":200232938,"odds1a":0.8,"odds2a":0.96},{"type":"o","oddsid":200233778,"hdp1":3.5,"odds1a":0.87,"odds2a":0.93,"oddsstatus":"running"},{"type":"o","oddsid":200248994,"odds1a":-0.91,"odds2a":0.67}],"9uAcf"]]
index.html:96 3
index.html:96 42["p",["r2",[{"type":"o","oddsid":200232931,"odds1a":0.79,"odds2a":0.97},{"type":"o","oddsid":200232927,"com1":2.68,"comx":1.95,"com2":3.8},{"type":"o","oddsid":200233762,"odds1a":0.99,"odds2a":0.81}],"9uAh2"]]
index.html:96 42["p",["r2",[{"type":"o","oddsid":200233762,"odds1a":-0.97,"odds2a":0.77,"oddsstatus":"running"},{"type":"o","oddsid":200232931,"odds1a":0.89,"odds2a":0.87}],"9uAiz"]]
index.html:96 42["p",["r2",[{"type":"o","oddsid":200232927,"com1":2.77,"comx":1.88,"com2":3.9},{"type":"o","oddsid":200233767,"odds1a":-0.7,"odds2a":0.5}],"9uAlB"]]
index.html:96 42["p",["r2",[{"type":"o","oddsid":200232931,"odds1a":0.86,"odds2a":0.9},{"type":"o","oddsid":200232927,"com1":2.74,"comx":1.9,"com2":3.85},{"type":"o","oddsid":200233767,"oddsstatus":"running"}],"9uAmx"]]
index.html:96 42["p",["r2",[{"type":"o","oddsid":200233778,"odds1a":0.89,"odds2a":0.91},{"type":"o","oddsid":200248991,"oddsstatus":"suspend","hdp1":2.5,"odds1a":0.66,"odds2a":-0.9},{"type":"o","oddsid":200233767,"odds1a":-0.58,"odds2a":0.38}],"9uBES"]]
index.html:96 42["p",["r2",[{"type":"o","oddsid":200233762,"odds1a":0.91,"odds2a":0.89},{"type":"o","oddsid":200248991,"odds1a":0.74,"odds2a":-0.98},{"type":"o","oddsid":200232931,"odds1a":0.82,"odds2a":0.94}],"9uBGU"]]
index.html:96 42["p",["r2",[{"type":"o","oddsid":200232927,"com1":2.71,"comx":1.93,"com2":3.8},{"type":"o","oddsid":200248991,"oddsstatus":"running"},{"type":"o","oddsid":200233778,"odds1a":0.91,"odds2a":0.89}],"9uBJq"]]
index.html:96 42["p",["r2",[{"type":"o","oddsid":200232936,"odds1a":-0.96,"odds2a":0.72},{"type":"o","oddsid":200233783,"odds1a":-0.69,"odds2a":0.49},{"type":"o","oddsid":200232934,"com1":1.93,"comx":3.45}],"9uBL3"]]
index.html:96 42["p",["r2",[{"type":"o","oddsid":200232934,"com1":1.92,"comx":3.5,"com2":2.9},{"type":"o","oddsid":200232931,"odds1a":0.9,"odds2a":0.86},{"type":"o","oddsid":200232927,"com1":2.77,"comx":1.88,"com2":3.9}],"9uBPP"]]
index.html:96 42["p",["r2",[{"type":"o","oddsid":200248993,"odds1a":-0.68,"odds2a":0.44}],"9uBRB"]]
index.html:96 42["p",["r2",[{"type":"o","oddsid":200248993,"oddsstatus":"suspend","hdp1":0.5,"odds1a":0.55,"odds2a":-0.79}],"9uBS3"]]
index.html:96 42["p",["r2",[{"type":"o","oddsid":200233778,"odds1a":0.93,"odds2a":0.87},{"type":"o","oddsid":200248993,"odds1a":0.61,"odds2a":-0.85},{"type":"o","oddsid":200233762,"odds1a":0.89,"odds2a":0.91}],"9uBTN"]]
index.html:96 3
index.html:96 42["p",["r2",[{"type":"o","oddsid":200232931,"odds1a":0.88,"odds2a":0.88},{"type":"o","oddsid":200232927,"com1":2.81,"comx":1.85,"com2":3.95},{"type":"o","oddsid":200248993,"oddsstatus":"running"},{"type":"o","oddsid":200233778,"odds1a":0.86,"odds2a":0.94}],"9uBX9"]]
index.html:96 42["p",["r2",[{"type":"o","oddsid":200233767,"odds1a":-0.54,"odds2a":0.34},{"type":"o","oddsid":200233762,"odds1a":0.79,"odds2a":-0.99},{"type":"o","oddsid":200233778,"odds1a":0.88,"odds2a":0.92}],"9uBaG"]]
index.html:96 42["p",["r2",[{"type":"o","oddsid":200232931,"odds1a":0.98,"odds2a":0.78},{"type":"o","oddsid":200233778,"odds1a":0.9,"odds2a":0.9}],"9uBba"]]
index.html:96 42["p",["r3",[{"type":"o","oddsid":200191080,"odds1a":1,"odds2a":0.9},{"type":"o","oddsid":200191074,"com1":1.72,"comx":3.6,"com2":4.1}],"9uBhw"]]
index.html:96 42["p",["r2",[{"type":"o","oddsid":200233762,"odds1a":0.87,"odds2a":0.93},{"type":"o","oddsid":200248991,"odds1a":0.76,"odds2a":-1}],"9uBi0"]]
index.html:96 42["p",["r2",[{"type":"o","oddsid":200232934,"com2":2.91},{"type":"o","oddsid":200233783,"odds1a":-0.56,"odds2a":0.36}],"9uBjB"]]
index.html:96 42["p",["r2",[{"type":"o","oddsid":200233778,"odds1a":0.92,"odds2a":0.88}],"9uBn8"]]
index.html:96 42["p",["r2",[{"type":"o","oddsid":200248991,"odds1a":0.78,"odds2a":0.98},{"type":"o","oddsid":200232934,"com2":2.92}],"9uBo3"]]
index.html:96 42["p",["r2",[{"type":"o","oddsid":200233778,"odds1a":0.94,"odds2a":0.86},{"type":"o","oddsid":200233762,"odds1a":0.89,"odds2a":0.91}],"9uBx6"]]
index.html:96 42["p",["r2",[{"type":"o","oddsid":200233778,"odds1a":0.96,"odds2a":0.84},{"type":"o","oddsid":200232936,"odds1a":-0.94,"odds2a":0.7}],"9uByx"]]
index.html:96 42["p",["r3",[{"type":"m","matchid":30680503,"mc":67}],"9uBz6"]]
index.html:96 42["p",["r2",[{"type":"o","oddsid":200233762,"odds1a":0.91,"odds2a":0.89}],"9uBzF"]]
index.html:96 42["p",["r2",[{"type":"o","oddsid":200232931,"odds1a":0.96,"odds2a":0.8,"oddsstatus":"closePrice"},{"type":"o","oddsid":200233778,"odds1a":0.98,"odds2a":0.82},{"type":"o","oddsid":200232927,"oddsstatus":"closePrice"},{"type":"o","oddsid":200232932,"oddsstatus":"closePrice"},{"type":"o","oddsid":200232934,"oddsstatus":"closePrice"},{"type":"o","oddsid":200232936,"oddsstatus":"closePrice"},{"type":"o","oddsid":200232938,"oddsstatus":"closePrice"},{"type":"o","oddsid":200248991,"oddsstatus":"closePrice"},{"type":"o","oddsid":200248992,"oddsstatus":"closePrice"},{"type":"o","oddsid":200248993,"oddsstatus":"closePrice"},{"type":"o","oddsid":200248994,"oddsstatus":"closePrice"}],"9uC3b"]]
index.html:96 42["p",["r3",[{"type":"o","oddsid":200218579,"odds1a":0.74,"odds2a":-0.84},{"type":"o","oddsid":200226013,"odds1a":0.87,"odds2a":0.99}],"9uC3R"]]
index.html:96 3
index.html:96 42["p",["r2",[{"type":"o","oddsid":200233778,"odds1a":1,"odds2a":0.8}],"9uC5p"]]
index.html:96 42["t",1559636474338]
index.html:96 42["p",["r2",[{"type":"o","oddsid":200248993,"odds1a":0.64,"odds2a":-0.88},{"type":"o","oddsid":200233762,"odds1a":0.93,"odds2a":0.87}],"9uC7f"]]
index.html:96 42["p",["r2",[{"type":"o","oddsid":200233767,"odds1a":-0.58,"odds2a":0.38}],"9uC9g"]]
index.html:96 42["p",["r2",[{"type":"o","oddsid":200233767,"odds1a":-0.5,"odds2a":0.3},{"type":"m","matchid":30689750,"liveawayscore":1,"goalteam":"a"},{"type":"o","oddsid":200232932,"odds1a":0.49,"odds2a":-0.73}],"9uCDA"]]
index.html:96 42["p",["r3",[{"type":"o","oddsid":200009727,"odds1a":0.97,"odds2a":0.93}],"9uCD8"]]
index.html:96 42["p",["r2",[{"type":"o","oddsid":200232931,"hdp1":1.75,"odds1a":-0.84,"odds2a":0.6},{"type":"o","oddsid":200232936,"hdp1":3.75,"odds1a":-0.74,"odds2a":0.5},{"type":"o","oddsid":200233767,"odds1a":-0.46,"odds2a":0.26},{"type":"o","oddsid":200232938,"odds1a":0.7,"odds2a":-0.94},{"type":"o","oddsid":200248991,"hdp1":3.5,"odds1a":0.98,"odds2a":0.78},{"type":"o","oddsid":200248992,"odds1a":0.44,"odds2a":-0.68},{"type":"o","oddsid":200248993,"hdp1":1.5,"odds1a":0.74,"odds2a":-0.98},{"type":"o","oddsid":200233762,"odds1a":-0.99,"odds2a":0.79}],"9uCFy"]]
index.html:96 42["p",["r3",[{"type":"o","oddsid":200009721,"com1":1.31,"comx":5,"com2":7.8}],"9uCHw"]]
index.html:96 42["p",["r2",[{"type":"o","oddsid":200233762,"odds1a":0.89,"odds2a":0.91}],"9uCHx"]]
index.html:96 42["p",["r2",[{"type":"o","oddsid":200232931,"hdp1":1.5,"odds1a":0.74,"odds2a":-0.98},{"type":"o","oddsid":200248993,"hdp1":1.75,"odds1a":-0.84,"odds2a":0.6}],"9uCJ3"]]
index.html:96 42["p",["r3",[{"type":"o","oddsid":200009724,"odds1a":0.97,"odds2a":0.91}],"9uCMn"]]
index.html:96 42["p",["r2",[{"type":"o","oddsid":200232938,"odds1a":0.76,"odds2a":1},{"type":"o","oddsid":200233767,"odds1a":-0.58,"odds2a":0.38},{"type":"o","oddsid":200232936,"odds1a":-0.82,"odds2a":0.58},{"type":"o","oddsid":200248991,"odds1a":0.9,"odds2a":0.86}],"9uCN5"]]
index.html:96 42["p",["r3",[{"type":"o","oddsid":200009721,"com2":7.7}],"9uCNr"]]
index.html:96 42["p",["r2",[{"type":"o","oddsid":200233767,"odds1a":-0.46,"odds2a":0.26},{"type":"o","oddsid":200232938,"oddsstatus":"running"},{"type":"o","oddsid":200248992,"oddsstatus":"running"}],"9uCOx"]]
index.html:96 42["p",["r2",[{"type":"o","oddsid":200232931,"odds1a":0.64,"odds2a":-0.88},{"type":"o","oddsid":200248993,"odds1a":-0.94,"odds2a":0.7},{"type":"o","oddsid":200232936,"odds1a":-0.92,"odds2a":0.68},{"type":"o","oddsid":200248991,"odds1a":0.84,"odds2a":0.92}],"9uCSH"]]
index.html:96 42["p",["r3",[{"type":"o","oddsid":200191080,"odds1a":-0.99,"odds2a":0.89}],"9uCSy"]]
index.html:96 42["p",["r2",[{"type":"o","oddsid":200232931,"odds1a":0.62,"odds2a":-0.86},{"type":"o","oddsid":200248993,"odds1a":-0.96,"odds2a":0.72},{"type":"o","oddsid":200232936,"odds1a":-0.94,"odds2a":0.7}],"9uCT1"]]
index.html:96 3
index.html:96 42["p",["r2",[{"type":"o","oddsid":200232931,"oddsstatus":"running"}],"9uCWk"]]
index.html:96 42["p",["r3",[{"type":"o","oddsid":200191074,"com1":1.73,"com2":4.05}],"9uCas"]]
index.html:96 42["p",["r2",[{"type":"o","oddsid":200248993,"odds1a":-0.98,"odds2a":0.74}],"9uCbB"]]
index.html:96 42["p",["r2",[{"type":"o","oddsid":200248993,"oddsstatus":"running"},{"type":"o","oddsid":200233762,"odds1a":-0.98,"odds2a":0.78},{"type":"o","oddsid":200233778,"odds1a":-0.98,"odds2a":0.78}],"9uCdw"]]
index.html:96 42["p",["r2",[{"type":"o","oddsid":200248991,"oddsstatus":"running"},{"type":"o","oddsid":200233762,"odds1a":0.99,"odds2a":0.81},{"type":"o","oddsid":200232936,"oddsstatus":"running"}],"9uChK"]]
index.html:96 42["p",["r2",[{"type":"o","oddsid":200232932,"oddsstatus":"running"},{"type":"o","oddsid":200233778,"odds1a":0.94,"odds2a":0.86},{"type":"o","oddsid":200233767,"odds1a":-0.5,"odds2a":0.3},{"type":"o","oddsid":200248994,"oddsstatus":"running"}],"9uCiy"]]
index.html:96 42["p",["r2",[{"type":"o","oddsid":200232936,"hdp1":3.5,"odds1a":0.84,"odds2a":0.92},{"type":"o","oddsid":200248991,"hdp1":3.75,"odds1a":-0.94,"odds2a":0.7},{"type":"o","oddsid":200232934,"com1":3.65,"comx":3.8,"com2":1.63}],"9uCm5"]]
index.html:96 42["p",["r2",[{"type":"o","oddsid":200232927,"com1":11,"comx":3.45,"com2":1.3}],"9uCoB"]]
index.html:96 42["p",["r3",[{"type":"o","oddsid":200217979,"odds1a":-0.92,"odds2a":0.8}],"9uCon"]]
index.html:96 42["p",["r2",[{"type":"o","oddsid":200248993,"odds1a":-1,"odds2a":0.76}],"9uCqW"]]
index.html:96 42["p",["r3",[{"type":"o","oddsid":199956677,"com1":2.06,"com2":6.6}],"9uCqX"]]
index.html:96 42["p",["r2",[{"type":"o","oddsid":200232936,"odds1a":0.69,"odds2a":-0.93},{"type":"o","oddsid":200232934,"com1":3.55,"comx":3.9}],"9uCrj"]]
index.html:96 42["p",["r2",[{"type":"o","oddsid":200232931,"odds1a":0.64,"odds2a":-0.88},{"type":"o","oddsid":200233762,"odds1a":0.97,"odds2a":0.83},{"type":"o","oddsid":200232934,"com1":3.65,"comx":3.8}],"9uCwN"]]
index.html:96 42["p",["r2",[{"type":"o","oddsid":200233767,"odds1a":-0.61,"odds2a":0.41},{"type":"o","oddsid":200248993,"odds1a":0.98,"odds2a":0.78},{"type":"o","oddsid":200233762,"odds1a":0.92,"odds2a":0.88}],"9uCy4"]]
index.html:96 3
index.html:96 42["p",["r2",[{"type":"o","oddsid":200248994,"odds1a":-0.9,"odds2a":0.66},{"type":"o","oddsid":200232936,"odds1a":0.71,"odds2a":-0.95},{"type":"o","oddsid":200232927,"com1":10,"comx":2.83,"com2":1.44},{"type":"o","oddsid":200232931,"odds1a":0.66,"odds2a":-0.9},{"type":"o","oddsid":200233762,"odds1a":0.9,"odds2a":0.9}],"9uD26"]]
index.html:96 42["p",["r2",[{"type":"o","oddsid":200232927,"com2":1.43,"oddsstatus":"suspend"},{"type":"o","oddsid":200232934,"com1":3.55,"comx":3.9},{"type":"o","oddsid":200233778,"odds1a":0.98,"odds2a":0.82},{"type":"o","oddsid":200233762,"odds1a":-0.98,"odds2a":0.78}],"9uD6r"]]
index.html:96 42["p",["r2",[{"type":"o","oddsid":200232936,"odds1a":0.73,"odds2a":-0.97},{"type":"o","oddsid":200248993,"odds1a":0.96,"odds2a":0.8},{"type":"o","oddsid":200232934,"com1":3.6,"comx":3.85},{"type":"o","oddsid":200233762,"oddsstatus":"suspend","hdp1":1.5,"odds1a":0.67,"odds2a":-0.87}],"9uDA5"]]
index.html:96 42["p",["r2",[{"type":"o","oddsid":200232927,"oddsstatus":"running"}],"9uDCM"]]
index.html:96 42["p",["r2",[{"type":"o","oddsid":200232938,"odds1a":0.78,"odds2a":0.98},{"type":"o","oddsid":200232934,"com1":3.65,"comx":3.9,"com2":1.61},{"type":"o","oddsid":200233762,"odds1a":0.79,"odds2a":-0.99},{"type":"o","oddsid":200232936,"odds1a":0.75,"odds2a":-0.99},{"type":"o","oddsid":200233767,"odds1a":-0.5,"odds2a":0.3}],"9uDGN"]]
index.html:96 42["p",["r2",[{"type":"o","oddsid":200233762,"odds1a":0.7,"odds2a":-0.9,"oddsstatus":"running"},{"type":"o","oddsid":200248991,"odds1a":-0.91,"odds2a":0.67},{"type":"o","oddsid":200248993,"odds1a":0.94,"odds2a":0.82}],"9uDKt"]]
index.html:96 42["p",["r2",[{"type":"o","oddsid":200232936,"odds1a":0.77,"odds2a":0.99},{"type":"o","oddsid":200232934,"com1":3.7,"comx":3.85}],"9uDPo"]]
index.html:96 42["p",["r2",[{"type":"o","oddsid":200248994,"odds1a":-0.87,"odds2a":0.63},{"type":"o","oddsid":200232931,"odds1a":0.68,"odds2a":-0.92},{"type":"o","oddsid":200232934,"com1":3.3,"comx":3.35,"com2":1.82},{"type":"o","oddsid":200232927,"com1":11,"comx":2.88,"com2":1.42}],"9uDUZ"]]
index.html:96 42["p",["r2",[{"type":"o","oddsid":200232936,"odds1a":0.79,"odds2a":0.97},{"type":"o","oddsid":200232934,"com2":1.81},{"type":"o","oddsid":200248993,"odds1a":0.91,"odds2a":0.85}],"9uDWW"]]
index.html:96 42["p",["r2",[{"type":"o","oddsid":200233762,"odds1a":0.6,"odds2a":-0.8},{"type":"o","oddsid":200232934,"com1":3.45,"comx":3.25}],"9uDhX"]]
index.html:96 3
index.html:96 42["p",["r2",[{"type":"o","oddsid":200232936,"odds1a":0.81,"odds2a":0.95},{"type":"o","oddsid":200232938,"odds1a":0.8,"odds2a":0.96},{"type":"o","oddsid":200232934,"com1":3.5,"com2":1.8}],"9uDjk"]]
index.html:96 42["p",["r2",[{"type":"o","oddsid":200232934,"com1":3.55,"com2":1.79}],"9uDx1"]]
index.html:96 42["p",["r2",[{"type":"o","oddsid":200232931,"odds1a":0.7,"odds2a":-0.94},{"type":"o","oddsid":200232936,"odds1a":0.84,"odds2a":0.92}],"9uE0X"]]
index.html:96 42["p",["r2",[{"type":"o","oddsid":200232934,"com1":3.8,"comx":3.05}],"9uE4R"]]
index.html:96 42["p",["r2",[{"type":"o","oddsid":200233778,"odds1a":-1,"odds2a":0.8}],"9uE5g"]]
index.html:96 42["p",["r2",[{"type":"o","oddsid":200232934,"oddsstatus":"running"}],"9uE7L"]]
index.html:96 42["p",["r3",[{"type":"o","oddsid":200009717,"odds1a":0.83,"odds2a":-0.95}],"9uE7b"]]
index.html:96 42["p",["r2",[{"type":"o","oddsid":200232931,"odds1a":0.72,"odds2a":-0.96},{"type":"o","oddsid":200232927,"com2":1.41},{"type":"o","oddsid":200232936,"odds1a":0.86,"odds2a":0.9},{"type":"o","oddsid":200232934,"com2":1.78}],"9uE9n"]]
index.html:96 42["p",["r3",[{"type":"o","oddsid":200009701,"com1":1.83,"comx":2.32,"com2":7}],"9uED6"]]
index.html:96 42["p",["r2",[{"type":"o","oddsid":200233762,"odds1a":0.62,"odds2a":-0.82}],"9uED7"]]
index.html:96 42["p",["r3",[{"type":"o","oddsid":200100953,"odds1a":0.78,"odds2a":-0.96}],"9uEEC"]]
index.html:96 42["p",["r2",[{"type":"o","oddsid":200248991,"odds1a":-0.89,"odds2a":0.65},{"type":"o","oddsid":200233778,"odds1a":0.98,"odds2a":0.82}],"9uEFR"]]
index.html:96 42["p",["r3",[{"type":"o","oddsid":199956753,"odds1a":0.86,"odds2a":-0.96}],"9uEFg"]]
index.html:96 42["p",["r2",[{"type":"o","oddsid":200232936,"odds1a":0.88,"odds2a":0.88},{"type":"o","oddsid":200248993,"odds1a":0.93,"odds2a":0.83}],"9uEGE"]]
index.html:96 3
index.html:96 42["p",["r2",[{"type":"o","oddsid":200233762,"odds1a":0.64,"odds2a":-0.84}],"9uEI3"]]
index.html:96 42["p",["r3",[{"type":"o","oddsid":200191081,"odds1a":0.99,"odds2a":0.89}],"9uEIe"]]
index.html:96 42["p",["r3",[{"type":"o","oddsid":200191079,"com2":2.72}],"9uEME"]]
index.html:96 42["p",["r2",[{"type":"o","oddsid":200233762,"odds1a":0.66,"odds2a":-0.86}],"9uEMG"]]
index.html:96 42["p",["r2",[{"type":"o","oddsid":200233762,"odds1a":0.57,"odds2a":-0.77},{"type":"o","oddsid":200232934,"com1":3.85},{"type":"o","oddsid":200232936,"odds1a":0.9,"odds2a":0.86}],"9uENV"]]
index.html:96 42["p",["r2",[{"type":"o","oddsid":200232936,"odds1a":0.97,"odds2a":0.79},{"type":"o","oddsid":200232934,"com1":3.9,"comx":3}],"9uEQC"]]
index.html:96 42["p",["r2",[{"type":"o","oddsid":200248994,"odds1a":-0.86,"odds2a":0.62},{"type":"o","oddsid":200232927,"comx":2.9}],"9uEXG"]]
index.html:96 42["p",["r3",[{"type":"o","oddsid":200235233,"odds1a":0.91,"odds2a":0.93}],"9uEZi"]]
index.html:96 42["p",["r2",[{"type":"o","oddsid":200233762,"odds1a":0.65,"odds2a":-0.85},{"type":"o","oddsid":200232934,"com1":3.95,"com2":1.76},{"type":"o","oddsid":200232938,"odds1a":0.82,"odds2a":0.94}],"9uEcS"]]
index.html:96 42["p",["r2",[{"type":"o","oddsid":200233778,"odds1a":1,"odds2a":0.8},{"type":"o","oddsid":200232932,"odds1a":0.51,"odds2a":-0.75},{"type":"o","oddsid":200248993,"odds1a":0.91,"odds2a":0.85},{"type":"o","oddsid":200248991,"oddsstatus":"suspend","hdp1":3.25,"odds1a":0.62,"odds2a":-0.86}],"9uEfs"]]
index.html:96 42["p",["r3",[{"type":"o","oddsid":200235229,"com1":1.11,"comx":7.9,"com2":12}],"9uEdf"]]
index.html:96 42["p",["r2",[{"type":"o","oddsid":200232936,"odds1a":0.99,"odds2a":0.77},{"type":"o","oddsid":200248993,"odds1a":-0.94,"odds2a":0.7},{"type":"o","oddsid":200232934,"oddsstatus":"suspend","com1":4},{"type":"o","oddsid":200248991,"odds1a":0.64,"odds2a":-0.88},{"type":"o","oddsid":200233762,"odds1a":0.67,"odds2a":-0.87},{"type":"o","oddsid":200232931,"odds1a":0.75,"odds2a":-0.99}],"9uEkO"]]
index.html:96 42["p",["r3",[{"type":"o","oddsid":200235233,"odds1a":0.84,"odds2a":1}],"9uEpL"]]
index.html:96 3
index.html:96 42["p",["r3",[{"type":"o","oddsid":200235229,"com1":1.1,"comx":8.3,"com2":11}],"9uEqR"]]
index.html:96 42["p",["r2",[{"type":"o","oddsid":200248991,"oddsstatus":"running"},{"type":"o","oddsid":200248993,"odds1a":-0.96,"odds2a":0.72}],"9uEqY"]]
index.html:96 42["p",["r3",[{"type":"o","oddsid":200235233,"odds1a":0.88,"odds2a":0.96},{"type":"o","oddsid":200235229,"comx":8.2}],"9uEs6"]]
index.html:96 42["p",["r2",[{"type":"o","oddsid":200232936,"odds1a":0.95,"odds2a":0.81}],"9uEs9"]]
index.html:96 42["p",["r3",[{"type":"o","oddsid":200218581,"odds1a":-0.79,"odds2a":0.67},{"type":"o","oddsid":200235229,"com1":1.11,"comx":8.1,"com2":10}],"9uEup"]]
index.html:96 42["p",["r2",[{"type":"o","oddsid":200232934,"oddsstatus":"running","com1":3.95}],"9uEtV"]]
index.html:96 42["p",["r3",[{"type":"o","oddsid":200181512,"odds1a":1,"odds2a":0.9}],"9uEx0"]]
index.html:96 42["p",["r2",[{"type":"o","oddsid":200232932,"odds1a":0.53,"odds2a":-0.77}],"9uExH"]]
index.html:96 42["p",["r3",[{"type":"o","oddsid":200181508,"com2":5.1}],"9uEyf"]]
index.html:96 42["p",["r2",[{"type":"o","oddsid":200248993,"odds1a":-0.98,"odds2a":0.74}],"9uEz4"]]
index.html:96 42["p",["r3",[{"type":"o","oddsid":200009727,"odds1a":0.99,"odds2a":0.91}],"9uF1n"]]
index.html:96 42["p",["r2",[{"type":"o","oddsid":200248991,"odds1a":0.72,"odds2a":-0.96}],"9uF1p"]]
index.html:96 42["p",["r2",[{"type":"o","oddsid":200232934,"oddsstatus":"suspend"},{"type":"o","oddsid":200232932,"odds1a":0.48,"odds2a":-0.72}],"9uF4V"]]
index.html:96 42["p",["r3",[{"type":"o","oddsid":200009721,"com1":1.32,"comx":4.95,"com2":7.5}],"9uF8r"]]
index.html:96 42["p",["r2",[{"type":"o","oddsid":200248994,"odds1a":-0.85,"odds2a":0.61},{"type":"o","oddsid":200232927,"com1":12,"comx":2.92,"com2":1.4},{"type":"o","oddsid":200248993,"odds1a":0.99,"odds2a":0.77}],"9uFAK"]]
index.html:96 42["p",["r3",[{"type":"o","oddsid":200194515,"odds1a":-0.81,"odds2a":0.71},{"type":"o","oddsid":199956737,"odds1a":0.89,"odds2a":-0.99}],"9uFBV"]]
index.html:96 42["p",["r3",[{"type":"o","oddsid":200194515,"odds1a":-0.8,"odds2a":0.7},{"type":"o","oddsid":199956720,"com1":2.56,"com2":2.73}],"9uFCH"]]
index.html:96 42["p",["r2",[{"type":"o","oddsid":200248991,"odds1a":0.76,"odds2a":-1},{"type":"o","oddsid":200233778,"odds1a":-0.98,"odds2a":0.78},{"type":"o","oddsid":200232931,"odds1a":0.77,"odds2a":0.99}],"9uFNA"]]
index.html:96 42["p",["r3",[{"type":"o","oddsid":200235233,"odds1a":0.94,"odds2a":0.9},{"type":"o","oddsid":200235229,"com1":1.12,"comx":7.7,"com2":9.2}],"9uFLl"]]
index.html:96 3
index.html:96 42["p",["r3",[{"type":"o","oddsid":200235229,"com2":10}],"9uFOo"]]
index.html:96 42["p",["r2",[{"type":"o","oddsid":200233762,"odds1a":0.69,"odds2a":-0.89}],"9uFPD"]]
index.html:96 42["p",["r2",[{"type":"o","oddsid":200232934,"com1":4.1,"com2":1.75,"comx":2.99},{"type":"o","oddsid":200232936,"odds1a":0.97,"odds2a":0.79}],"9uFSr"]]
index.html:96 42["p",["r3",[{"type":"o","oddsid":199956737,"odds1a":0.9,"odds2a":1},{"type":"o","oddsid":199956720,"com1":2.57,"com2":2.71}],"9uFSm"]]
index.html:96 42["p",["r2",[{"type":"o","oddsid":200232934,"com1":4.2,"comx":3,"com2":1.73}],"9uFUf"]]
index.html:96 42["p",["r3",[{"type":"o","oddsid":199956720,"com1":2.58}],"9uFUg"]]
index.html:96 42["p",["r2",[{"type":"o","oddsid":200232934,"com1":4.1,"comx":3.05}],"9uFWd"]]
index.html:96 42["p",["r2",[{"type":"o","oddsid":200232934,"oddsstatus":"running"}],"9uFXn"]]
index.html:96 42["p",["r3",[{"type":"o","oddsid":200217967,"odds1a":-0.95,"odds2a":0.83}],"9uFbr"]]
index.html:96 42["p",["r2",[{"type":"o","oddsid":200248991,"odds1a":0.78,"odds2a":0.98}],"9uFcV"]]
index.html:96 42["p",["r3",[{"type":"o","oddsid":200235231,"odds1a":0.79,"odds2a":-0.97}],"9uFdz"]]
index.html:96 42["p",["r2",[{"type":"o","oddsid":200232934,"com1":4.15,"comx":3}],"9uFeI"]]
index.html:96 42["p",["r2",[{"type":"o","oddsid":200248991,"odds1a":0.84,"odds2a":0.92},{"type":"o","oddsid":200248993,"odds1a":-0.87,"odds2a":0.63},{"type":"o","oddsid":200232934,"com1":4.2},{"type":"o","oddsid":200248994,"odds1a":-0.79,"odds2a":0.55},{"type":"o","oddsid":200232927,"com1":13,"comx":3.05,"com2":1.35}],"9uFfb"]]
index.html:96 42["p",["r2",[{"type":"o","oddsid":200232934,"com1":4.1,"comx":3.05}],"9uFjS"]]
index.html:96 42["p",["r2",[{"type":"o","oddsid":200233762,"odds1a":0.71,"odds2a":-0.91}],"9uFpE"]]
index.html:96 3
index.html:96 42["p",["r3",[{"type":"o","oddsid":199956727,"odds1a":-0.98,"odds2a":0.86}],"9uFqV"]]
index.html:96 42["p",["r2",[{"type":"o","oddsid":200233778,"odds1a":-0.95,"odds2a":0.75},{"type":"o","oddsid":200248993,"odds1a":-0.89,"odds2a":0.65},{"type":"o","oddsid":200232934,"oddsstatus":"suspend"},{"type":"o","oddsid":200232931,"odds1a":0.8,"odds2a":0.96}],"9uFtH"]]
index.html:96 42["p",["r2",[{"type":"o","oddsid":200232931,"odds1a":0.78,"odds2a":0.98},{"type":"o","oddsid":200232927,"com2":1.34},{"type":"o","oddsid":200248991,"odds1a":0.86,"odds2a":0.9},{"type":"o","oddsid":200233783,"odds1a":-0.58,"odds2a":0.38}],"9uG09"]]
index.html:96 42["p",["r3",[{"type":"o","oddsid":199956985,"odds1a":0.89,"odds2a":-0.99}],"9uG1C"]]
index.html:96 42["p",["r2",[{"type":"o","oddsid":200232936,"odds1a":-1,"odds2a":0.76}],"9uG1V"]]
index.html:96 42["p",["r2",[{"type":"o","oddsid":200232934,"com1":4.15}],"9uG24"]]
index.html:96 42["p",["r2",[{"type":"o","oddsid":200232938,"odds1a":0.8,"odds2a":0.96},{"type":"o","oddsid":200232936,"hdp1":3.25,"odds1a":0.86,"odds2a":0.9},{"type":"o","oddsid":200248991,"hdp1":3.5,"odds1a":-1,"odds2a":0.76},{"type":"o","oddsid":200232934,"comx":2.98,"com2":1.74}],"9uG3o"]]
index.html:96 42["p",["r2",[{"type":"o","oddsid":200248993,"odds1a":-0.91,"odds2a":0.67},{"type":"o","oddsid":200233762,"odds1a":0.83,"odds2a":0.97}],"9uGEP"]]
index.html:96 42["p",["r3",[{"type":"o","oddsid":200191081,"odds1a":0.98,"odds2a":0.9}],"9uGN5"]]
index.html:96 42["p",["r2",[{"type":"o","oddsid":200232934,"com1":4.1,"comx":3.1,"com2":1.71},{"type":"o","oddsid":200233778,"oddsstatus":"suspend","hdp1":3.25,"odds1a":0.7,"odds2a":-0.9}],"9uGPS"]]
index.html:96 42["p",["r3",[{"type":"o","oddsid":200191079,"com2":2.71},{"type":"m","matchid":30689938,"showtime":"06/05 06:00AM","showlivescore":false,"offerlive":false}],"9uGPi"]]
index.html:96 42["p",["r2",[{"type":"o","oddsid":200233778,"odds1a":0.8,"odds2a":1},{"type":"o","oddsid":200233762,"odds1a":0.85,"odds2a":0.95},{"type":"o","oddsid":200232934,"oddsstatus":"running"}],"9uGX4"]]
index.html:96 42["p",["r2",[{"type":"o","oddsid":200233778,"oddsstatus":"running"},{"type":"o","oddsid":200232938,"odds1a":0.78,"odds2a":0.98},{"type":"o","oddsid":200232934,"com1":4.05,"com2":1.73}],"9uGZz"]]
index.html:96 42["p",["r2",[{"type":"o","oddsid":200248993,"odds1a":-0.93,"odds2a":0.69},{"type":"o","oddsid":200248994,"odds1a":-0.78,"odds2a":0.54}],"9uGdZ"]]
index.html:96 3
index.html:96 42["p",["r2",[{"type":"o","oddsid":200232931,"odds1a":0.8,"odds2a":0.96}],"9uGgh"]]
index.html:96 42["p",["r2",[{"type":"o","oddsid":200232936,"odds1a":0.8,"odds2a":0.96},{"type":"o","oddsid":200232934,"com1":4}],"9uGjy"]]
index.html:96 42["p",["r3",[{"type":"o","oddsid":200234267,"odds1a":1,"odds2a":0.8}],"9uGnv"]]
index.html:96 42["p",["r3",[{"type":"o","oddsid":200234248,"com1":2,"com2":3.45}],"9uGoa"]]
index.html:96 42["p",["r2",[{"type":"o","oddsid":200233783,"odds1a":-0.55,"odds2a":0.35},{"type":"o","oddsid":200233762,"odds1a":0.83,"odds2a":0.97}],"9uGot"]]
index.html:96 42["p",["r2",[{"type":"o","oddsid":200233762,"odds1a":0.85,"odds2a":0.95}],"9uGqI"]]
index.html:96 42["p",["r2",[{"type":"o","oddsid":200233778,"odds1a":0.82,"odds2a":0.98}],"9uGrT"]]
index.html:96 42["p",["r2",[{"type":"o","oddsid":200248991,"odds1a":-0.97,"odds2a":0.73},{"type":"o","oddsid":200233767,"odds1a":-0.52,"odds2a":0.32}],"9uGt4"]]
index.html:96 42["p",["r3",[{"type":"o","oddsid":200191085,"odds1a":0.84,"odds2a":-0.94}],"9uGvq"]]
index.html:96 42["p",["r3",[{"type":"o","oddsid":200191079,"com1":2.39,"com2":2.68}],"9uGwW"]]
index.html:96 42["p",["r2",[{"type":"o","oddsid":200233762,"odds1a":0.83,"odds2a":0.97}],"9uGxJ"]]
index.html:96 3
index.html:96 42["p",["r3",[{"type":"o","oddsid":199956956,"odds1a":0.73,"odds2a":-0.85},{"type":"o","oddsid":200252648,"odds1a":-0.93,"odds2a":0.75}],"9uH0K"]]
index.html:96 42["p",["r2",[{"type":"o","oddsid":200248994,"odds1a":-0.77,"odds2a":0.53},{"type":"o","oddsid":200233778,"odds1a":0.91,"odds2a":0.89},{"type":"o","oddsid":200233767,"odds1a":-0.48,"odds2a":0.28},{"type":"o","oddsid":200232927,"comx":3.1,"com2":1.33},{"type":"o","oddsid":200248993,"odds1a":-0.9,"odds2a":0.66}],"9uH0Q"]]
index.html:96 42["p",["r2",[{"type":"o","oddsid":200232931,"odds1a":0.8,"odds2a":0.96},{"type":"o","oddsid":200232936,"odds1a":0.82,"odds2a":0.94}],"9uH5R"]]
index.html:96 42["p",["r3",[{"type":"o","oddsid":200252646,"com1":4,"comx":2.93}],"9uH5L"]]
index.html:96 42["p",["r2",[{"type":"o","oddsid":200248994,"odds1a":-0.75,"odds2a":0.51}],"9uH98"]]
index.html:96 42["p",["r2",[{"type":"o","oddsid":200232927,"com1":14,"comx":3.15,"com2":1.32},{"type":"o","oddsid":200233762,"odds1a":0.81,"odds2a":0.99},{"type":"o","oddsid":200233778,"odds1a":0.93,"odds2a":0.87}],"9uH9G"]]
index.html:96 42["p",["r3",[{"type":"o","oddsid":199956723,"odds1a":0.7,"odds2a":-0.82}],"9uHDR"]]
index.html:96 42["p",["r2",[{"type":"o","oddsid":200232938,"odds1a":0.8,"odds2a":0.96},{"type":"o","oddsid":200232934,"com1":4.1,"com2":1.71}],"9uHKw"]]
index.html:96 42["p",["r3",[{"type":"o","oddsid":200252648,"odds1a":-0.9,"odds2a":0.72},{"type":"o","oddsid":200191085,"odds1a":0.81,"odds2a":-0.91}],"9uHMl"]]
index.html:96 42["p",["r2",[{"type":"o","oddsid":200248991,"odds1a":-0.95,"odds2a":0.71}],"9uHMp"]]
index.html:96 42["p",["r3",[{"type":"o","oddsid":200191079,"com1":2.35,"com2":2.73},{"type":"o","oddsid":200252646,"com1":4.05,"comx":2.9,"com2":1.92}],"9uHON"]]
index.html:96 42["p",["r2",[{"type":"o","oddsid":200232936,"odds1a":0.84,"odds2a":0.92}],"9uHOO"]]
index.html:96 3
index.html:96 42["p",["r2",[{"type":"o","oddsid":200232934,"com1":4.15,"comx":3.15,"com2":1.7},{"type":"o","oddsid":200232938,"odds1a":0.82,"odds2a":0.94}],"9uHTE"]]
index.html:96 42["p",["r3",[{"type":"o","oddsid":200252648,"odds1a":-0.87,"odds2a":0.69},{"type":"o","oddsid":200252652,"odds1a":-0.91,"odds2a":0.75},{"type":"o","oddsid":200252646,"comx":2.88}],"9uHa9"]]
index.html:96 42["p",["r3",[{"type":"o","oddsid":200252646,"com1":4,"comx":2.87,"com2":1.94}],"9uHbO"]]
index.html:96 42["p",["r2",[{"type":"o","oddsid":200248993,"odds1a":-0.88,"odds2a":0.64}],"9uHdF"]]
index.html:96 42["p",["r3",[{"type":"o","oddsid":199956953,"odds1a":0.84,"odds2a":-0.96}],"9uHeK"]]
index.html:96 42["p",["r2",[{"type":"o","oddsid":200233778,"odds1a":0.95,"odds2a":0.85},{"type":"o","oddsid":200232934,"oddsstatus":"suspend"}],"9uHfP"]]
index.html:96 42["p",["r3",[{"type":"o","oddsid":199956936,"com1":2.07,"comx":2.19,"com2":5.7}],"9uHgW"]]
index.html:96 42["p",["r2",[{"type":"o","oddsid":200232931,"odds1a":0.83,"odds2a":0.93}],"9uHgY"]]
index.html:96 42["p",["r3",[{"type":"o","oddsid":199087681,"odds1a":-0.93,"odds2a":0.85},{"type":"o","oddsid":199087671,"com1":2.39,"com2":3.6}],"9uHjF"]]
index.html:96 42["p",["r2",[{"type":"o","oddsid":200248994,"odds1a":-0.74,"odds2a":0.5}],"9uHjD"]]
index.html:96 42["p",["r2",[{"type":"o","oddsid":200233762,"odds1a":0.83,"odds2a":0.97}],"9uHjy"]]
index.html:96 42["p",["r2",[{"type":"o","oddsid":200232934,"com2":1.69},{"type":"o","oddsid":200233762,"odds1a":0.85,"odds2a":0.95}],"9uHnc"]]
index.html:96 42["p",["r2",[{"type":"o","oddsid":200232934,"oddsstatus":"running"},{"type":"o","oddsid":200232932,"odds1a":0.5,"odds2a":-0.74}],"9uHpL"]]
index.html:96 3
index.html:96 42["p",["r2",[{"type":"o","oddsid":200248991,"odds1a":-0.92,"odds2a":0.68}],"9uHrS"]]
index.html:96 42["p",["r3",[{"type":"o","oddsid":199956953,"odds1a":0.83,"odds2a":-0.95}],"9uHuY"]]
index.html:96 42["p",["r2",[{"type":"o","oddsid":200232936,"odds1a":0.87,"odds2a":0.89},{"type":"o","oddsid":200232934,"com1":4.2}],"9uHug"]]
index.html:96 42["p",["r3",[{"type":"o","oddsid":200191075,"odds1a":0.86,"odds2a":-0.98},{"type":"o","oddsid":200191058,"com1":3}],"9uHxE"]]
index.html:96 42["p",["r2",[{"type":"o","oddsid":200232932,"odds1a":0.52,"odds2a":-0.76}],"9uHxI"]]
index.html:96 42["p",["r2",[{"type":"o","oddsid":200233767,"odds1a":-0.5,"odds2a":0.3}],"9uHzJ"]]
index.html:96 42["p",["r2",[{"type":"o","oddsid":200232938,"odds1a":0.84,"odds2a":0.92},{"type":"o","oddsid":200232934,"com1":4.25,"com2":1.67}],"9uI1t"]]
index.html:96 42["p",["r2",[{"type":"o","oddsid":200248993,"odds1a":-0.85,"odds2a":0.61}],"9uI5J"]]
index.html:96 42["p",["r2",[{"type":"m","matchid":30689750,"livechart":0,"gameinfo":0,"gv":2},{"type":"o","oddsid":200233778,"odds1a":0.97,"odds2a":0.83}],"9uINQ"]]
index.html:96 42["p",["r3",[{"type":"o","oddsid":200252648,"odds1a":-0.84,"odds2a":0.66}],"9uINO"]]
index.html:96 42["p",["r3",[{"type":"o","oddsid":200252646,"comx":2.85}],"9uIQV"]]
index.html:96 42["p",["r2",[{"type":"o","oddsid":200232927,"com1":15,"com2":1.31},{"type":"o","oddsid":200232931,"odds1a":0.86,"odds2a":0.9}],"9uIQa"]]
index.html:96 42["p",["r2",[{"type":"o","oddsid":200248994,"odds1a":-0.73,"odds2a":0.49},{"type":"o","oddsid":200232927,"comx":3.2}],"9uIS4"]]
index.html:96 42["p",["r3",[{"type":"o","oddsid":200218567,"odds1a":0.66,"odds2a":-0.76},{"type":"o","oddsid":199956735,"com2":5.8}],"9uIXF"]]
index.html:96 3
index.html:96 42["p",["r2",[{"type":"o","oddsid":200233762,"odds1a":0.87,"odds2a":0.93}],"9uIXq"]]
index.html:96 42["p",["r2",[{"type":"o","oddsid":200248991,"odds1a":-0.89,"odds2a":0.65},{"type":"o","oddsid":200232936,"odds1a":0.89,"odds2a":0.87}],"9uIYU"]]
index.html:96 42["p",["r2",[{"type":"o","oddsid":200233778,"odds1a":-0.96,"odds2a":0.76}],"9uIaI"]]
index.html:96 42["p",["r2",[{"type":"o","oddsid":200232931,"odds1a":0.84,"odds2a":0.92}],"9uIdf"]]
index.html:96 42["p",["r3",[{"type":"o","oddsid":200191085,"odds1a":0.82,"odds2a":-0.92}],"9uIfx"]]
index.html:96 42["p",["r2",[{"type":"o","oddsid":200233762,"odds1a":0.85,"odds2a":0.95},{"type":"o","oddsid":200232936,"odds1a":0.91,"odds2a":0.85},{"type":"o","oddsid":200232934,"com1":4.3}],"9uIgE"]]
index.html:96 42["p",["r3",[{"type":"o","oddsid":200191079,"com1":2.36,"com2":2.71}],"9uIhs"]]
index.html:96 42["p",["r2",[{"type":"o","oddsid":200248993,"odds1a":-0.82,"odds2a":0.58}],"9uIkA"]]
index.html:96 42["p",["r2",[{"type":"o","oddsid":200233762,"odds1a":0.96,"odds2a":0.84},{"type":"o","oddsid":200248994,"odds1a":-0.72,"odds2a":0.48},{"type":"o","oddsid":200232927,"com2":1.3}],"9uIoq"]]
index.html:96 3
index.html:96 42["p",["r3",[{"type":"o","oddsid":200191085,"odds1a":0.84,"odds2a":-0.94}],"9uItN"]]
index.html:96 42["p",["r2",[{"type":"o","oddsid":200233762,"odds1a":0.94,"odds2a":0.86}],"9uItm"]]
index.html:96 42["p",["r3",[{"type":"o","oddsid":200191079,"com1":2.39,"com2":2.68}],"9uIzF"]]
index.html:96 42["p",["r3",[{"type":"o","oddsid":199956953,"odds1a":0.84,"odds2a":-0.96}],"9uJ0G"]]
index.html:96 42["p",["r2",[{"type":"o","oddsid":200248991,"odds1a":-0.87,"odds2a":0.63},{"type":"o","oddsid":200232936,"odds1a":-0.99,"odds2a":0.75},{"type":"o","oddsid":200232934,"com1":4.4,"comx":3.1,"com2":1.66}],"9uJ1o"]]
index.html:96 42["p",["r2",[{"type":"o","oddsid":200233778,"odds1a":-0.94,"odds2a":0.74}],"9uJ4I"]]
index.html:96 42["p",["r2",[{"type":"o","oddsid":200233762,"odds1a":0.96,"odds2a":0.84},{"type":"o","oddsid":200232927,"com1":16,"comx":3.25},{"type":"o","oddsid":200232936,"odds1a":0.86,"odds2a":0.9},{"type":"o","oddsid":200232931,"odds1a":0.98,"odds2a":0.78}],"9uJ8Q"]]
index.html:96 42["p",["r2",[{"type":"o","oddsid":200232934,"com1":4.25,"comx":3.15,"com2":1.67}],"9uJAt"]]
index.html:96 42["p",["r2",[{"type":"o","oddsid":200232931,"odds1a":0.84,"odds2a":0.92},{"type":"o","oddsid":200232927,"com1":15,"comx":3.2},{"type":"o","oddsid":200233762,"odds1a":0.94,"odds2a":0.86},{"type":"o","oddsid":200248993,"odds1a":-0.8,"odds2a":0.56}],"9uJEO"]]
index.html:96 3
index.html:96 42["p",["r2",[{"type":"o","oddsid":200232938,"odds1a":0.86,"odds2a":0.9},{"type":"o","oddsid":200232934,"com1":4.3,"comx":3.2,"com2":1.66},{"type":"o","oddsid":200233778,"odds1a":0.97,"odds2a":0.83},{"type":"o","oddsid":200233762,"odds1a":0.92,"odds2a":0.88}],"9uJJ0"]]
index.html:96 42["p",["r2",[{"type":"o","oddsid":200232931,"odds1a":0.86,"odds2a":0.9}],"9uJKv"]]
index.html:96 42["p",["r2",[{"type":"o","oddsid":200248994,"odds1a":-0.71,"odds2a":0.47},{"type":"o","oddsid":200233778,"odds1a":-0.91,"odds2a":0.71},{"type":"o","oddsid":200232927,"com1":16,"comx":3.25}],"9uJMc"]]
index.html:96 42["p",["r2",[{"type":"o","oddsid":200233783,"odds1a":-0.57,"odds2a":0.37}],"9uJO2"]]
index.html:96 42["p",["r2",[{"type":"o","oddsid":200248992,"odds1a":0.46,"odds2a":-0.7},{"type":"o","oddsid":200233778,"odds1a":0.98,"odds2a":0.82}],"9uJYK"]]
index.html:96 42["p",["r2",[{"type":"o","oddsid":200233778,"odds1a":-0.91,"odds2a":0.71}],"9uJbp"]]
index.html:96 42["p",["r2",[{"type":"o","oddsid":200248991,"odds1a":-0.84,"odds2a":0.6}],"9uJcz"]]
