3probe
40
42["init",{"pnid":"2b72db97","t":1559102660408}]
42["r",["c2","r2",[{"type":"reset"},
{"type":"m","l":1,"matchid":30587114,"csstatus":"0","livehomescore":3,"liveawayscore":3,"isht":false,"showlivescore":true,"isfulltime":false,"gamestatus":0,"bestofmap":1,"isstartingsoon":true,"movebo3down":false,"showtimedt":1559098380,"offerlive":true,"goalteam":"a","leagueid":635,"marketid":"T","matchcode":"7690","kickofftime":1559098380,"eventstatus":"running","showtime":"<font color=red>LIVE</font> 10:54AM","globalshowtime":1559098380,"haslive":0,"homeid":252563,"hteamnamech":"俄克拉何馬能量","hteamnamecn":"俄克拉何马能量","hteamnameen":"Oklahoma City Energy FC","hteamnamejp":"","hteamnameko":"","hteamnameth":"โอกลาโฮมา ซิตี้ เอ็นเนอร์ยี่ FC","hteamnamees":"","hteamnameel":"","hteamnamesc2":"OKC能量","hteamnamevn":"","awayid":203333,"ateamnamech":"坦帕灣暴徒","ateamnamecn":"坦帕湾暴徒","ateamnameen":"FC Tampa Bay Rowdies","ateamnamejp":"","ateamnameko":"FC Tampa Bay Rowdies","ateamnameth":"FC แทมป้า เบย์ โรว์ดีส์","ateamnamees":"","ateamnameel":"","ateamnamesc2":"坦帕湾暴徒","ateamnamevn":"","sporttype":1,"liveperiod":2,"livetimer":1559102323,"pauseperiod":0,"isneutral":1,"ldisplaymode":0,"homered":0,"awayred":0,"injurytime":0,"timersuspend":0,"ismainmarket":1,"showinallmarket":false,"leagueputinmaincat":0,"leaguedisplaycat":0,"istest":0,"sessiontime":0,"iscountdowntimer":0,"gamesession":0,"overtime":0,"overtimesession":0,"delaylive":0,"isminiodds":false,"mdisplaymode":0,"leaguenamech":"美國公開盃","leaguenamecn":"美国公开杯","leaguenameen":"US OPEN CUP","leaguenamejp":"USオープン カップ","leaguenameko":"US 오픈 컵","leaguenameth":"สหรัฐอเมริกา โอเพ่น คัพ","leaguenamees":"","leaguenameel":"","leaguenamesc2":"美国公开杯","leaguenamevn":"","countrycode":"USA","mc":11,"mc_parlay":0,"mc_special":4,"mc_specialParlay":0,"hascashout":3,"hassuperlive":0,"hasbetbuilder":0,"livechart":0,"gameinfo":1,"gv":2},
{"oddsid":199373826,"matchid":30587114,"more_main_tab":1,"type":"o","bettype":1,"liveindicator":1,"enable":1,"pdisplaymode":3,"combo":3,"profitadjust":8,"parenttypeid":1,"oddsstatus":"running","hdp1":0,"hdp2":0.25,"cs30":0,"oddsspreada":0.16,"maxbet":591,"ocategory":0,"exspread":0,"odds1a":0.93,"odds2a":0.91},
{"oddsid":199459573,"matchid":30587114,"more_main_tab":1,"type":"o","bettype":1,"parenttypeid":1,"oddsstatus":"running","liveindicator":1,"hdp1":0,"hdp2":0,"enable":1,"pdisplaymode":3,"combo":3,"profitadjust":8,"cs30":0,"oddsspreada":0.16,"maxbet":525,"ocategory":0,"exspread":0,"odds1a":-0.57,"odds2a":0.41},
{"oddsid":199373824,"matchid":30587114,"more_main_tab":1,"type":"o","bettype":3,"liveindicator":1,"enable":1,"pdisplaymode":3,"combo":3,"profitadjust":8,"parenttypeid":3,"oddsstatus":"running","hdp1":7.25,"hdp2":0,"cs30":0,"oddsspreada":0.18,"maxbet":591,"ocategory":0,"exspread":0,"odds1a":0.99,"odds2a":0.83},
{"oddsid":199459574,"matchid":30587114,"more_main_tab":1,"type":"o","bettype":3,"parenttypeid":3,"oddsstatus":"running","liveindicator":1,"hdp1":7,"hdp2":0,"enable":1,"pdisplaymode":3,"combo":3,"profitadjust":8,"cs30":0,"oddsspreada":0.18,"maxbet":525,"ocategory":0,"exspread":0,"odds1a":0.56,"odds2a":-0.74},
{"oddsid":199373822,"matchid":30587114,"more_main_tab":1,"type":"o","bettype":5,"liveindicator":1,"enable":1,"pdisplaymode":3,"combo":3,"profitadjust":8,"parenttypeid":5,"oddsstatus":"running","maxbet":497,"ocategory":0,"exspread":0,"com1":4.45,"comx":2.29,"com2":2.18},
{"type":"done"}],"2MSrU"]]
42["p",["r2",[{"type":"o","oddsid":199373824,"odds1a":0.97,"odds2a":0.85},
{"type":"o","oddsid":199373822,"comx":2.3,"com2":2.17}],"2MT5m"]]
42["p",["r2",[{"type":"o","oddsid":199373824,"odds1a":0.95,"odds2a":0.87},
{"type":"o","oddsid":199373822,"com1":4.4,"comx":2.32,"com2":2.16}],"2MTCG"]]
42["t",1559102717827]
42["p",["r2",[{"type":"o","oddsid":199373824,"odds1a":0.97,"odds2a":0.85},
{"type":"o","oddsid":199373822,"com1":4.45,"comx":2.3,"com2":2.17}],"2MTNo"]]
42["p",["r2",[{"type":"o","oddsid":199373824,"odds1a":0.95,"odds2a":0.87}],"2MTUb"]]
42["p",["r2",[{"type":"o","oddsid":199373822,"com1":4.4,"comx":2.32,"com2":2.16}],"2MTVC"]]
42["p",["r2",[{"type":"o","oddsid":199459574,"odds1a":0.59,"odds2a":-0.77}],"2MTgD"]]
3
42["p",["r2",[{"type":"o","oddsid":199373824,"odds1a":0.93,"odds2a":0.89},
{"type":"o","oddsid":199373822,"comx":2.33}],"2MTm3"]]
42["p",["r2",[{"type":"o","oddsid":199459574,"odds1a":0.61,"odds2a":-0.79}],"2MTpx"]]
42["p",["r2",[{"type":"o","oddsid":199373822,"oddsstatus":"suspend"}],"2MTwc"]]
42["p",["r2",[{"type":"o","oddsid":199373824,"odds1a":0.91,"odds2a":0.91},
{"type":"o","oddsid":199373822,"comx":2.35,"com2":2.15}],"2MU55"]]
42["p",["r2",[{"type":"o","oddsid":199373822,"oddsstatus":"running"}],"2MU9b"]]
42["p",["r2",[{"type":"o","oddsid":199459574,"odds1a":0.63,"odds2a":-0.81}],"2MUCx"]]
3
42["p",["r2",[{"type":"o","oddsid":199373824,"odds1a":0.89,"odds2a":0.93},
{"type":"o","oddsid":199373822,"com1":4.35,"comx":2.36,"com2":2.14}],"2MUPc"]]
3
42["p",["r2",[{"type":"o","oddsid":199459574,"odds1a":0.6,"odds2a":-0.78}],"2MVMG"]]
42["p",["r2",[{"type":"o","oddsid":199373826,"odds1a":0.95,"odds2a":0.89}],"2MVkQ"]]
3
42["p",["r2",[{"type":"o","oddsid":199459573,"odds1a":-0.62,"odds2a":0.46},
{"type":"o","oddsid":199373822,"com1":4.1,"comx":2.35,"com2":2.22}],"2MW5y"]]
42["p",["r2",[{"type":"o","oddsid":199373826,"odds1a":0.93,"odds2a":0.91}],"2MWCw"]]
42["p",["r2",[{"type":"o","oddsid":199373826,"odds1a":0.91,"odds2a":0.93}],"2MWJQ"]]
3
42["p",["r2",[{"type":"o","oddsid":199373826,"odds1a":0.93,"odds2a":0.91}],"2MWSi"]]
42["p",["r2",[{"type":"o","oddsid":199373824,"odds1a":0.99,"odds2a":0.83},
{"type":"o","oddsid":199373822,"com1":4.2,"comx":2.28,"com2":2.26}],"2MWi7"]]
42["p",["r2",[{"type":"o","oddsid":199373826,"odds1a":0.9,"odds2a":0.94}],"2MWnR"]]
42["p",["r2",[{"type":"o","oddsid":199459574,"odds1a":0.62,"odds2a":-0.8}],"2MWoF"]]
42["p",["r2",[{"type":"o","oddsid":199459574,"odds1a":0.64,"odds2a":-0.82}],"2MWy8"]]
42["p",["r2",[{"type":"o","oddsid":199373824,"odds1a":0.95,"odds2a":0.87},
{"type":"o","oddsid":199373822,"com1":4.15,"comx":2.3,"com2":2.25}],"2MX4j"]]
42["p",["r2",[{"type":"o","oddsid":199373824,"odds1a":0.93,"odds2a":0.89}],"2MX77"]]
42["p",["r2",[{"type":"o","oddsid":199373822,"comx":2.32,"com2":2.24}],"2MXAd"]]
3
42["p",["r2",[{"type":"o","oddsid":199373824,"odds1a":0.9,"odds2a":0.92},
{"type":"o","oddsid":199373822,"com1":4.1,"comx":2.34,"com2":2.22}],"2MXKS"]]
42["p",["r2",[{"type":"o","oddsid":199373822,"oddsstatus":"running"}],"2MXYl"]]
3
42["p",["r2",[{"type":"o","oddsid":199373824,"odds1a":0.94,"odds2a":0.88},
{"type":"o","oddsid":199373822,"com1":4.15,"comx":2.31,"com2":2.24}],"2MXzO"]]
42["p",["r2",[{"type":"o","oddsid":199373822,"comx":2.33,"com2":2.23},
{"type":"o","oddsid":199373824,"odds1a":0.91,"odds2a":0.91}],"2MY5S"]]
3
42["p",["r2",[{"type":"o","oddsid":199373826,"odds1a":0.92,"odds2a":0.92}],"2MYDF"]]
42["p",["r2",[{"type":"o","oddsid":199459574,"odds1a":0.62,"odds2a":-0.8}],"2MYOx"]]
3
42["p",["r2",[{"type":"o","oddsid":199459574,"odds1a":0.64,"odds2a":-0.82}],"2MYh5"]]
42["p",["r2",[{"type":"o","oddsid":199373826,"odds1a":0.94,"odds2a":0.9}],"2MYsH"]]
3
42["p",["r2",[{"type":"o","oddsid":199373824,"odds1a":0.93,"odds2a":0.89},
{"type":"o","oddsid":199373822,"comx":2.32,"com2":2.24}],"2MZOd"]]
42["p",["r2",[{"type":"o","oddsid":199373824,"odds1a":0.95,"odds2a":0.87}],"2MZSw"]]
42["p",["r2",[{"type":"o","oddsid":199373822,"comx":2.3,"com2":2.25}],"2MZUk"]]
42["p",["r2",[{"type":"o","oddsid":199459574,"odds1a":0.61,"odds2a":-0.79}],"2MZfq"]]
3
42["p",["r2",[{"type":"o","oddsid":199373822,"comx":2.32,"com2":2.24},
{"type":"o","oddsid":199373824,"odds1a":0.93,"odds2a":0.89}],"2MZix"]]
42["p",["r2",[{"type":"o","oddsid":199373826,"odds1a":0.92,"odds2a":0.92}],"2MZqd"]]
42["p",["r2",[{"type":"o","oddsid":199373826,"odds1a":0.9,"odds2a":0.94}],"2Ma5D"]]
3
42["p",["r2",[{"type":"o","oddsid":199459574,"odds1a":0.52,"odds2a":-0.7},
{"type":"o","oddsid":199373824,"odds1a":0.95,"odds2a":0.87},
{"type":"o","oddsid":199373822,"comx":2.3,"com2":2.25}],"2Ma7D"]]
42["p",["r2",[{"type":"o","oddsid":199373826,"odds1a":0.88,"odds2a":0.96}],"2MaJI"]]
3
42["p",["r2",[{"type":"o","oddsid":199373822,"comx":2.33,"com2":2.23},
{"type":"o","oddsid":199373824,"odds1a":0.92,"odds2a":0.9}],"2Mab9"]]
42["p",["r2",[{"type":"o","oddsid":199373826,"odds1a":0.86,"odds2a":0.98}],"2Maii"]]
42["p",["r2",[{"type":"o","oddsid":199373824,"odds1a":0.9,"odds2a":0.92},
{"type":"o","oddsid":199373822,"com1":4.1,"comx":2.34,"com2":2.22}],"2Mazs"]]
42["p",["r2",[{"type":"o","oddsid":199459574,"odds1a":0.55,"odds2a":-0.73}],"2Mb9Y"]]
42["p",["r2",[{"type":"o","oddsid":199373826,"odds1a":0.84,"odds2a":1}],"2MbDE"]]
3
42["p",["r2",[{"type":"o","oddsid":199459574,"odds1a":0.57,"odds2a":-0.75}],"2MbNC"]]
42["p",["r2",[{"type":"o","oddsid":199459573,"odds1a":-0.65,"odds2a":0.49},
{"type":"o","oddsid":199373822,"com1":4,"comx":2.33,"com2":2.27}],"2MbU9"]]
42["p",["r2",[{"type":"o","oddsid":199459574,"odds1a":0.59,"odds2a":-0.77}],"2MbaS"]]
42["p",["r2",[{"type":"o","oddsid":199373822,"comx":2.32,"com2":2.28},
{"type":"o","oddsid":199373824,"odds1a":0.92,"odds2a":0.9}],"2Mbf7"]]
3
42["p",["r2",[{"type":"o","oddsid":199373822,"oddsstatus":"suspend","com1":3.85,"comx":2.31,"com2":2.34},
{"type":"o","oddsid":199459573,"odds1a":-0.71,"odds2a":0.55}],"2Mc6C"]]
42["p",["r2",[{"type":"o","oddsid":199373822,"com1":3.75,"com2":2.37}],"2McBT"]]
42["p",["r2",[{"type":"o","oddsid":199373826,"odds1a":0.86,"odds2a":0.98},
{"type":"o","oddsid":199373824,"odds1a":0.94,"odds2a":0.88},
{"type":"o","oddsid":199373822,"oddsstatus":"running","com1":3.8,"comx":2.29,"com2":2.39}],"2McCq"]]
42["p",["r2",[{"type":"o","oddsid":199459574,"odds1a":0.61,"odds2a":-0.79}],"2McJk"]]
3
42["p",["r2",[{"type":"o","oddsid":199373824,"odds1a":0.96,"odds2a":0.86}],"2Mcad"]]
42["p",["r2",[{"type":"o","oddsid":199373822,"comx":2.28}],"2Mcd8"]]
42["p",["r2",[{"type":"o","oddsid":199373824,"odds1a":0.98,"odds2a":0.84}],"2Mcq9"]]
42["p",["r2",[{"type":"o","oddsid":199373822,"comx":2.26,"com2":2.41}],"2MczT"]]
42["p",["r2",[{"type":"o","oddsid":199373824,"odds1a":1,"odds2a":0.82}],"2Md0O"]]
42["p",["r2",[{"type":"o","oddsid":199373826,"odds1a":0.84,"odds2a":1},
{"type":"o","oddsid":199373822,"com1":3.8,"comx":2.28,"com2":2.39},
{"type":"o","oddsid":199373824,"odds1a":0.95,"odds2a":0.87}],"2Md4j"]]
3
42["p",["r2",[{"type":"o","oddsid":199373822,"com1":3.75,"comx":2.3}],"2MdHv"]]
42["p",["r2",[{"type":"o","oddsid":199373822,"com1":3.8,"com2":2.38}],"2MdLS"]]
42["p",["r2",[{"type":"o","oddsid":199459574,"odds1a":0.63,"odds2a":-0.81}],"2MdQX"]]
42["p",["r2",[{"type":"o","oddsid":199373824,"odds1a":0.97,"odds2a":0.85}],"2MdVg"]]
42["p",["r2",[{"type":"o","oddsid":199373822,"comx":2.26,"com2":2.41},
{"type":"o","oddsid":199373824,"odds1a":-0.99,"odds2a":0.81}],"2MdfG"]]
42["p",["r2",[{"type":"o","oddsid":199373822,"com1":3.85,"comx":2.24,"com2":2.42},
{"type":"o","oddsid":199373824,"odds1a":-0.97,"odds2a":0.79}],"2Mdhb"]]
3
42["p",["r2",[{"type":"o","oddsid":199373822,"comx":2.23,"com2":2.43},
{"type":"o","oddsid":199373824,"odds1a":-0.93,"odds2a":0.75}],"2Mdlj"]]
42["p",["r2",[{"type":"o","oddsid":199373822,"com1":3.9,"comx":2.21,"com2":2.44},
{"type":"o","oddsid":199459574,"odds1a":0.66,"odds2a":-0.84}],"2MdsJ"]]
42["p",["r2",[{"type":"o","oddsid":199373824,"odds1a":-0.98,"odds2a":0.8},
{"type":"o","oddsid":199373822,"com1":3.85,"comx":2.25,"com2":2.41}],"2MeFO"]]
42["p",["r2",[{"type":"o","oddsid":199373822,"oddsstatus":"closePrice"},
{"type":"o","oddsid":199373824,"oddsstatus":"closePrice"},
{"type":"o","oddsid":199373826,"oddsstatus":"closePrice"},
{"type":"o","oddsid":199459573,"oddsstatus":"closePrice"},
{"type":"o","oddsid":199459574,"oddsstatus":"closePrice"}],"2MeNu"]]
42["p",["r2",[{"type":"m","matchid":30587114,"livehomescore":4,"goalteam":"h"},
{"type":"o","oddsid":199459574,"hdp1":8,"odds1a":0.86,"odds2a":0.96},
{"type":"o","oddsid":199373826,"odds1a":0.89,"odds2a":0.95},
{"type":"o","oddsid":199373822,"com1":1.08,"comx":5.7,"com2":48}],"2MeTb"]]
42["p",["r2",[{"type":"o","oddsid":199373824,"hdp1":8.25,"odds1a":-0.78,"odds2a":0.6},
{"type":"o","oddsid":199459573,"odds1a":-0.61,"odds2a":0.45},
{"type":"m","matchid":30587114,"mc":9}],"2MecO"]]
3
42["p",["r2",[{"type":"o","oddsid":199373826,"odds1a":0.93,"odds2a":0.91},
{"type":"o","oddsid":199373822,"com1":1.15,"comx":4.5,"com2":35},
{"type":"o","oddsid":199459573,"odds1a":-0.55,"odds2a":0.39},
{"type":"m","matchid":30587114,"mc":11}],"2MenO"]]
42["p",["r2",[{"type":"o","oddsid":199373826,"odds1a":0.95,"odds2a":0.89,"oddsstatus":"running"}],"2Menk"]]
42["p",["r2",[{"type":"o","oddsid":199459573,"oddsstatus":"running"}],"2MesX"]]
42["p",["r2",[{"type":"o","oddsid":199373824,"hdp1":8,"odds1a":0.86,"odds2a":0.96},
{"type":"o","oddsid":199459574,"hdp1":8.25,"odds1a":-0.78,"odds2a":0.6}],"2Mf16"]]
42["p",["r2",[{"type":"o","oddsid":199373824,"odds1a":0.8,"odds2a":-0.98}],"2Mf4K"]]
42["p",["r2",[{"type":"o","oddsid":199373824,"oddsstatus":"running","odds1a":0.82,"odds2a":1}],"2MfFa"]]
42["p",["r2",[{"type":"o","oddsid":199373822,"com1":1.87,"comx":2.59,"com2":5}],"2MfJ1"]]
3
42["p",["r2",[{"type":"o","oddsid":199373822,"com1":1.62,"comx":3.3},
{"type":"o","oddsid":199459574,"hdp1":7.75,"odds1a":0.47,"odds2a":-0.65}],"2MfNZ"]]
42["p",["r2",[{"type":"o","oddsid":199373822,"oddsstatus":"running"},
{"type":"o","oddsid":199459574,"odds1a":0.51,"odds2a":-0.69}],"2MfRF"]]
42["p",["r2",[{"type":"o","oddsid":199459574,"oddsstatus":"running"}],"2MfXV"]]
42["p",["r2",[{"type":"o","oddsid":199373822,"com1":1.63,"com2":4.9},
{"type":"m","matchid":30587114,"mc":9}],"2MfeW"]]
42["p",["r2",[{"type":"o","oddsid":199373822,"com1":1.64,"com2":4.8}],"2MfiU"]]
42["p",["r2",[{"type":"o","oddsid":199373824,"odds1a":0.8,"odds2a":-0.98},
{"type":"o","oddsid":199373822,"comx":3.2,"com2":5.1}],"2MfmI"]]
42["p",["r2",[{"type":"o","oddsid":199373822,"com1":1.63,"comx":3.25,"com2":5.2},
{"type":"o","oddsid":199373826,"odds1a":0.93,"odds2a":0.91}],"2Mfq2"]]
42["p",["r2",[{"type":"o","oddsid":199373824,"odds1a":0.78,"odds2a":-0.96},
{"type":"o","oddsid":199373822,"comx":3.2,"com2":5.1}],"2MgBj"]]
3
42["p",["r2",[{"type":"o","oddsid":199373822,"com1":1.64}],"2MgLP"]]
42["p",["r2",[{"type":"o","oddsid":199459573,"odds1a":-0.57,"odds2a":0.41}],"2MgQr"]]
42["p",["r2",[{"type":"o","oddsid":199373822,"comx":3.15,"com2":5.2}],"2MgVb"]]
42["p",["r2",[{"type":"o","oddsid":199373822,"comx":3.1,"com2":5.3}],"2MgZh"]]
42["p",["r2",[{"type":"o","oddsid":199373824,"odds1a":0.76,"odds2a":-0.94}],"2Mgj0"]]
42["p",["r2",[{"type":"o","oddsid":199373822,"com2":5.2},
{"type":"o","oddsid":199373824,"odds1a":0.73,"odds2a":-0.91}],"2Mgn6"]]
3
42["p",["r2",[{"type":"o","oddsid":199373824,"odds1a":0.71,"odds2a":-0.89}],"2MgwD"]]
42["p",["r2",[{"type":"o","oddsid":199373822,"com2":5.3},
{"type":"o","oddsid":199373824,"odds1a":0.74,"odds2a":-0.92}],"2MhEX"]]
3
42["p",["r2",[{"type":"o","oddsid":199373822,"oddsstatus":"suspend"}],"2MhKs"]]
42["p",["r2",[{"type":"o","oddsid":199373822,"oddsstatus":"running"}],"2MhOh"]]
42["p",["r2",[{"type":"o","oddsid":199373824,"odds1a":0.76,"odds2a":-0.94}],"2MhUB"]]
42["p",["r2",[{"type":"o","oddsid":199373822,"com1":1.65,"com2":5.2},
{"type":"o","oddsid":199373826,"odds1a":0.95,"odds2a":0.89}],"2MhXo"]]
42["t",1559103317791]
42["p",["r2",[{"type":"o","oddsid":199459573,"odds1a":-0.59,"odds2a":0.43},
{"type":"o","oddsid":199373822,"com1":1.64,"com2":5.3}],"2MhlY"]]
3
42["p",["r2",[{"type":"o","oddsid":199373822,"com1":1.65,"com2":5.1},
{"type":"o","oddsid":199373824,"odds1a":0.65,"odds2a":-0.83}],"2MhpI"]]
42["p",["r2",[{"type":"o","oddsid":199459574,"odds1a":0.49,"odds2a":-0.67}],"2MhxW"]]
42["p",["r2",[{"type":"o","oddsid":199373822,"oddsstatus":"suspend"}],"2MiCf"]]
42["p",["r2",[{"type":"o","oddsid":199459574,"odds1a":0.45,"odds2a":-0.63},
{"type":"o","oddsid":199373822,"oddsstatus":"running"}],"2MiPw"]]
42["p",["r2",[{"type":"o","oddsid":199373824,"odds1a":0.67,"odds2a":-0.85},
{"type":"o","oddsid":199373822,"com2":5.2}],"2MiX2"]]
42["p",["r2",[{"type":"o","oddsid":199373822,"com1":1.64,"com2":5.3}],"2MiaV"]]
3
42["p",["r2",[{"type":"o","oddsid":199373824,"odds1a":0.69,"odds2a":-0.87},
{"type":"o","oddsid":199373822,"com2":5.4}],"2Mimg"]]
42["p",["r2",[{"type":"o","oddsid":199373826,"odds1a":0.91,"odds2a":0.93},
{"type":"o","oddsid":199373822,"com1":1.62,"com2":5.4,"comx":3.15},
{"type":"o","oddsid":199373824,"odds1a":0.61,"odds2a":-0.79}],"2Miu9"]]
42["p",["r2",[{"type":"o","oddsid":199459574,"odds1a":0.4,"odds2a":-0.58}],"2Mj3N"]]
3
42["p",["r2",[{"type":"o","oddsid":199373824,"odds1a":0.63,"odds2a":-0.81}],"2Mja8"]]
3
42["p",["r2",[{"type":"o","oddsid":199373824,"odds1a":0.65,"odds2a":-0.83},
{"type":"o","oddsid":199373822,"com2":5.5}],"2Mjj3"]]
3
42["p",["r2",[{"type":"o","oddsid":199373824,"odds1a":0.67,"odds2a":-0.85},
{"type":"o","oddsid":199373822,"com1":1.61}],"2MkBo"]]
42["p",["r2",[{"type":"o","oddsid":199373824,"odds1a":0.7,"odds2a":-0.88},
{"type":"o","oddsid":199373822,"com2":5.6}],"2MkI2"]]
3
42["p",["r2",[{"type":"o","oddsid":199373824,"odds1a":0.72,"odds2a":-0.9}],"2MkRx"]]
42["p",["r2",[{"type":"o","oddsid":199459573,"odds1a":-0.61,"odds2a":0.45}],"2MkYH"]]
3
42["p",["r2",[{"type":"o","oddsid":199373822,"com2":5.7},
{"type":"o","oddsid":199373824,"odds1a":0.74,"odds2a":-0.92}],"2Ml0y"]]
42["p",["r2",[{"type":"o","oddsid":199373826,"odds1a":0.89,"odds2a":0.95}],"2Ml5E"]]
42["p",["r2",[{"type":"o","oddsid":199373822,"com1":1.6,"com2":5.8}],"2MlAc"]]
42["p",["r2",[{"type":"o","oddsid":199373824,"odds1a":0.77,"odds2a":-0.95}],"2MlB7"]]
3
42["p",["r2",[{"type":"o","oddsid":199373822,"com1":1.61,"com2":5.5}],"2MlQP"]]
42["p",["r2",[{"type":"o","oddsid":199373822,"com1":1.63,"com2":5.3}],"2MlXX"]]
42["p",["r2",[{"type":"o","oddsid":199373822,"com1":1.62},
{"type":"o","oddsid":199373824,"odds1a":0.79,"odds2a":-0.97}],"2Mlk9"]]
42["p",["r2",[{"type":"o","oddsid":199373824,"odds1a":0.77,"odds2a":-0.95}],"2MlpC"]]
42["p",["r2",[{"type":"o","oddsid":199373822,"com1":1.63}],"2Mlse"]]
42["p",["r2",[{"type":"o","oddsid":199459574,"odds1a":0.43,"odds2a":-0.61}],"2MltX"]]
3
42["p",["r2",[{"type":"o","oddsid":199373822,"com1":1.62,"com2":5.4},
{"type":"o","oddsid":199373824,"odds1a":0.81,"odds2a":-0.99}],"2Mlzb"]]
42["p",["r2",[{"type":"o","oddsid":199373822,"oddsstatus":"suspend"}],"2Mm6d"]]
42["p",["r2",[{"type":"o","oddsid":199459574,"odds1a":0.51,"odds2a":-0.69}],"2MmDy"]]
42["p",["r2",[{"type":"o","oddsid":199373822,"oddsstatus":"running"}],"2MmNW"]]
3
42["p",["r2",[{"type":"o","oddsid":199373824,"odds1a":0.83,"odds2a":0.99}],"2MmVS"]]
42["p",["r2",[{"type":"o","oddsid":199373824,"odds1a":0.85,"odds2a":0.97}],"2Mmf0"]]
42["p",["r2",[{"type":"o","oddsid":199373824,"odds1a":0.83,"odds2a":0.99}],"2MmqR"]]
3
42["p",["r2",[{"type":"o","oddsid":199373822,"com2":5.5},
{"type":"o","oddsid":199373824,"odds1a":0.89,"odds2a":0.93}],"2MmuC"]]
42["p",["r2",[{"type":"o","oddsid":199459573,"odds1a":-0.63,"odds2a":0.47},
{"type":"o","oddsid":199373826,"odds1a":0.92,"odds2a":0.92},
{"type":"o","oddsid":199373822,"com1":1.63,"comx":3.1,"com2":5.4}],"2Mn5D"]]
42["p",["r2",[{"type":"o","oddsid":199373824,"oddsstatus":"closed","odds1a":0.87,"odds2a":0.95},
{"type":"o","oddsid":199373826,"oddsstatus":"closed"},
{"type":"o","oddsid":199459573,"oddsstatus":"closed"},
{"type":"o","oddsid":199459574,"oddsstatus":"closed"},
{"type":"o","oddsid":199373822,"oddsstatus":"closed","com2":5.3},
{"type":"m","matchid":30587114,"mc":0,"mc_special":0},
{"type":"do","id":199373824,"oddsid":199373824},
{"type":"do","id":199373826,"oddsid":199373826},
{"type":"do","id":199459573,"oddsid":199459573},
{"type":"do","id":199459574,"oddsid":199459574},
{"type":"dm","id":30587114,"matchid":30587114},
{"type":"do","id":199373822,"oddsid":199373822}],"2MnIx"]]
3
42["p",["r2",[{"type":"m","l":1,"matchid":30587114,"csstatus":"0","livehomescore":4,"liveawayscore":3,"isht":false,"showlivescore":true,"isfulltime":false,"gamestatus":0,"bestofmap":1,"isstartingsoon":true,"movebo3down":false,"showtimedt":1559098380,"offerlive":true,"goalteam":"h","leagueid":635,"marketid":"T","matchcode":"7690","kickofftime":1559098380,"eventstatus":"running","showtime":"<font color=red>LIVE</font> 10:54AM","globalshowtime":1559098380,"haslive":0,"homeid":252563,"hteamnamech":"俄克拉何馬能量","hteamnamecn":"俄克拉何马能量","hteamnameen":"Oklahoma City Energy FC","hteamnamejp":"","hteamnameko":"","hteamnameth":"โอกลาโฮมา ซิตี้ เอ็นเนอร์ยี่ FC","hteamnamees":"","hteamnameel":"","hteamnamesc2":"OKC能量","hteamnamevn":"","awayid":203333,"ateamnamech":"坦帕灣暴徒","ateamnamecn":"坦帕湾暴徒","ateamnameen":"FC Tampa Bay Rowdies","ateamnamejp":"","ateamnameko":"FC Tampa Bay Rowdies","ateamnameth":"FC แทมป้า เบย์ โรว์ดีส์","ateamnamees":"","ateamnameel":"","ateamnamesc2":"坦帕湾暴徒","ateamnamevn":"","sporttype":1,"liveperiod":2,"livetimer":1559102323,"pauseperiod":0,"isneutral":1,"ldisplaymode":0,"homered":0,"awayred":0,"injurytime":0,"timersuspend":0,"ismainmarket":1,"showinallmarket":false,"leagueputinmaincat":0,"leaguedisplaycat":0,"istest":0,"sessiontime":0,"iscountdowntimer":0,"gamesession":0,"overtime":0,"overtimesession":0,"delaylive":0,"isminiodds":false,"mdisplaymode":0,"leaguenamech":"美國公開盃","leaguenamecn":"美国公开杯","leaguenameen":"US OPEN CUP","leaguenamejp":"USオープン カップ","leaguenameko":"US 오픈 컵","leaguenameth":"สหรัฐอเมริกา โอเพ่น คัพ","leaguenamees":"","leaguenameel":"","leaguenamesc2":"美国公开杯","leaguenamevn":"","countrycode":"USA","mc":0,"mc_parlay":0,"mc_special":1,"mc_specialParlay":0,"hascashout":0,"hassuperlive":0,"hasbetbuilder":0,"livechart":0,"gameinfo":1,"gv":2},
{"oddsid":199373826,"matchid":30587114,"more_main_tab":1,"type":"o","bettype":1,"liveindicator":1,"enable":1,"pdisplaymode":3,"combo":3,"profitadjust":8,"parenttypeid":1,"oddsstatus":"running","hdp1":0,"hdp2":0.25,"cs30":0,"oddsspreada":0.16,"maxbet":591,"ocategory":0,"exspread":0,"odds1a":0.92,"odds2a":0.92},
{"type":"m","matchid":30587114,"mc_special":1}],"2MnbB"]]
42["p",["r2",[{"oddsid":199459573,"matchid":30587114,"more_main_tab":1,"type":"o","bettype":1,"parenttypeid":1,"oddsstatus":"running","liveindicator":1,"hdp1":0,"hdp2":0,"enable":1,"pdisplaymode":3,"combo":3,"profitadjust":8,"cs30":0,"oddsspreada":0.16,"maxbet":525,"ocategory":0,"exspread":0,"odds1a":-0.63,"odds2a":0.47}],"2Mnbw"]]
42["p",["r2",[{"type":"m","matchid":30587114,"hascashout":3,"mc_special":2},
{"oddsid":199373824,"matchid":30587114,"more_main_tab":1,"type":"o","bettype":3,"liveindicator":1,"enable":1,"pdisplaymode":3,"combo":3,"profitadjust":8,"parenttypeid":3,"oddsstatus":"running","hdp1":8,"hdp2":0,"cs30":0,"oddsspreada":0.18,"maxbet":591,"ocategory":0,"exspread":0,"odds1a":0.95,"odds2a":0.87}],"2Mnvs"]]
42["p",["r2",[{"oddsid":199373822,"matchid":30587114,"more_main_tab":1,"type":"o","bettype":5,"liveindicator":1,"enable":1,"pdisplaymode":3,"combo":3,"profitadjust":8,"parenttypeid":5,"oddsstatus":"suspend","maxbet":497,"ocategory":0,"exspread":0,"com1":1.61,"comx":3.1,"com2":5.8},
{"oddsid":199459574,"matchid":30587114,"more_main_tab":1,"type":"o","bettype":3,"parenttypeid":3,"oddsstatus":"running","liveindicator":1,"hdp1":7.75,"hdp2":0,"enable":1,"pdisplaymode":3,"combo":3,"profitadjust":8,"cs30":0,"oddsspreada":0.18,"maxbet":525,"ocategory":0,"exspread":0,"odds1a":0.55,"odds2a":-0.73},
{"type":"m","matchid":30587114,"mc_special":3}],"2Mo0E"]]
3
42["p",["r2",[{"type":"o","oddsid":199373822,"oddsstatus":"running"},
{"type":"o","oddsid":199373824,"odds1a":0.99,"odds2a":0.83},
{"type":"m","matchid":30587114,"mc":9,"mc_special":4}],"2Mo5E"]]
42["p",["r2",[{"type":"o","oddsid":199373822,"com2":5.9}],"2Mo7l"]]
42["p",["r2",[{"type":"o","oddsid":199373822,"com1":1.59,"comx":3.15,"com2":6.1},
{"type":"o","oddsid":199373826,"odds1a":0.88,"odds2a":0.96}],"2MoEZ"]]
42["p",["r2",[{"type":"o","oddsid":199373824,"odds1a":-0.97,"odds2a":0.79},
{"type":"o","oddsid":199373822,"com1":1.58,"comx":3.1,"com2":6.2}],"2MoJh"]]
42["p",["r2",[{"type":"o","oddsid":199373824,"odds1a":-0.99,"odds2a":0.81},
{"type":"o","oddsid":199373822,"comx":3.15,"com2":6.1}],"2MoOP"]]
42["p",["r2",[{"type":"o","oddsid":199373824,"odds1a":-0.97,"odds2a":0.79}],"2MoUd"]]
42["p",["r2",[{"type":"o","oddsid":199373822,"comx":3.1,"com2":6.2},
{"type":"o","oddsid":199373824,"odds1a":-0.99,"odds2a":0.81}],"2MoYC"]]
3
42["p",["r2",[{"type":"o","oddsid":199373822,"comx":3.1,"com2":6.2},
{"type":"o","oddsid":199459573,"odds1a":-0.65,"odds2a":0.49},
{"type":"o","oddsid":199373824,"odds1a":-0.97,"odds2a":0.79}],"2MofJ"]]
42["p",["r2",[{"type":"o","oddsid":199373824,"hdp1":7.75,"odds1a":0.55,"odds2a":-0.73},
{"type":"o","oddsid":199459574,"hdp1":8,"odds1a":-0.97,"odds2a":0.79},
{"type":"o","oddsid":199373826,"odds1a":0.86,"odds2a":0.98},
{"type":"o","oddsid":199373822,"comx":3.15,"com2":6.1}],"2Moj7"]]
42["p",["r2",[{"type":"o","oddsid":199459574,"odds1a":0.98,"odds2a":0.84}],"2MopW"]]
42["p",["r2",[{"type":"o","oddsid":199373826,"odds1a":0.84,"odds2a":1}],"2MowQ"]]
42["p",["r2",[{"type":"o","oddsid":199373822,"com1":1.57,"comx":3.2,"com2":6.2}],"2Mozy"]]
42["p",["r2",[{"type":"o","oddsid":199459573,"odds1a":-0.67,"odds2a":0.51}],"2Mp3k"]]
42["p",["r2",[{"type":"o","oddsid":199459574,"odds1a":0.95,"odds2a":0.87}],"2Mp8y"]]
42["p",["r2",[{"type":"o","oddsid":199459574,"odds1a":0.98,"odds2a":0.84}],"2MpE7"]]
3
42["p",["r2",[{"type":"o","oddsid":199373822,"com1":1.54,"com2":6.3},
{"type":"o","oddsid":199373826,"odds1a":0.82,"odds2a":-0.98}],"2MpJo"]]
42["p",["r2",[{"type":"o","oddsid":199459574,"odds1a":1,"odds2a":0.82}],"2MpOM"]]
42["p",["r2",[{"type":"o","oddsid":199459574,"odds1a":0.94,"odds2a":0.88}],"2MpZ4"]]
42["p",["r2",[{"type":"o","oddsid":199459574,"odds1a":0.98,"odds2a":0.84},
{"type":"o","oddsid":199373824,"odds1a":0.57,"odds2a":-0.75}],"2Mphf"]]
42["p",["r2",[{"type":"o","oddsid":199373822,"com1":1.53,"com2":6.4}],"2Mphl"]]
42["p",["r2",[{"type":"o","oddsid":199459574,"odds1a":1,"odds2a":0.82}],"2Mppl"]]
42["p",["r2",[{"type":"o","oddsid":199459574,"odds1a":0.95,"odds2a":0.87}],"2MptQ"]]
42["p",["r2",[{"type":"o","oddsid":199459574,"odds1a":-0.99,"odds2a":0.81}],"2Mpwn"]]
42["p",["r2",[{"type":"o","oddsid":199459574,"odds1a":0.99,"odds2a":0.83}],"2Mq0P"]]
42["p",["r2",[{"type":"o","oddsid":199459574,"odds1a":-0.99,"odds2a":0.81}],"2Mq4l"]]
3
42["p",["r2",[{"type":"o","oddsid":199459574,"odds1a":0.94,"odds2a":0.88}],"2Mq8S"]]
42["p",["r2",[{"type":"o","oddsid":199373822,"com1":1.5,"comx":3.3,"com2":6.8},
{"type":"o","oddsid":199373826,"odds1a":0.76,"odds2a":-0.92},
{"type":"o","oddsid":199459574,"odds1a":0.96,"odds2a":0.86}],"2MqE6"]]
42["p",["r2",[{"type":"o","oddsid":199373826,"odds1a":0.74,"odds2a":-0.9},
{"type":"o","oddsid":199373822,"com1":1.49,"comx":3.35,"com2":7},
{"type":"o","oddsid":199459574,"odds1a":0.98,"odds2a":0.84}],"2MqOz"]]
42["p",["r2",[{"type":"o","oddsid":199459574,"odds1a":1,"odds2a":0.82}],"2Mqxh"]]
3
42["p",["r2",[{"type":"o","oddsid":199459573,"odds1a":-0.69,"odds2a":0.53}],"2Mr44"]]
42["p",["r2",[{"type":"o","oddsid":199459574,"odds1a":0.95,"odds2a":0.87}],"2MrBe"]]
3
42["p",["r2",[{"type":"o","oddsid":199459574,"odds1a":0.97,"odds2a":0.85}],"2MsN5"]]
3
42["p",["r2",[{"type":"o","oddsid":199373826,"odds1a":0.76,"odds2a":-0.92},
{"type":"o","oddsid":199373822,"com1":1.5,"comx":3.3,"com2":6.8}],"2MsWR"]]
42["p",["r2",[{"type":"o","oddsid":199459574,"odds1a":0.99,"odds2a":0.83},
{"type":"o","oddsid":199373822,"oddsstatus":"suspend"}],"2Mshj"]]
42["p",["r2",[{"type":"o","oddsid":199459574,"odds1a":0.93,"odds2a":0.89},
{"type":"o","oddsid":199373822,"oddsstatus":"running"}],"2MssA"]]
42["p",["r2",[{"type":"o","oddsid":199459573,"odds1a":-0.71,"odds2a":0.55}],"2Msta"]]
3
42["p",["r2",[{"type":"o","oddsid":199373824,"odds1a":0.59,"odds2a":-0.77}],"2Mt3A"]]
42["p",["r2",[{"type":"o","oddsid":199373822,"com2":6.9}],"2Mt6b"]]
42["p",["r2",[{"type":"o","oddsid":199373826,"odds1a":0.72,"odds2a":-0.88},
{"type":"o","oddsid":199373822,"com1":1.48,"comx":3.35,"com2":7.2}],"2Mt7Y"]]
42["p",["r2",[{"type":"o","oddsid":199459573,"odds1a":-0.77,"odds2a":0.61}],"2MtLX"]]
42["p",["r2",[{"type":"o","oddsid":199373822,"comx":3.3,"com2":7.1}],"2Mtcr"]]
42["p",["r2",[{"type":"o","oddsid":199459573,"odds1a":-0.81,"odds2a":0.65}],"2Mthy"]]
42["p",["r2",[{"type":"o","oddsid":199373824,"odds1a":0.61,"odds2a":-0.79},
{"type":"o","oddsid":199373822,"oddsstatus":"suspend","com2":7.2}],"2Mtla"]]
3
42["p",["r2",[{"type":"o","oddsid":199373822,"oddsstatus":"running"},
{"type":"o","oddsid":199459574,"odds1a":0.95,"odds2a":0.87}],"2MttE"]]
42["p",["r2",[{"type":"o","oddsid":199459574,"odds1a":0.97,"odds2a":0.85}],"2Mtze"]]
42["p",["r2",[{"type":"o","oddsid":199373826,"odds1a":0.7,"odds2a":-0.86},
{"type":"o","oddsid":199373822,"com1":1.47,"comx":3.35,"com2":7.3}],"2MuFw"]]
3
42["p",["r2",[{"type":"o","oddsid":199373824,"odds1a":0.63,"odds2a":-0.81},
{"type":"o","oddsid":199373822,"com2":7.4}],"2MuS6"]]
42["p",["r2",[{"type":"o","oddsid":199459574,"odds1a":0.99,"odds2a":0.83}],"2Muan"]]
3
42["p",["r2",[{"type":"o","oddsid":199459574,"odds1a":0.94,"odds2a":0.88}],"2Muj0"]]
42["p",["r2",[{"type":"o","oddsid":199373824,"odds1a":0.65,"odds2a":-0.83},
{"type":"o","oddsid":199373822,"com2":7.5}],"2Muof"]]
42["p",["r2",[{"type":"o","oddsid":199459574,"odds1a":0.96,"odds2a":0.86}],"2Muug"]]
42["t",1559103917790]
42["p",["r2",[{"type":"o","oddsid":199373822,"oddsstatus":"suspend"}],"2Mv7E"]]
42["p",["r2",[{"type":"o","oddsid":199459574,"odds1a":0.98,"odds2a":0.84}],"2MvCk"]]
3
42["p",["r2",[{"type":"o","oddsid":199373824,"odds1a":0.67,"odds2a":-0.85},
{"type":"o","oddsid":199373822,"oddsstatus":"running","com1":1.46,"com2":7.6}],"2MvIq"]]
42["p",["r2",[{"type":"o","oddsid":199459574,"odds1a":1,"odds2a":0.82}],"2MvMR"]]
42["p",["r2",[{"type":"o","oddsid":199459574,"odds1a":-0.96,"odds2a":0.78}],"2MvUa"]]
42["p",["r2",[{"type":"o","oddsid":199459574,"odds1a":-0.98,"odds2a":0.8}],"2MvYN"]]
42["p",["r2",[{"type":"o","oddsid":199373826,"odds1a":0.68,"odds2a":-0.84},
{"type":"o","oddsid":199373822,"com1":1.45,"com2":7.8}],"2MvYj"]]
42["p",["r2",[{"type":"o","oddsid":199373826,"odds1a":0.66,"odds2a":-0.82},
{"type":"o","oddsid":199373822,"com1":1.44,"comx":3.4,"com2":8}],"2Mvfn"]]
3
42["p",["r2",[{"type":"o","oddsid":199459574,"odds1a":-0.94,"odds2a":0.76}],"2Mw5V"]]
42["p",["r2",[{"type":"o","oddsid":199373824,"odds1a":0.69,"odds2a":-0.87},
{"type":"o","oddsid":199373822,"com2":8.1}],"2MwEX"]]
42["p",["r2",[{"type":"o","oddsid":199459574,"odds1a":-0.92,"odds2a":0.74}],"2MwO7"]]
3
42["p",["r2",[{"type":"o","oddsid":199373824,"odds1a":0.73,"odds2a":-0.91}],"2MwXh"]]
42["p",["r2",[{"type":"o","oddsid":199373822,"com2":8.2},
{"type":"o","oddsid":199459574,"oddsstatus":"suspend","hdp1":7.5,"odds1a":0.42,"odds2a":-0.6}],"2MxfK"]]
42["p",["r2",[{"type":"o","oddsid":199459574,"odds1a":0.5,"odds2a":-0.68,"oddsstatus":"running"},
{"type":"o","oddsid":199373822,"oddsstatus":"suspend","com2":8.3}],"2Mxns"]]
42["p",["r2",[{"type":"o","oddsid":199373826,"hdp2":0,"odds1a":-0.81,"odds2a":0.65},
{"type":"o","oddsid":199459573,"hdp2":0.25,"odds1a":0.66,"odds2a":-0.82},
{"type":"o","oddsid":199373822,"oddsstatus":"running"}],"2Mxwl"]]
3
42["p",["r2",[{"type":"o","oddsid":199459573,"odds1a":0.68,"odds2a":-0.84},
{"type":"o","oddsid":199373822,"com1":1.45,"comx":3.35,"com2":8.1}],"2My9K"]]
42["p",["r2",[{"type":"o","oddsid":199373824,"odds1a":0.81,"odds2a":-0.99}],"2MyTQ"]]
3
42["p",["r2",[{"type":"o","oddsid":199459574,"odds1a":0.52,"odds2a":-0.7},
{"type":"o","oddsid":199373822,"com1":1.44,"com2":8.2}],"2Mydw"]]
42["p",["r2",[{"type":"o","oddsid":199459573,"odds1a":0.64,"odds2a":-0.8}],"2MyjS"]]
42["p",["r2",[{"type":"o","oddsid":199373822,"com1":1.39,"comx":3.5,"com2":8.9},
{"type":"o","oddsid":199459573,"odds1a":0.62,"odds2a":-0.78}],"2Myju"]]
42["p",["r2",[{"type":"o","oddsid":199373824,"odds1a":0.79,"odds2a":-0.97}],"2MytD"]]
3
42["p",["r2",[{"type":"o","oddsid":199459574,"odds1a":0.54,"odds2a":-0.72},
{"type":"o","oddsid":199373822,"com2":9.1}],"2N0wZ"]]
42["p",["r2",[{"type":"o","oddsid":199373826,"odds1a":-0.84,"odds2a":0.68}],"2N1Nk"]]
42["p",["r2",[{"type":"o","oddsid":199459573,"odds1a":0.61,"odds2a":-0.77},
{"type":"o","oddsid":199373822,"com1":1.38,"com2":9.2}],"2N1bZ"]]
42["p",["r2",[{"type":"o","oddsid":199373824,"odds1a":0.81,"odds2a":-0.99}],"2N1pZ"]]
42["p",["r2",[{"type":"o","oddsid":199373824,"odds1a":0.85,"odds2a":0.97}],"2N2E7"]]
3
42["p",["r2",[{"type":"o","oddsid":199459574,"odds1a":0.6,"odds2a":-0.78},
{"type":"o","oddsid":199373826,"odds1a":-0.76,"odds2a":0.6},
{"type":"o","oddsid":199373822,"com1":1.37,"com2":9.6}],"2N2N6"]]
42["p",["r2",[{"type":"o","oddsid":199459573,"odds1a":0.57,"odds2a":-0.73},
{"type":"o","oddsid":199373822,"com1":1.35,"comx":3.6,"com2":10}],"2N4ZH"]]
42["p",["r2",[{"type":"m","matchid":30587114,"l":2}],"2N54v"]]
42["p",["r2",[{"type":"o","oddsid":199373824,"odds1a":0.83,"odds2a":0.99}],"2N57v"]]
3
42["p",["r2",[{"type":"o","oddsid":199459574,"odds1a":0.62,"odds2a":-0.8}],"2N5JM"]]
42["p",["r2",[{"type":"o","oddsid":199459573,"odds1a":0.56,"odds2a":-0.72},
{"type":"o","oddsid":199373822,"com2":11}],"2N7pm"]]
42["p",["r2",[{"type":"o","oddsid":199373824,"odds1a":0.81,"odds2a":-0.99}],"2N7uV"]]
42["p",["r2",[{"type":"o","oddsid":199373822,"com1":1.37,"comx":3.45,"com2":10}],"2N841"]]
3
42["p",["r2",[{"type":"o","oddsid":199459573,"enable":0},
{"type":"o","oddsid":199459574,"enable":0},
{"type":"o","oddsid":199373822,"enable":0},
{"type":"o","oddsid":199373824,"enable":0},
{"type":"o","oddsid":199373826,"enable":0}],"2N88H"]]
42["p",["r2",[{"type":"o","oddsid":199459574,"odds1a":0.64,"odds2a":-0.82}],"2N8Go"]]
42["p",["r2",[{"type":"o","oddsid":199459573,"odds1a":0.55,"odds2a":-0.71},
{"type":"o","oddsid":199373822,"comx":3.5}],"2N8Ph"]]
42["p",["r2",[{"type":"o","oddsid":199373824,"odds1a":0.83,"odds2a":0.99}],"2N8l0"]]
3
42["p",["r2",[{"type":"o","oddsid":199373824,"odds1a":0.94,"odds2a":0.88}],"2N96S"]]
42["p",["r2",[{"type":"o","oddsid":199373824,"odds1a":0.98,"odds2a":0.84}],"2N9A2"]]
42["p",["r2",[{"type":"o","oddsid":199373824,"odds1a":-1,"odds2a":0.82},
{"type":"o","oddsid":199459574,"odds1a":0.68,"odds2a":-0.86}],"2N9HD"]]
42["p",["r2",[{"type":"o","oddsid":199373822,"com1":1.36,"com2":11},
{"type":"o","oddsid":199373824,"odds1a":-0.98,"odds2a":0.8}],"2N9MY"]]
42["p",["r2",[{"type":"o","oddsid":199373824,"odds1a":-1,"odds2a":0.82}],"2NBcx"]]
42["p",["r2",[{"type":"o","oddsid":199373824,"odds1a":0.98,"odds2a":0.84}],"2NBlp"]]
42["p",["r2",[{"type":"o","oddsid":199459573,"odds1a":0.57,"odds2a":-0.73},
{"type":"o","oddsid":199373824,"odds1a":-0.98,"odds2a":0.8},
{"type":"o","oddsid":199373822,"com1":1.37,"comx":3.45,"com2":10}],"2NBqH"]]
3
42["p",["r2",[{"type":"o","oddsid":199459574,"odds1a":0.7,"odds2a":-0.88},
{"type":"o","oddsid":199373824,"odds1a":-1,"odds2a":0.82}],"2NBxh"]]
42["p",["r2",[{"type":"o","oddsid":199373826,"odds1a":-0.78,"odds2a":0.62}],"2NC6M"]]
42["p",["r2",[{"type":"o","oddsid":199373824,"odds1a":0.98,"odds2a":0.84}],"2NC7n"]]
42["p",["r2",[{"type":"o","oddsid":199373824,"odds1a":0.7,"odds2a":-0.88,"hdp1":7.5},
{"type":"o","oddsid":199459574,"hdp1":7.75,"odds1a":0.98,"odds2a":0.84}],"2NCf3"]]
42["p",["r2",[{"type":"o","oddsid":199373822,"oddsstatus":"suspend"}],"2NDx5"]]
3
42["p",["r2",[{"type":"o","oddsid":199459574,"odds1a":0.96,"odds2a":0.86}],"2NEMT"]]
42["p",["r2",[{"type":"o","oddsid":199373822,"oddsstatus":"running","com2":11},
{"type":"o","oddsid":199459573,"odds1a":0.56,"odds2a":-0.72}],"2NEVx"]]
42["p",["r2",[{"type":"o","oddsid":199459574,"odds1a":-1,"odds2a":0.82}],"2NEpW"]]
42["p",["r2",[{"type":"o","oddsid":199373824,"odds1a":0.72,"odds2a":-0.9}],"2NEtG"]]
42["p",["r2",[{"type":"o","oddsid":199373824,"odds1a":0.83,"odds2a":0.99},
{"type":"o","oddsid":199373822,"com1":1.36}],"2NF0s"]]
42["p",["r2",[{"type":"o","oddsid":199459574,"odds1a":-0.9,"odds2a":0.72},
{"type":"o","oddsid":199373824,"odds1a":0.73,"odds2a":-0.91},
{"type":"o","oddsid":199373822,"com1":1.37}],"2NFAI"]]
42["p",["r2",[{"type":"o","oddsid":199459574,"odds1a":-0.94,"odds2a":0.76}],"2NFEE"]]
42["p",["r2",[{"type":"o","oddsid":199373822,"oddsstatus":"suspend"}],"2NFIc"]]
3
42["p",["r2",[{"type":"o","oddsid":199373822,"oddsstatus":"running"}],"2NFLY"]]
42["p",["r2",[{"type":"o","oddsid":199459573,"odds1a":0.58,"odds2a":-0.74},
{"type":"o","oddsid":199373822,"com1":1.38,"comx":3.5,"com2":9.1}],"2NHu2"]]
42["p",["r2",[{"type":"o","oddsid":199373822,"comx":3.45,"com2":9.5}],"2NHyJ"]]
42["p",["r2",[{"type":"o","oddsid":199459574,"odds1a":-0.96,"odds2a":0.78}],"2NI2Q"]]
42["p",["r2",[{"type":"o","oddsid":199373824,"odds1a":0.79,"odds2a":-0.97},
{"type":"o","oddsid":199373822,"com1":1.37,"comx":3.4,"com2":11}],"2NIBm"]]
42["p",["r2",[{"type":"o","oddsid":199373822,"com1":1.36},
{"type":"o","oddsid":199373824,"odds1a":0.88,"odds2a":0.94}],"2NIIB"]]
42["p",["r2",[{"type":"o","oddsid":199373824,"odds1a":0.77,"odds2a":-0.95},
{"type":"o","oddsid":199459574,"odds1a":-0.85,"odds2a":0.67},
{"type":"o","oddsid":199373822,"com1":1.37,"com2":10}],"2NIRB"]]
42["p",["r2",[{"type":"o","oddsid":199373824,"odds1a":0.83,"odds2a":0.99}],"2NIYU"]]
42["p",["r2",[{"type":"o","oddsid":199373822,"com2":11},
{"type":"o","oddsid":199459574,"odds1a":-0.72,"odds2a":0.54}],"2NIfY"]]
3
42["p",["r2",[{"type":"o","oddsid":199373824,"odds1a":0.87,"odds2a":0.95}],"2NIjX"]]
42["p",["r2",[{"type":"o","oddsid":199373822,"com1":1.36,"comx":3.45},
{"type":"o","oddsid":199459573,"odds1a":0.57,"odds2a":-0.73},
{"type":"o","oddsid":199373824,"odds1a":0.85,"odds2a":0.97}],"2NIpr"]]
42["p",["r2",[{"type":"o","oddsid":199459574,"odds1a":-0.77,"odds2a":0.59}],"2NIyt"]]
42["p",["r2",[{"type":"o","oddsid":199373824,"odds1a":0.87,"odds2a":0.95}],"2NJ6H"]]
42["p",["r2",[{"type":"o","oddsid":199373824,"odds1a":0.85,"odds2a":0.97}],"2NJ6j"]]
42["p",["r2",[{"type":"o","oddsid":199373824,"odds1a":0.82,"odds2a":1}],"2NJAh"]]
42["p",["r2",[{"type":"o","oddsid":199459573,"odds1a":0.55,"odds2a":-0.71},
{"type":"o","oddsid":199373822,"com1":1.35,"comx":3.5}],"2NJHv"]]
3
42["p",["r2",[{"type":"o","oddsid":199459574,"odds1a":-0.79,"odds2a":0.61},
{"type":"o","oddsid":199373824,"odds1a":0.88,"odds2a":0.94}],"2NJW0"]]
42["p",["r2",[{"type":"o","oddsid":199373822,"com2":12}],"2NJZd"]]
42["p",["r2",[{"type":"o","oddsid":199373824,"odds1a":0.86,"odds2a":0.96}],"2NJh1"]]
42["p",["r2",[{"type":"o","oddsid":199459574,"odds1a":-0.81,"odds2a":0.63}],"2NJrf"]]
42["p",["r2",[{"type":"o","oddsid":199459574,"odds1a":-0.83,"odds2a":0.65},
{"type":"o","oddsid":199373824,"odds1a":0.96,"odds2a":0.86},
{"type":"m","matchid":30587114,"mc":8}],"2NKrF"]]
3
42["p",["r2",[{"type":"o","oddsid":199373822,"com1":1.32,"comx":3.55},
{"type":"o","oddsid":199459573,"odds1a":0.54,"odds2a":-0.7},
{"type":"o","oddsid":199373824,"odds1a":0.94,"odds2a":0.88}],"2NLRW"]]
42["p",["r2",[{"type":"o","oddsid":199373824,"odds1a":0.92,"odds2a":0.9}],"2NLiZ"]]
42["p",["r2",[{"type":"o","oddsid":199373824,"odds1a":0.89,"odds2a":0.93},
{"type":"o","oddsid":199373822,"com1":1.33}],"2NLyy"]]
42["p",["r2",[{"type":"o","oddsid":199373824,"odds1a":0.87,"odds2a":0.95}],"2NM44"]]
3
42["p",["r2",[{"type":"o","oddsid":199373824,"odds1a":0.89,"odds2a":0.93}],"2NMBb"]]
42["p",["r2",[{"type":"o","oddsid":199373824,"odds1a":0.87,"odds2a":0.95}],"2NMJv"]]
42["p",["r2",[{"type":"o","oddsid":199459574,"odds1a":-0.81,"odds2a":0.63},
{"type":"o","oddsid":199373826,"odds1a":-0.76,"odds2a":0.6}],"2NMKG"]]
42["p",["r2",[{"type":"o","oddsid":199459573,"odds1a":0.53,"odds2a":-0.69},
{"type":"o","oddsid":199373822,"com1":1.32}],"2NMPg"]]
42["p",["r2",[{"type":"o","oddsid":199373822,"oddsstatus":"suspend"}],"2NMrc"]]
42["p",["r2",[{"type":"o","oddsid":199373824,"odds1a":0.91,"odds2a":0.91}],"2NN88"]]
3
42["p",["r2",[{"type":"o","oddsid":199459574,"odds1a":-0.79,"odds2a":0.61}],"2NNFm"]]
42["p",["r2",[{"type":"o","oddsid":199373822,"oddsstatus":"running"}],"2NNGN"]]
42["p",["r2",[{"type":"o","oddsid":199373824,"odds1a":0.89,"odds2a":0.93}],"2NNLs"]]
42["p",["r2",[{"type":"o","oddsid":199459573,"odds1a":0.52,"odds2a":-0.68},
{"type":"o","oddsid":199373822,"comx":3.6}],"2NO2B"]]
42["p",["r2",[{"type":"o","oddsid":199373824,"odds1a":0.91,"odds2a":0.91}],"2NOCE"]]
42["p",["r2",[{"type":"o","oddsid":199373822,"com1":1.31}],"2NOCL"]]
3
42["p",["r2",[{"type":"o","oddsid":199459574,"odds1a":-0.81,"odds2a":0.63}],"2NOHW"]]
42["p",["r2",[{"type":"o","oddsid":199373824,"odds1a":0.99,"odds2a":0.83},
{"type":"o","oddsid":199373822,"com1":1.32}],"2NORa"]]
42["p",["r2",[{"type":"o","oddsid":199373822,"com1":1.31,"com2":13}],"2NOVF"]]
42["p",["r2",[{"type":"o","oddsid":199373824,"odds1a":-0.99,"odds2a":0.81}],"2NOdV"]]
42["p",["r2",[{"type":"o","oddsid":199459574,"odds1a":-0.78,"odds2a":0.6}],"2NOow"]]
42["p",["r2",[{"type":"o","oddsid":199459574,"odds1a":-0.74,"odds2a":0.56},
{"type":"o","oddsid":199373822,"com2":14},
{"type":"o","oddsid":199373824,"odds1a":-0.95,"odds2a":0.77}],"2NOvw"]]
3
42["p",["r2",[{"type":"o","oddsid":199459574,"odds1a":-0.68,"odds2a":0.5}],"2NP13"]]
42["p",["r2",[{"type":"o","oddsid":199373822,"com2":13},
{"type":"o","oddsid":199373824,"odds1a":-1,"odds2a":0.82},
{"type":"o","oddsid":199459573,"odds1a":0.51,"odds2a":-0.67}],"2NPAK"]]
42["p",["r2",[{"type":"o","oddsid":199373822,"com1":1.3,"comx":3.65}],"2NPDq"]]
42["p",["r2",[{"type":"o","oddsid":199373822,"com1":1.3,"com2":14},
{"type":"o","oddsid":199373824,"odds1a":-0.98,"odds2a":0.8}],"2NPXW"]]
42["p",["r2",[{"type":"o","oddsid":199373822,"com1":1.31,"com2":13},
{"type":"o","oddsid":199373824,"odds1a":-0.92,"odds2a":0.74}],"2NPfU"]]
42["p",["r2",[{"type":"o","oddsid":199373822,"com1":1.3,"com2":14}],"2NPix"]]
42["p",["r2",[{"type":"o","oddsid":199373824,"odds1a":-0.95,"odds2a":0.77}],"2NPom"]]
3
42["p",["r2",[{"type":"o","oddsid":199459574,"odds1a":-0.66,"odds2a":0.48},
{"type":"o","oddsid":199373824,"odds1a":-0.98,"odds2a":0.8}],"2NPwg"]]
42["p",["r2",[{"type":"o","oddsid":199373822,"oddsstatus":"suspend","comx":3.5,"com2":15},
{"type":"o","oddsid":199373824,"odds1a":0.98,"odds2a":0.84}],"2NQ2H"]]
42["p",["r2",[{"type":"o","oddsid":199373824,"odds1a":0.94,"odds2a":0.88}],"2NQCL"]]
42["p",["r2",[{"type":"o","oddsid":199373822,"com2":14,"oddsstatus":"running"}],"2NQLf"]]
42["p",["r2",[{"type":"o","oddsid":199373822,"com1":1.29,"comx":3.55,"com2":15},
{"type":"o","oddsid":199459573,"odds1a":0.49,"odds2a":-0.65}],"2NQLv"]]
3
42["p",["r2",[{"type":"o","oddsid":199459574,"odds1a":-0.64,"odds2a":0.46}],"2NQi8"]]
42["p",["r2",[{"type":"o","oddsid":199373822,"comx":3.6},
{"type":"o","oddsid":199373824,"odds1a":0.96,"odds2a":0.86}],"2NQoY"]]
42["p",["r2",[{"type":"o","oddsid":199373822,"oddsstatus":"suspend","com1":1.3,"comx":3.5}],"2NQt3"]]
42["p",["r2",[{"type":"o","oddsid":199459573,"odds1a":0.48,"odds2a":-0.64},
{"type":"o","oddsid":199373822,"oddsstatus":"running","comx":3.55}],"2NQvC"]]
3
42["p",["r2",[{"type":"o","oddsid":199459574,"odds1a":-0.62,"odds2a":0.44}],"2NR7F"]]
42["p",["r2",[{"type":"o","oddsid":199373822,"oddsstatus":"suspend","com1":1.29},
{"type":"o","oddsid":199373824,"odds1a":0.98,"odds2a":0.84}],"2NRK5"]]
3
42["p",["r2",[{"type":"o","oddsid":199459573,"odds1a":0.47,"odds2a":-0.63},
{"type":"o","oddsid":199373822,"comx":3.6,"com2":16,"oddsstatus":"running"}],"2NRVN"]]
42["t",1559104517794]
42["p",["r2",[{"type":"o","oddsid":199373824,"odds1a":1,"odds2a":0.82}],"2NRYy"]]
42["p",["r2",[{"type":"o","oddsid":199373824,"odds1a":0.98,"odds2a":0.84}],"2NRe3"]]
42["p",["r2",[{"type":"o","oddsid":199373824,"odds1a":1,"odds2a":0.82}],"2NRfX"]]
42["p",["r2",[{"type":"o","oddsid":199373824,"odds1a":-0.94,"odds2a":0.76},
{"type":"o","oddsid":199459574,"odds1a":-0.59,"odds2a":0.41},
{"type":"o","oddsid":199373822,"com1":1.28,"com2":17}],"2NRvP"]]
42["p",["r2",[{"type":"o","oddsid":199373824,"odds1a":-0.96,"odds2a":0.78}],"2NS5D"]]
42["p",["r2",[{"type":"o","oddsid":199373822,"com1":1.29,"com2":16}],"2NS5I"]]
3
42["p",["r2",[{"type":"o","oddsid":199373822,"com1":1.28,"com2":17},
{"type":"o","oddsid":199373824,"odds1a":-0.94,"odds2a":0.76}],"2NS9c"]]
42["p",["r2",[{"type":"o","oddsid":199373824,"odds1a":-0.84,"odds2a":0.66}],"2NSVI"]]
42["p",["r2",[{"type":"o","oddsid":199373822,"comx":3.65,"com2":18}],"2NSZ3"]]
42["p",["r2",[{"type":"o","oddsid":199459574,"odds1a":-0.51,"odds2a":0.33},
{"type":"o","oddsid":199373822,"com1":1.27},
{"type":"o","oddsid":199459573,"odds1a":0.46,"odds2a":-0.62}],"2NSjs"]]
42["p",["r2",[{"type":"o","oddsid":199373824,"odds1a":-0.86,"odds2a":0.68}],"2NSo1"]]
42["p",["r2",[{"type":"o","oddsid":199373822,"comx":3.7,"com2":19},
{"type":"o","oddsid":199373824,"odds1a":-0.78,"odds2a":0.6}],"2NT3v"]]
3
42["p",["r2",[{"type":"o","oddsid":199373822,"com1":1.26},
{"type":"o","oddsid":199373824,"odds1a":-0.74,"odds2a":0.56}],"2NT9Q"]]
42["p",["r2",[{"type":"o","oddsid":199373822,"oddsstatus":"running","com1":1.24,"comx":3.8,"com2":20}],"2NTL1"]]
42["p",["r2",[{"type":"o","oddsid":199459574,"odds1a":-0.49,"odds2a":0.31}],"2NTZ8"]]
42["p",["r2",[{"type":"o","oddsid":199373824,"odds1a":-0.76,"odds2a":0.58}],"2NTZs"]]
3
42["p",["r2",[{"type":"o","oddsid":199459573,"odds1a":0.45,"odds2a":-0.61}],"2NTpX"]]
42["p",["r2",[{"type":"o","oddsid":199459573,"odds1a":0.43,"odds2a":-0.59}],"2NU1Z"]]
42["p",["r2",[{"type":"o","oddsid":199373822,"com1":1.23,"comx":3.9,"com2":21}],"2NU5l"]]
42["p",["r2",[{"type":"o","oddsid":199373824,"odds1a":-0.78,"odds2a":0.6}],"2NUEf"]]
42["p",["r2",[{"type":"o","oddsid":199373826,"odds1a":-0.73,"odds2a":0.57},
{"type":"o","oddsid":199373824,"odds1a":-0.67,"odds2a":0.49},
{"type":"o","oddsid":199373822,"com1":1.22,"comx":3.95,"com2":23}],"2NUKg"]]
42["p",["r2",[{"type":"o","oddsid":199373824,"odds1a":-0.63,"odds2a":0.45},
{"type":"o","oddsid":199373822,"com2":24}],"2NUOe"]]
42["p",["r2",[{"type":"o","oddsid":199459574,"odds1a":-0.47,"odds2a":0.29}],"2NUUO"]]
3
42["p",["r2",[{"type":"o","oddsid":199373822,"comx":3.9,"com2":23}],"2NUds"]]
42["p",["r2",[{"type":"o","oddsid":199373822,"com2":22},
{"type":"o","oddsid":199373824,"odds1a":-0.65,"odds2a":0.47}],"2NUjl"]]
42["p",["r2",[{"type":"o","oddsid":199373822,"comx":3.8,"com2":27}],"2NUoU"]]
42["p",["r2",[{"type":"o","oddsid":199373822,"com2":28},
{"type":"o","oddsid":199373824,"odds1a":-0.61,"odds2a":0.43}],"2NUqc"]]
42["p",["r2",[{"type":"o","oddsid":199373822,"comx":3.85,"com2":25}],"2NV15"]]
42["p",["r2",[{"type":"o","oddsid":199459573,"odds1a":0.42,"odds2a":-0.58},
{"type":"o","oddsid":199373822,"com1":1.21,"comx":3.9}],"2NV5S"]]
42["p",["r2",[{"type":"o","oddsid":199459573,"odds1a":0.4,"odds2a":-0.56},
{"type":"o","oddsid":199373822,"com1":1.2,"comx":4,"com2":27}],"2NVCZ"]]
42["p",["r2",[{"type":"o","oddsid":199373824,"odds1a":-0.63,"odds2a":0.45},
{"type":"o","oddsid":199373822,"com2":26}],"2NVH3"]]
3
42["p",["r2",[{"type":"o","oddsid":199459574,"odds1a":-0.45,"odds2a":0.27}],"2NVhl"]]
42["p",["r2",[{"type":"o","oddsid":199373824,"odds1a":-0.59,"odds2a":0.41}],"2NVmW"]]
42["p",["r2",[{"type":"o","oddsid":199373822,"com2":27},
{"type":"o","oddsid":199459574,"odds1a":-0.39,"odds2a":0.21}],"2NVuZ"]]
42["p",["r2",[{"type":"o","oddsid":199373824,"odds1a":-0.55,"odds2a":0.37},
{"type":"o","oddsid":199373822,"comx":4.05,"com2":28}],"2NWBD"]]
42["p",["r2",[{"type":"o","oddsid":199459574,"odds1a":-0.35,"odds2a":0.17},
{"type":"o","oddsid":199373822,"com1":1.19,"comx":4.1,"com2":29},
{"type":"o","oddsid":199459573,"odds1a":0.37,"odds2a":-0.53}],"2NWIP"]]
3
42["p",["r2",[{"type":"o","oddsid":199373822,"com1":1.17,"comx":4.3,"com2":34},
{"type":"o","oddsid":199373824,"odds1a":-0.45,"odds2a":0.27}],"2NWIa"]]
42["p",["r2",[{"type":"o","oddsid":199373822,"oddsstatus":"suspend","com1":1.19,"comx":4,"com2":35}],"2NWPD"]]
42["p",["r2",[{"type":"o","oddsid":199373822,"oddsstatus":"running"}],"2NWQF"]]
42["p",["r2",[{"type":"o","oddsid":199373824,"odds1a":-0.47,"odds2a":0.29},
{"type":"o","oddsid":199373822,"comx":3.95,"com2":34}],"2NWdh"]]
42["p",["r2",[{"type":"m","matchid":30587114,"mc":7}],"2NWk3"]]
3
42["p",["r2",[{"type":"o","oddsid":199459574,"odds1a":-0.33,"odds2a":0.15}],"2NWtR"]]
42["p",["r2",[{"type":"o","oddsid":199459573,"odds1a":0.36,"odds2a":-0.52},
{"type":"o","oddsid":199373822,"comx":4,"com2":35}],"2NWtw"]]
42["p",["r2",[{"type":"m","matchid":30587114,"mc":8}],"2NX22"]]
42["p",["r2",[{"type":"o","oddsid":199373826,"odds1a":-0.75,"odds2a":0.59}],"2NX4o"]]
42["p",["r2",[{"type":"o","oddsid":199373824,"odds1a":-0.49,"odds2a":0.31}],"2NXK4"]]
3
42["p",["r2",[{"type":"o","oddsid":199373824,"odds1a":-0.51,"odds2a":0.33},
{"type":"o","oddsid":199373822,"com2":34}],"2NXau"]]
42["p",["r2",[{"type":"o","oddsid":199459574,"odds1a":-0.31,"odds2a":0.13},
{"type":"o","oddsid":199373822,"com1":1.18,"comx":4.1,"com2":39},
{"type":"o","oddsid":199373824,"odds1a":-0.4,"odds2a":0.22},
{"type":"o","oddsid":199459573,"odds1a":0.35,"odds2a":-0.51},
{"type":"m","matchid":30587114,"mc":0,"mc_special":3}],"2NXjU"]]
42["p",["r2",[{"type":"o","oddsid":199373822,"comx":4.15,"com2":40}],"2NXkF"]]
42["p",["r2",[{"type":"o","oddsid":199373826,"maxbet":520},
{"type":"o","oddsid":199459573,"maxbet":462},
{"type":"o","oddsid":199459574,"maxbet":462},
{"type":"o","oddsid":199373824,"maxbet":520,"odds1a":-0.42,"odds2a":0.24}],"2NXpg"]]
42["p",["r2",[{"type":"o","oddsid":199373824,"odds1a":-0.38,"odds2a":0.2},
{"type":"o","oddsid":199373822,"com1":1.17,"comx":4.2,"com2":41}],"2NXvL"]]
42["p",["r2",[{"type":"o","oddsid":199373824,"odds1a":-0.4,"odds2a":0.22},
{"type":"o","oddsid":199373822,"com1":1.18,"comx":4.15,"com2":40},
{"type":"o","oddsid":199459574,"odds1a":-0.29,"odds2a":0.11}],"2NY45"]]
42["p",["r2",[{"type":"o","oddsid":199373822,"maxbet":418}],"2NYBi"]]
42["p",["r2",[{"type":"o","oddsid":199373822,"com1":1.14,"comx":4.6,"com2":49},
{"type":"o","oddsid":199459573,"odds1a":0.27,"odds2a":-0.43}],"2NYMF"]]
42["p",["r2",[{"type":"o","oddsid":199373822,"com1":1.13,"comx":4.75,"com2":52},
{"type":"o","oddsid":199373824,"odds1a":-0.42,"odds2a":0.24}],"2NYUV"]]
3
42["p",["r2",[{"type":"o","oddsid":199373824,"odds1a":-0.44,"odds2a":0.26},
{"type":"o","oddsid":199373822,"comx":4.7,"com2":50}],"2NYjx"]]
42["p",["r2",[{"type":"o","oddsid":199373826,"odds1a":-0.73,"odds2a":0.57}],"2NZ1c"]]
42["p",["r2",[{"type":"o","oddsid":199373822,"oddsstatus":"running","com1":1.14,"comx":4.45,"com2":55}],"2NZ9n"]]
42["p",["r2",[{"type":"o","oddsid":199459573,"odds1a":0.25,"odds2a":-0.41}],"2NZE1"]]
42["p",["r2",[{"type":"o","oddsid":199373822,"com1":1.13,"comx":4.65,"com2":60}],"2NZJS"]]
42["p",["r2",[{"type":"o","oddsid":199459574,"odds1a":-0.27,"odds2a":0.09}],"2NZXN"]]
42["p",["r2",[{"type":"o","oddsid":199373824,"odds1a":-0.46,"odds2a":0.28},
{"type":"o","oddsid":199373822,"comx":4.6,"com2":59}],"2NZby"]]
3
42["p",["r2",[{"type":"o","oddsid":199373824,"odds1a":-0.46,"odds2a":0.28},
{"type":"o","oddsid":199373822,"com1":1.14,"comx":4.55,"com2":57}],"2NZpC"]]
42["p",["r2",[{"type":"o","oddsid":199373822,"com1":1.13,"comx":4.65,"com2":60},
{"type":"o","oddsid":199373824,"odds1a":-0.44,"odds2a":0.26}],"2NZuD"]]
42["p",["r2",[{"type":"o","oddsid":199459573,"odds1a":0.23,"odds2a":-0.39},
{"type":"o","oddsid":199373822,"oddsstatus":"suspend","com1":1.12,"comx":4.85,"com2":66},
{"type":"o","oddsid":199373824,"odds1a":-0.46,"odds2a":0.28}],"2Na0y"]]
42["p",["r2",[{"type":"o","oddsid":199373822,"oddsstatus":"suspend"},
{"type":"o","oddsid":199373824,"odds1a":-0.35,"odds2a":0.17}],"2NaCX"]]
42["p",["r2",[{"type":"o","oddsid":199373822,"oddsstatus":"running"}],"2NaKf"]]
3
42["p",["r2",[{"type":"o","oddsid":199373824,"odds1a":-0.37,"odds2a":0.19}],"2NaOd"]]
42["p",["r2",[{"type":"o","oddsid":199459574,"odds1a":-0.25,"odds2a":0.07}],"2NaPH"]]
42["p",["r2",[{"type":"o","oddsid":199373824,"odds1a":-0.39,"odds2a":0.21}],"2Naf9"]]
42["p",["r2",[{"type":"o","oddsid":199373824,"odds1a":-0.41,"odds2a":0.23}],"2Nags"]]
42["p",["r2",[{"type":"o","oddsid":199373826,"odds1a":-0.75,"odds2a":0.59},
{"type":"o","oddsid":199459573,"odds1a":0.22,"odds2a":-0.38}],"2NavX"]]
42["p",["r2",[{"type":"o","oddsid":199373824,"odds1a":-0.43,"odds2a":0.25}],"2Nb11"]]
42["p",["r2",[{"type":"o","oddsid":199373826,"odds1a":-0.77,"odds2a":0.61}],"2Nb4d"]]
3
42["p",["r2",[{"type":"o","oddsid":199459573,"odds1a":0.18,"odds2a":-0.34}],"2NbAs"]]
42["p",["r2",[{"type":"o","oddsid":199373824,"odds1a":-0.37,"odds2a":0.19}],"2NbIl"]]
42["p",["r2",[{"type":"o","oddsid":199459574,"odds1a":-0.23,"odds2a":0.05}],"2NbNI"]]
42["p",["r2",[{"type":"o","oddsid":199459574,"odds1a":-0.25,"odds2a":0.07}],"2NbXl"]]
42["p",["r2",[{"type":"o","oddsid":199373824,"odds1a":-0.39,"odds2a":0.21}],"2NbdK"]]
42["p",["r2",[{"type":"o","oddsid":199459573,"odds1a":0.16,"odds2a":-0.32}],"2Nbgx"]]
3
42["p",["r2",[{"type":"o","oddsid":199373826,"odds1a":-0.79,"odds2a":0.63}],"2Nbpn"]]
42["p",["r2",[{"type":"o","oddsid":199373824,"odds1a":-0.41,"odds2a":0.23},
{"type":"o","oddsid":199459573,"odds1a":0.14,"odds2a":-0.3}],"2Nbtj"]]
42["p",["r2",[{"type":"o","oddsid":199373822,"oddsstatus":"suspend","com1":1.1,"comx":4.95,"com2":103}],"2NcZb"]]
42["p",["r2",[{"type":"o","oddsid":199373822,"oddsstatus":"running"}],"2NceT"]]
42["p",["r2",[{"type":"o","oddsid":199459574,"odds1a":-0.23,"odds2a":0.05},
{"type":"o","oddsid":199373824,"odds1a":-0.43,"odds2a":0.25}],"2Ncm3"]]
3
42["p",["r2",[{"type":"o","oddsid":199373822,"oddsstatus":"suspend"}],"2Ncwc"]]
42["p",["r2",[{"type":"o","oddsid":199459573,"odds1a":0.13,"odds2a":-0.29},
{"type":"o","oddsid":199373822,"oddsstatus":"running"}],"2NczX"]]
3
42["p",["r2",[{"type":"o","oddsid":199373824,"odds1a":-0.41,"odds2a":0.23}],"2Nd7O"]]
42["p",["r2",[{"type":"o","oddsid":199459574,"odds1a":-0.21,"odds2a":0.03}],"2NdEw"]]
42["p",["r2",[{"type":"o","oddsid":199373822,"oddsstatus":"suspend"}],"2NdFP"]]
42["p",["r2",[{"type":"o","oddsid":199373824,"odds1a":-0.39,"odds2a":0.21}],"2NdeY"]]
42["p",["r2",[{"type":"o","oddsid":199459574,"odds1a":-0.23,"odds2a":0.05}],"2NdiF"]]
42["p",["r2",[{"type":"o","oddsid":199373822,"oddsstatus":"running"}],"2NdiZ"]]
42["p",["r2",[{"type":"o","oddsid":199459573,"odds1a":0.12,"odds2a":-0.28}],"2Ndsw"]]
3
42["p",["r2",[{"type":"o","oddsid":199373822,"oddsstatus":"suspend"}],"2Ne1P"]]
42["p",["r2",[{"type":"o","oddsid":199373826,"odds1a":-0.81,"odds2a":0.65}],"2Ne6i"]]
42["p",["r2",[{"type":"o","oddsid":199373822,"oddsstatus":"running"}],"2NeDD"]]
42["p",["r2",[{"type":"o","oddsid":199373824,"odds1a":-0.37,"odds2a":0.19}],"2NeIV"]]
42["p",["r2",[{"type":"o","oddsid":199459574,"odds1a":-0.21,"odds2a":0.03}],"2NeIe"]]
42["p",["r2",[{"type":"o","oddsid":199373822,"oddsstatus":"running","comx":4.9,"com2":150}],"2NeV5"]]
3
42["p",["r2",[{"type":"o","oddsid":199459573,"odds1a":0.11,"odds2a":-0.27}],"2Neg9"]]
42["p",["r2",[{"type":"o","oddsid":199459574,"oddsstatus":"closed","odds1a":0,"odds2a":0},
{"type":"do","id":199459574,"oddsid":199459574}],"2NeuD"]]
42["p",["r2",[{"type":"o","oddsid":199373824,"odds1a":-0.35,"odds2a":0.17}],"2Ney9"]]
42["p",["r2",[{"type":"o","oddsid":199373824,"odds1a":-0.31,"odds2a":0.13}],"2Nf71"]]
3
42["p",["r2",[{"oddsid":199459574,"matchid":30587114,"more_main_tab":1,"type":"o","bettype":3,"parenttypeid":3,"oddsstatus":"running","liveindicator":1,"hdp1":7.75,"hdp2":0,"enable":0,"pdisplaymode":3,"combo":3,"profitadjust":8,"cs30":0,"oddsspreada":0.18,"maxbet":462,"ocategory":0,"exspread":0,"odds1a":-0.24,"odds2a":0.06}],"2NfTA"]]
42["p",["r2",[{"type":"o","oddsid":199459573,"odds1a":0.08,"odds2a":-0.24},
{"type":"o","oddsid":199373822,"oddsstatus":"suspend","com1":1.09,"comx":5.1}],"2NfcB"]]
42["p",["r2",[{"type":"o","oddsid":199373822,"oddsstatus":"running"}],"2Nfhm"]]
3
42["p",["r2",[{"type":"o","oddsid":199373824,"odds1a":-0.33,"odds2a":0.15},
{"type":"o","oddsid":199373822,"oddsstatus":"suspend","com1":1.08,"comx":5.3}],"2Nfpu"]]
42["p",["r2",[{"type":"o","oddsid":199373822,"oddsstatus":"running"}],"2NftP"]]
42["p",["r2",[{"type":"o","oddsid":199373822,"oddsstatus":"suspend"}],"2Ng29"]]
42["p",["r2",[{"type":"o","oddsid":199373822,"com1":1.07,"comx":5.6}],"2Ng5y"]]
42["p",["r2",[{"type":"o","oddsid":199373822,"oddsstatus":"running"}],"2Ng9R"]]
42["p",["r2",[{"type":"o","oddsid":199373822,"oddsstatus":"closed","com1":0,"comx":0,"com2":0},
{"type":"do","id":199373822,"oddsid":199373822},
{"type":"m","matchid":30587114,"mc_special":2}],"2NgJE"]]
3
42["p",["r2",[{"type":"o","oddsid":199459573,"odds1a":0.07,"odds2a":-0.23}],"2Nh1W"]]
42["p",["r2",[{"type":"o","oddsid":199373824,"odds1a":-0.31,"odds2a":0.13}],"2NhwS"]]
42["p",["r2",[{"type":"o","oddsid":199373824,"oddsstatus":"closed"},
{"type":"o","oddsid":199459574,"oddsstatus":"closed"},
{"type":"o","oddsid":199459573,"oddsstatus":"closed"},
{"type":"o","oddsid":199373826,"oddsstatus":"closed"},
{"type":"do","id":199373824,"oddsid":199373824},
{"type":"do","id":199459574,"oddsid":199459574},
{"type":"do","id":199459573,"oddsid":199459573},
{"type":"dm","id":30587114,"matchid":30587114},
{"type":"do","id":199373826,"oddsid":199373826}],"2NiSM"]]
3
3
3
42["t",1559105117851]
3
3
3
3
3
3
3
3
3
3
3
3
3
3
3
3
3
3
3
3
3
3
3
42["t",1559105717802]
3
3
3
3
3
3
3
3
3
3
3
3
3
3
3
3
3
3
3
3
3
3
3
42["t",1559106317790]
3
3
3
3
3
3
3
3
3
3
3
3
3
3
3
3
3
3
3
3
3
3
3
42["t",1559106917799]
3
3
3
3
3
3
3
3
3
3
3
3
3
3
3
3
3
3
3
3
3
3
3
42["t",1559107517788]
3
3
3
3
3
3
3
3
3
3
3
3
3
3
3
3
3
3
3
3
3
3
3
42["t",1559108117799]
3
3
3
3
3
3
3
3
3
3
3
3
3
3
3
3
3
3
3
3
3
3
3
42["t",1559108717793]
3
3
3
3
3
3
3
3
3
3
3
3
3
3
3
3
3
3
3
3
3
3
3
42["t",1559109317838]
3
3
3
3
3
3
3
3
3
3
3
3
3
3
3
3
3
3
3
3
3
3
3
